2022-09-19 21:05:35,123 [Worker-2: Loading available Gradle versions] INFO  o.e.b.c.i.u.g.PublishedGradleVersions - Gradle version information cache is up-to-date. Trying to read.
2022-09-22 21:50:24,836 [Worker-27: Loading available Gradle versions] INFO  o.e.b.c.i.u.g.PublishedGradleVersions - Gradle version information cache is out-of-date. Trying to update.
2022-09-22 21:50:49,578 [Worker-1: Loading available Gradle versions] INFO  o.e.b.c.i.u.g.PublishedGradleVersions - Gradle version information cache is up-to-date. Trying to read.
2022-09-23 09:30:18,250 [Worker-7: Loading available Gradle versions] INFO  o.e.b.c.i.u.g.PublishedGradleVersions - Gradle version information cache is up-to-date. Trying to read.
2022-09-23 11:47:30,831 [Worker-7: Loading available Gradle versions] INFO  o.e.b.c.i.u.g.PublishedGradleVersions - Gradle version information cache is up-to-date. Trying to read.
2022-09-23 12:23:14,402 [Worker-4: Loading available Gradle versions] INFO  o.e.b.c.i.u.g.PublishedGradleVersions - Gradle version information cache is up-to-date. Trying to read.
2022-09-23 14:24:11,248 [Worker-1: Loading available Gradle versions] INFO  o.e.b.c.i.u.g.PublishedGradleVersions - Gradle version information cache is up-to-date. Trying to read.
2022-09-26 13:13:45,866 [Worker-1: Loading available Gradle versions] INFO  o.e.b.c.i.u.g.PublishedGradleVersions - Gradle version information cache is out-of-date. Trying to update.
2022-09-26 13:19:57,965 [Worker-6: Loading available Gradle versions] INFO  o.e.b.c.i.u.g.PublishedGradleVersions - Gradle version information cache is up-to-date. Trying to read.
2022-09-26 13:44:17,517 [Worker-1: Loading available Gradle versions] INFO  o.e.b.c.i.u.g.PublishedGradleVersions - Gradle version information cache is up-to-date. Trying to read.
2022-09-26 13:58:03,355 [Worker-2: Loading available Gradle versions] INFO  o.e.b.c.i.u.g.PublishedGradleVersions - Gradle version information cache is up-to-date. Trying to read.
2022-09-30 12:07:50,119 [Worker-9: Loading available Gradle versions] INFO  o.e.b.c.i.u.g.PublishedGradleVersions - Gradle version information cache is out-of-date. Trying to update.
2022-09-30 12:11:33,523 [Worker-2: Loading available Gradle versions] INFO  o.e.b.c.i.u.g.PublishedGradleVersions - Gradle version information cache is up-to-date. Trying to read.
2022-09-30 12:28:04,402 [Worker-7: Loading available Gradle versions] INFO  o.e.b.c.i.u.g.PublishedGradleVersions - Gradle version information cache is up-to-date. Trying to read.
2022-09-30 12:31:05,939 [Worker-7: Loading available Gradle versions] INFO  o.e.b.c.i.u.g.PublishedGradleVersions - Gradle version information cache is up-to-date. Trying to read.
2022-10-03 12:52:46,702 [Worker-1: Loading available Gradle versions] INFO  o.e.b.c.i.u.g.PublishedGradleVersions - Gradle version information cache is out-of-date. Trying to update.
2022-10-07 12:16:40,588 [Worker-1: Loading available Gradle versions] INFO  o.e.b.c.i.u.g.PublishedGradleVersions - Gradle version information cache is out-of-date. Trying to update.
2022-10-07 12:18:00,078 [Worker-6: Loading available Gradle versions] INFO  o.e.b.c.i.u.g.PublishedGradleVersions - Gradle version information cache is up-to-date. Trying to read.
2022-10-07 12:20:32,017 [Worker-2: Loading available Gradle versions] INFO  o.e.b.c.i.u.g.PublishedGradleVersions - Gradle version information cache is up-to-date. Trying to read.
2022-10-07 12:37:38,573 [Worker-6: Loading available Gradle versions] INFO  o.e.b.c.i.u.g.PublishedGradleVersions - Gradle version information cache is up-to-date. Trying to read.
2022-10-07 12:38:23,886 [Worker-2: Loading available Gradle versions] INFO  o.e.b.c.i.u.g.PublishedGradleVersions - Gradle version information cache is up-to-date. Trying to read.
2022-10-07 13:01:01,742 [Worker-2: Loading available Gradle versions] INFO  o.e.b.c.i.u.g.PublishedGradleVersions - Gradle version information cache is up-to-date. Trying to read.
2023-01-30 13:25:45,952 [Worker-2: Loading available Gradle versions] INFO  o.e.b.c.i.u.g.PublishedGradleVersions - Gradle version information cache is out-of-date. Trying to update.
2023-01-30 13:26:17,208 [ModalContext] INFO  o.e.m.c.i.e.AbstractTransferListenerAdapter - Downloading https://repo.maven.apache.org/maven2/am/ik/archetype/graalvm-springwebflux-blank-archetype/0.1.0/graalvm-springwebflux-blank-archetype-0.1.0.pom
2023-01-30 13:26:17,228 [ModalContext] INFO  o.e.m.c.i.e.AbstractTransferListenerAdapter - Downloaded https://repo.maven.apache.org/maven2/am/ik/archetype/graalvm-springwebflux-blank-archetype/0.1.0/graalvm-springwebflux-blank-archetype-0.1.0.pom
2023-01-30 13:26:17,264 [ModalContext] INFO  o.e.m.c.i.e.AbstractTransferListenerAdapter - Downloading https://repo.maven.apache.org/maven2/am/ik/archetype/graalvm-springwebflux-blank-archetype/0.1.0/graalvm-springwebflux-blank-archetype-0.1.0.jar
2023-01-30 13:26:17,289 [ModalContext] INFO  o.e.m.c.i.e.AbstractTransferListenerAdapter - Downloaded https://repo.maven.apache.org/maven2/am/ik/archetype/graalvm-springwebflux-blank-archetype/0.1.0/graalvm-springwebflux-blank-archetype-0.1.0.jar
2023-01-30 13:27:38,116 [ModalContext] INFO  o.e.m.c.i.e.AbstractTransferListenerAdapter - Downloading https://repo.maven.apache.org/maven2/com/strategicgains/archetype/restexpress-mongodb/1.18/restexpress-mongodb-1.18.pom
2023-01-30 13:27:38,140 [ModalContext] INFO  o.e.m.c.i.e.AbstractTransferListenerAdapter - Downloaded https://repo.maven.apache.org/maven2/com/strategicgains/archetype/restexpress-mongodb/1.18/restexpress-mongodb-1.18.pom
2023-01-30 13:27:38,161 [ModalContext] INFO  o.e.m.c.i.e.AbstractTransferListenerAdapter - Downloading https://repo.maven.apache.org/maven2/com/strategicgains/archetype/restexpress-archetype/1.18/restexpress-archetype-1.18.pom
2023-01-30 13:27:38,175 [ModalContext] INFO  o.e.m.c.i.e.AbstractTransferListenerAdapter - Downloaded https://repo.maven.apache.org/maven2/com/strategicgains/archetype/restexpress-archetype/1.18/restexpress-archetype-1.18.pom
2023-01-30 13:27:38,196 [ModalContext] INFO  o.e.m.c.i.e.AbstractTransferListenerAdapter - Downloading https://repo.maven.apache.org/maven2/com/strategicgains/archetype/restexpress-mongodb/1.18/restexpress-mongodb-1.18.jar
2023-01-30 13:27:38,209 [ModalContext] INFO  o.e.m.c.i.e.AbstractTransferListenerAdapter - Downloaded https://repo.maven.apache.org/maven2/com/strategicgains/archetype/restexpress-mongodb/1.18/restexpress-mongodb-1.18.jar
2023-01-30 13:27:50,189 [Worker-25: Launching mavenrun-96c968cf-45be-4622-98ce-0245f5edfc82] INFO  o.e.m.i.launch.MavenLaunchDelegate - /home/usuario/Desktop/git/pendriveGIT/backupPenDrive/EclipseWorkSpace
2023-01-30 13:27:50,190 [Worker-25: Launching mavenrun-96c968cf-45be-4622-98ce-0245f5edfc82] INFO  o.e.m.i.launch.MavenLaunchDelegate -  mvn -DarchetypeVersion=1.18 -Dpackage=david.david -DarchetypeGroupId=com.strategicgains.archetype -DarchetypeArtifactId=restexpress-mongodb -DgroupId=david -DartifactId=david -DoutputDirectory=/home/usuario/Desktop/git/pendriveGIT/backupPenDrive/EclipseWorkSpace -Dversion=0.0.1-SNAPSHOT -Dstyle.color=always -U archetype:generate
2023-01-30 13:28:41,931 [Worker-6: Creating restexpress-mongodb] INFO  o.e.m.c.i.p.ProjectConfigurationManager - Collecting project info '/pom.xml' /home/usuario/Desktop/git/pendriveGIT/backupPenDrive/EclipseWorkSpace/david/pom.xml
2023-01-30 13:28:42,107 [Worker-6: Creating restexpress-mongodb] INFO  o.e.m.c.i.e.AbstractTransferListenerAdapter - Downloading https://repo.maven.apache.org/maven2/org/apache/maven/plugins/maven-compiler-plugin/3.0/maven-compiler-plugin-3.0.jar
2023-01-30 13:28:42,131 [Worker-6: Creating restexpress-mongodb] INFO  o.e.m.c.i.e.AbstractTransferListenerAdapter - Downloaded https://repo.maven.apache.org/maven2/org/apache/maven/plugins/maven-compiler-plugin/3.0/maven-compiler-plugin-3.0.jar
2023-01-30 13:28:42,156 [Worker-6: Creating restexpress-mongodb] INFO  o.e.m.c.i.e.AbstractTransferListenerAdapter - Downloading https://repo.maven.apache.org/maven2/org/apache/maven/plugins/maven-shade-plugin/2.4.1/maven-shade-plugin-2.4.1.jar
2023-01-30 13:28:42,179 [Worker-6: Creating restexpress-mongodb] INFO  o.e.m.c.i.e.AbstractTransferListenerAdapter - Downloaded https://repo.maven.apache.org/maven2/org/apache/maven/plugins/maven-shade-plugin/2.4.1/maven-shade-plugin-2.4.1.jar
2023-01-30 13:28:42,235 [Worker-6: Creating restexpress-mongodb] INFO  o.e.m.c.i.e.AbstractTransferListenerAdapter - Downloading https://repo.maven.apache.org/maven2/org/apache/maven/plugins/maven-compiler-plugin/3.0/maven-compiler-plugin-3.0.pom
2023-01-30 13:28:42,247 [Worker-6: Creating restexpress-mongodb] INFO  o.e.m.c.i.e.AbstractTransferListenerAdapter - Downloaded https://repo.maven.apache.org/maven2/org/apache/maven/plugins/maven-compiler-plugin/3.0/maven-compiler-plugin-3.0.pom
2023-01-30 13:28:42,376 [Worker-6: Creating restexpress-mongodb] INFO  o.e.m.c.i.e.AbstractTransferListenerAdapter - Downloading https://repo.maven.apache.org/maven2/org/apache/maven/shared/maven-shared-incremental/1.0/maven-shared-incremental-1.0.pom
2023-01-30 13:28:42,388 [Worker-6: Creating restexpress-mongodb] INFO  o.e.m.c.i.e.AbstractTransferListenerAdapter - Downloaded https://repo.maven.apache.org/maven2/org/apache/maven/shared/maven-shared-incremental/1.0/maven-shared-incremental-1.0.pom
2023-01-30 13:28:42,453 [Worker-6: Creating restexpress-mongodb] INFO  o.e.m.c.i.e.AbstractTransferListenerAdapter - Downloading https://repo.maven.apache.org/maven2/org/codehaus/plexus/plexus-compiler-api/2.0/plexus-compiler-api-2.0.pom
2023-01-30 13:28:42,465 [Worker-6: Creating restexpress-mongodb] INFO  o.e.m.c.i.e.AbstractTransferListenerAdapter - Downloaded https://repo.maven.apache.org/maven2/org/codehaus/plexus/plexus-compiler-api/2.0/plexus-compiler-api-2.0.pom
2023-01-30 13:28:42,502 [Worker-6: Creating restexpress-mongodb] INFO  o.e.m.c.i.e.AbstractTransferListenerAdapter - Downloading https://repo.maven.apache.org/maven2/org/codehaus/plexus/plexus-compiler/2.0/plexus-compiler-2.0.pom
2023-01-30 13:28:42,514 [Worker-6: Creating restexpress-mongodb] INFO  o.e.m.c.i.e.AbstractTransferListenerAdapter - Downloaded https://repo.maven.apache.org/maven2/org/codehaus/plexus/plexus-compiler/2.0/plexus-compiler-2.0.pom
2023-01-30 13:28:42,536 [Worker-6: Creating restexpress-mongodb] INFO  o.e.m.c.i.e.AbstractTransferListenerAdapter - Downloading https://repo.maven.apache.org/maven2/org/codehaus/plexus/plexus-compiler-manager/2.0/plexus-compiler-manager-2.0.pom
2023-01-30 13:28:42,548 [Worker-6: Creating restexpress-mongodb] INFO  o.e.m.c.i.e.AbstractTransferListenerAdapter - Downloaded https://repo.maven.apache.org/maven2/org/codehaus/plexus/plexus-compiler-manager/2.0/plexus-compiler-manager-2.0.pom
2023-01-30 13:28:42,563 [Worker-6: Creating restexpress-mongodb] INFO  o.e.m.c.i.e.AbstractTransferListenerAdapter - Downloading https://repo.maven.apache.org/maven2/org/codehaus/plexus/plexus-compiler-javac/2.0/plexus-compiler-javac-2.0.pom
2023-01-30 13:28:42,575 [Worker-6: Creating restexpress-mongodb] INFO  o.e.m.c.i.e.AbstractTransferListenerAdapter - Downloaded https://repo.maven.apache.org/maven2/org/codehaus/plexus/plexus-compiler-javac/2.0/plexus-compiler-javac-2.0.pom
2023-01-30 13:28:42,589 [Worker-6: Creating restexpress-mongodb] INFO  o.e.m.c.i.e.AbstractTransferListenerAdapter - Downloading https://repo.maven.apache.org/maven2/org/codehaus/plexus/plexus-compilers/2.0/plexus-compilers-2.0.pom
2023-01-30 13:28:42,606 [Worker-6: Creating restexpress-mongodb] INFO  o.e.m.c.i.e.AbstractTransferListenerAdapter - Downloaded https://repo.maven.apache.org/maven2/org/codehaus/plexus/plexus-compilers/2.0/plexus-compilers-2.0.pom
2023-01-30 13:28:42,651 [AetherRepositoryConnector-repo.maven.apache.org-0-2] INFO  o.e.m.c.i.e.AbstractTransferListenerAdapter - Downloading https://repo.maven.apache.org/maven2/org/codehaus/plexus/plexus-compiler-manager/2.0/plexus-compiler-manager-2.0.jar
2023-01-30 13:28:42,653 [AetherRepositoryConnector-repo.maven.apache.org-0-1] INFO  o.e.m.c.i.e.AbstractTransferListenerAdapter - Downloading https://repo.maven.apache.org/maven2/org/codehaus/plexus/plexus-compiler-api/2.0/plexus-compiler-api-2.0.jar
2023-01-30 13:28:42,662 [AetherRepositoryConnector-repo.maven.apache.org-0-0] INFO  o.e.m.c.i.e.AbstractTransferListenerAdapter - Downloading https://repo.maven.apache.org/maven2/org/apache/maven/shared/maven-shared-incremental/1.0/maven-shared-incremental-1.0.jar
2023-01-30 13:28:42,664 [AetherRepositoryConnector-repo.maven.apache.org-0-3] INFO  o.e.m.c.i.e.AbstractTransferListenerAdapter - Downloading https://repo.maven.apache.org/maven2/org/codehaus/plexus/plexus-compiler-javac/2.0/plexus-compiler-javac-2.0.jar
2023-01-30 13:28:42,671 [AetherRepositoryConnector-repo.maven.apache.org-0-1] INFO  o.e.m.c.i.e.AbstractTransferListenerAdapter - Downloaded https://repo.maven.apache.org/maven2/org/codehaus/plexus/plexus-compiler-api/2.0/plexus-compiler-api-2.0.jar
2023-01-30 13:28:42,671 [AetherRepositoryConnector-repo.maven.apache.org-0-2] INFO  o.e.m.c.i.e.AbstractTransferListenerAdapter - Downloaded https://repo.maven.apache.org/maven2/org/codehaus/plexus/plexus-compiler-manager/2.0/plexus-compiler-manager-2.0.jar
2023-01-30 13:28:42,680 [AetherRepositoryConnector-repo.maven.apache.org-0-0] INFO  o.e.m.c.i.e.AbstractTransferListenerAdapter - Downloaded https://repo.maven.apache.org/maven2/org/apache/maven/shared/maven-shared-incremental/1.0/maven-shared-incremental-1.0.jar
2023-01-30 13:28:42,681 [AetherRepositoryConnector-repo.maven.apache.org-0-3] INFO  o.e.m.c.i.e.AbstractTransferListenerAdapter - Downloaded https://repo.maven.apache.org/maven2/org/codehaus/plexus/plexus-compiler-javac/2.0/plexus-compiler-javac-2.0.jar
2023-01-30 13:28:42,730 [Worker-6: Creating restexpress-mongodb] INFO  o.e.m.c.i.l.LifecycleMappingFactory - Using org.eclipse.m2e.jdt.JarLifecycleMapping lifecycle mapping for MavenProject: david:david:0.0.1-SNAPSHOT @ /home/usuario/Desktop/git/pendriveGIT/backupPenDrive/EclipseWorkSpace/david/pom.xml.
2023-01-30 13:28:42,801 [Worker-6: Creating restexpress-mongodb] INFO  o.e.m.c.i.e.AbstractTransferListenerAdapter - Downloading https://repo.maven.apache.org/maven2/com/strategicgains/RestExpress/0.11.3/RestExpress-0.11.3.pom
2023-01-30 13:28:42,820 [Worker-6: Creating restexpress-mongodb] INFO  o.e.m.c.i.e.AbstractTransferListenerAdapter - Downloaded https://repo.maven.apache.org/maven2/com/strategicgains/RestExpress/0.11.3/RestExpress-0.11.3.pom
2023-01-30 13:28:42,833 [Worker-6: Creating restexpress-mongodb] INFO  o.e.m.c.i.e.AbstractTransferListenerAdapter - Downloading https://repo.maven.apache.org/maven2/com/strategicgains/restexpress-parent/0.11.3/restexpress-parent-0.11.3.pom
2023-01-30 13:28:42,845 [Worker-6: Creating restexpress-mongodb] INFO  o.e.m.c.i.e.AbstractTransferListenerAdapter - Downloaded https://repo.maven.apache.org/maven2/com/strategicgains/restexpress-parent/0.11.3/restexpress-parent-0.11.3.pom
2023-01-30 13:28:42,858 [Worker-6: Creating restexpress-mongodb] INFO  o.e.m.c.i.e.AbstractTransferListenerAdapter - Downloading https://repo.maven.apache.org/maven2/com/strategicgains/RestExpress-Common/0.11.3/RestExpress-Common-0.11.3.pom
2023-01-30 13:28:42,881 [Worker-6: Creating restexpress-mongodb] INFO  o.e.m.c.i.e.AbstractTransferListenerAdapter - Downloaded https://repo.maven.apache.org/maven2/com/strategicgains/RestExpress-Common/0.11.3/RestExpress-Common-0.11.3.pom
2023-01-30 13:28:42,894 [Worker-6: Creating restexpress-mongodb] INFO  o.e.m.c.i.e.AbstractTransferListenerAdapter - Downloading https://repo.maven.apache.org/maven2/com/strategicgains/DateAdapterJ/1.1.4/DateAdapterJ-1.1.4.pom
2023-01-30 13:28:42,906 [Worker-6: Creating restexpress-mongodb] INFO  o.e.m.c.i.e.AbstractTransferListenerAdapter - Downloaded https://repo.maven.apache.org/maven2/com/strategicgains/DateAdapterJ/1.1.4/DateAdapterJ-1.1.4.pom
2023-01-30 13:28:42,922 [Worker-6: Creating restexpress-mongodb] INFO  o.e.m.c.i.e.AbstractTransferListenerAdapter - Downloading https://repo.maven.apache.org/maven2/com/fasterxml/jackson/core/jackson-databind/2.7.1-1/jackson-databind-2.7.1-1.pom
2023-01-30 13:28:42,934 [Worker-6: Creating restexpress-mongodb] INFO  o.e.m.c.i.e.AbstractTransferListenerAdapter - Downloaded https://repo.maven.apache.org/maven2/com/fasterxml/jackson/core/jackson-databind/2.7.1-1/jackson-databind-2.7.1-1.pom
2023-01-30 13:28:42,947 [Worker-6: Creating restexpress-mongodb] INFO  o.e.m.c.i.e.AbstractTransferListenerAdapter - Downloading https://repo.maven.apache.org/maven2/com/fasterxml/jackson/jackson-parent/2.7/jackson-parent-2.7.pom
2023-01-30 13:28:42,959 [Worker-6: Creating restexpress-mongodb] INFO  o.e.m.c.i.e.AbstractTransferListenerAdapter - Downloaded https://repo.maven.apache.org/maven2/com/fasterxml/jackson/jackson-parent/2.7/jackson-parent-2.7.pom
2023-01-30 13:28:42,983 [Worker-6: Creating restexpress-mongodb] INFO  o.e.m.c.i.e.AbstractTransferListenerAdapter - Downloading https://repo.maven.apache.org/maven2/com/fasterxml/oss-parent/25/oss-parent-25.pom
2023-01-30 13:28:42,995 [Worker-6: Creating restexpress-mongodb] INFO  o.e.m.c.i.e.AbstractTransferListenerAdapter - Downloaded https://repo.maven.apache.org/maven2/com/fasterxml/oss-parent/25/oss-parent-25.pom
2023-01-30 13:28:43,023 [Worker-6: Creating restexpress-mongodb] INFO  o.e.m.c.i.e.AbstractTransferListenerAdapter - Downloading https://repo.maven.apache.org/maven2/com/fasterxml/jackson/core/jackson-annotations/2.7.0/jackson-annotations-2.7.0.pom
2023-01-30 13:28:43,040 [Worker-6: Creating restexpress-mongodb] INFO  o.e.m.c.i.e.AbstractTransferListenerAdapter - Downloaded https://repo.maven.apache.org/maven2/com/fasterxml/jackson/core/jackson-annotations/2.7.0/jackson-annotations-2.7.0.pom
2023-01-30 13:28:43,059 [Worker-6: Creating restexpress-mongodb] INFO  o.e.m.c.i.e.AbstractTransferListenerAdapter - Downloading https://repo.maven.apache.org/maven2/com/fasterxml/jackson/core/jackson-core/2.7.1/jackson-core-2.7.1.pom
2023-01-30 13:28:43,072 [Worker-6: Creating restexpress-mongodb] INFO  o.e.m.c.i.e.AbstractTransferListenerAdapter - Downloaded https://repo.maven.apache.org/maven2/com/fasterxml/jackson/core/jackson-core/2.7.1/jackson-core-2.7.1.pom
2023-01-30 13:28:43,088 [Worker-6: Creating restexpress-mongodb] INFO  o.e.m.c.i.e.AbstractTransferListenerAdapter - Downloading https://repo.maven.apache.org/maven2/com/thoughtworks/xstream/xstream/1.4.8/xstream-1.4.8.pom
2023-01-30 13:28:43,101 [Worker-6: Creating restexpress-mongodb] INFO  o.e.m.c.i.e.AbstractTransferListenerAdapter - Downloaded https://repo.maven.apache.org/maven2/com/thoughtworks/xstream/xstream/1.4.8/xstream-1.4.8.pom
2023-01-30 13:28:43,119 [Worker-6: Creating restexpress-mongodb] INFO  o.e.m.c.i.e.AbstractTransferListenerAdapter - Downloading https://repo.maven.apache.org/maven2/com/thoughtworks/xstream/xstream-parent/1.4.8/xstream-parent-1.4.8.pom
2023-01-30 13:28:43,131 [Worker-6: Creating restexpress-mongodb] INFO  o.e.m.c.i.e.AbstractTransferListenerAdapter - Downloaded https://repo.maven.apache.org/maven2/com/thoughtworks/xstream/xstream-parent/1.4.8/xstream-parent-1.4.8.pom
2023-01-30 13:28:43,146 [Worker-6: Creating restexpress-mongodb] INFO  o.e.m.c.i.e.AbstractTransferListenerAdapter - Downloading https://repo.maven.apache.org/maven2/org/codehaus/codehaus-parent/3/codehaus-parent-3.pom
2023-01-30 13:28:43,158 [Worker-6: Creating restexpress-mongodb] INFO  o.e.m.c.i.e.AbstractTransferListenerAdapter - Downloaded https://repo.maven.apache.org/maven2/org/codehaus/codehaus-parent/3/codehaus-parent-3.pom
2023-01-30 13:28:43,171 [Worker-6: Creating restexpress-mongodb] INFO  o.e.m.c.i.e.AbstractTransferListenerAdapter - Downloading https://repo.maven.apache.org/maven2/xmlpull/xmlpull/1.1.3.1/xmlpull-1.1.3.1.pom
2023-01-30 13:28:43,183 [Worker-6: Creating restexpress-mongodb] INFO  o.e.m.c.i.e.AbstractTransferListenerAdapter - Downloaded https://repo.maven.apache.org/maven2/xmlpull/xmlpull/1.1.3.1/xmlpull-1.1.3.1.pom
2023-01-30 13:28:43,204 [Worker-6: Creating restexpress-mongodb] INFO  o.e.m.c.i.e.AbstractTransferListenerAdapter - Downloading https://repo.maven.apache.org/maven2/io/netty/netty-all/4.0.34.Final/netty-all-4.0.34.Final.pom
2023-01-30 13:28:43,216 [Worker-6: Creating restexpress-mongodb] INFO  o.e.m.c.i.e.AbstractTransferListenerAdapter - Downloaded https://repo.maven.apache.org/maven2/io/netty/netty-all/4.0.34.Final/netty-all-4.0.34.Final.pom
2023-01-30 13:28:43,243 [Worker-6: Creating restexpress-mongodb] INFO  o.e.m.c.i.e.AbstractTransferListenerAdapter - Downloading https://repo.maven.apache.org/maven2/io/netty/netty-parent/4.0.34.Final/netty-parent-4.0.34.Final.pom
2023-01-30 13:28:43,257 [Worker-6: Creating restexpress-mongodb] INFO  o.e.m.c.i.e.AbstractTransferListenerAdapter - Downloaded https://repo.maven.apache.org/maven2/io/netty/netty-parent/4.0.34.Final/netty-parent-4.0.34.Final.pom
2023-01-30 13:28:43,275 [Worker-6: Creating restexpress-mongodb] INFO  o.e.m.c.i.e.AbstractTransferListenerAdapter - Downloading https://repo.maven.apache.org/maven2/org/owasp/encoder/encoder/1.2/encoder-1.2.pom
2023-01-30 13:28:43,287 [Worker-6: Creating restexpress-mongodb] INFO  o.e.m.c.i.e.AbstractTransferListenerAdapter - Downloaded https://repo.maven.apache.org/maven2/org/owasp/encoder/encoder/1.2/encoder-1.2.pom
2023-01-30 13:28:43,300 [Worker-6: Creating restexpress-mongodb] INFO  o.e.m.c.i.e.AbstractTransferListenerAdapter - Downloading https://repo.maven.apache.org/maven2/org/owasp/encoder/encoder-parent/1.2/encoder-parent-1.2.pom
2023-01-30 13:28:43,323 [Worker-6: Creating restexpress-mongodb] INFO  o.e.m.c.i.e.AbstractTransferListenerAdapter - Downloaded https://repo.maven.apache.org/maven2/org/owasp/encoder/encoder-parent/1.2/encoder-parent-1.2.pom
2023-01-30 13:28:43,339 [Worker-6: Creating restexpress-mongodb] INFO  o.e.m.c.i.e.AbstractTransferListenerAdapter - Downloading https://repo.maven.apache.org/maven2/com/jcraft/jzlib/1.1.3/jzlib-1.1.3.pom
2023-01-30 13:28:43,351 [Worker-6: Creating restexpress-mongodb] INFO  o.e.m.c.i.e.AbstractTransferListenerAdapter - Downloaded https://repo.maven.apache.org/maven2/com/jcraft/jzlib/1.1.3/jzlib-1.1.3.pom
2023-01-30 13:28:43,367 [Worker-6: Creating restexpress-mongodb] INFO  o.e.m.c.i.e.AbstractTransferListenerAdapter - Downloading https://repo.maven.apache.org/maven2/com/strategicgains/Syntaxe/1.0/Syntaxe-1.0.pom
2023-01-30 13:28:43,381 [Worker-6: Creating restexpress-mongodb] INFO  o.e.m.c.i.e.AbstractTransferListenerAdapter - Downloaded https://repo.maven.apache.org/maven2/com/strategicgains/Syntaxe/1.0/Syntaxe-1.0.pom
2023-01-30 13:28:43,398 [Worker-6: Creating restexpress-mongodb] INFO  o.e.m.c.i.e.AbstractTransferListenerAdapter - Downloading https://repo.maven.apache.org/maven2/com/strategicgains/repoexpress/repoexpress-mongodb/0.4.8/repoexpress-mongodb-0.4.8.pom
2023-01-30 13:28:43,411 [Worker-6: Creating restexpress-mongodb] INFO  o.e.m.c.i.e.AbstractTransferListenerAdapter - Downloaded https://repo.maven.apache.org/maven2/com/strategicgains/repoexpress/repoexpress-mongodb/0.4.8/repoexpress-mongodb-0.4.8.pom
2023-01-30 13:28:43,425 [Worker-6: Creating restexpress-mongodb] INFO  o.e.m.c.i.e.AbstractTransferListenerAdapter - Downloading https://repo.maven.apache.org/maven2/com/strategicgains/repoexpress/repoexpress-parent/0.4.8/repoexpress-parent-0.4.8.pom
2023-01-30 13:28:43,438 [Worker-6: Creating restexpress-mongodb] INFO  o.e.m.c.i.e.AbstractTransferListenerAdapter - Downloaded https://repo.maven.apache.org/maven2/com/strategicgains/repoexpress/repoexpress-parent/0.4.8/repoexpress-parent-0.4.8.pom
2023-01-30 13:28:43,455 [Worker-6: Creating restexpress-mongodb] INFO  o.e.m.c.i.e.AbstractTransferListenerAdapter - Downloading https://repo.maven.apache.org/maven2/com/strategicgains/repoexpress/repoexpress-common/0.4.8/repoexpress-common-0.4.8.pom
2023-01-30 13:28:43,467 [Worker-6: Creating restexpress-mongodb] INFO  o.e.m.c.i.e.AbstractTransferListenerAdapter - Downloaded https://repo.maven.apache.org/maven2/com/strategicgains/repoexpress/repoexpress-common/0.4.8/repoexpress-common-0.4.8.pom
2023-01-30 13:28:43,480 [Worker-6: Creating restexpress-mongodb] INFO  o.e.m.c.i.e.AbstractTransferListenerAdapter - Downloading https://repo.maven.apache.org/maven2/org/mongodb/morphia/morphia/1.1.1/morphia-1.1.1.pom
2023-01-30 13:28:43,492 [Worker-6: Creating restexpress-mongodb] INFO  o.e.m.c.i.e.AbstractTransferListenerAdapter - Downloaded https://repo.maven.apache.org/maven2/org/mongodb/morphia/morphia/1.1.1/morphia-1.1.1.pom
2023-01-30 13:28:43,506 [Worker-6: Creating restexpress-mongodb] INFO  o.e.m.c.i.e.AbstractTransferListenerAdapter - Downloading https://repo.maven.apache.org/maven2/org/mongodb/mongo-java-driver/3.0.2/mongo-java-driver-3.0.2.pom
2023-01-30 13:28:43,518 [Worker-6: Creating restexpress-mongodb] INFO  o.e.m.c.i.e.AbstractTransferListenerAdapter - Downloaded https://repo.maven.apache.org/maven2/org/mongodb/mongo-java-driver/3.0.2/mongo-java-driver-3.0.2.pom
2023-01-30 13:28:43,531 [Worker-6: Creating restexpress-mongodb] INFO  o.e.m.c.i.e.AbstractTransferListenerAdapter - Downloading https://repo.maven.apache.org/maven2/cglib/cglib-nodep/2.2.2/cglib-nodep-2.2.2.pom
2023-01-30 13:28:43,544 [Worker-6: Creating restexpress-mongodb] INFO  o.e.m.c.i.e.AbstractTransferListenerAdapter - Downloaded https://repo.maven.apache.org/maven2/cglib/cglib-nodep/2.2.2/cglib-nodep-2.2.2.pom
2023-01-30 13:28:43,559 [Worker-6: Creating restexpress-mongodb] INFO  o.e.m.c.i.e.AbstractTransferListenerAdapter - Downloading https://repo.maven.apache.org/maven2/com/thoughtworks/proxytoys/proxytoys/1.0/proxytoys-1.0.pom
2023-01-30 13:28:43,571 [Worker-6: Creating restexpress-mongodb] INFO  o.e.m.c.i.e.AbstractTransferListenerAdapter - Downloaded https://repo.maven.apache.org/maven2/com/thoughtworks/proxytoys/proxytoys/1.0/proxytoys-1.0.pom
2023-01-30 13:28:43,586 [Worker-6: Creating restexpress-mongodb] INFO  o.e.m.c.i.e.AbstractTransferListenerAdapter - Downloading https://repo.maven.apache.org/maven2/com/thoughtworks/proxytoys/proxytoys-parent/1.0/proxytoys-parent-1.0.pom
2023-01-30 13:28:43,598 [Worker-6: Creating restexpress-mongodb] INFO  o.e.m.c.i.e.AbstractTransferListenerAdapter - Downloaded https://repo.maven.apache.org/maven2/com/thoughtworks/proxytoys/proxytoys-parent/1.0/proxytoys-parent-1.0.pom
2023-01-30 13:28:43,614 [Worker-6: Creating restexpress-mongodb] INFO  o.e.m.c.i.e.AbstractTransferListenerAdapter - Downloading https://repo.maven.apache.org/maven2/com/strategicgains/plugin-express/CacheControlPlugin/0.3.3/CacheControlPlugin-0.3.3.pom
2023-01-30 13:28:43,628 [Worker-6: Creating restexpress-mongodb] INFO  o.e.m.c.i.e.AbstractTransferListenerAdapter - Downloaded https://repo.maven.apache.org/maven2/com/strategicgains/plugin-express/CacheControlPlugin/0.3.3/CacheControlPlugin-0.3.3.pom
2023-01-30 13:28:43,642 [Worker-6: Creating restexpress-mongodb] INFO  o.e.m.c.i.e.AbstractTransferListenerAdapter - Downloading https://repo.maven.apache.org/maven2/com/strategicgains/plugin-express/PluginExpress-Parent/0.3.3/PluginExpress-Parent-0.3.3.pom
2023-01-30 13:28:43,655 [Worker-6: Creating restexpress-mongodb] INFO  o.e.m.c.i.e.AbstractTransferListenerAdapter - Downloaded https://repo.maven.apache.org/maven2/com/strategicgains/plugin-express/PluginExpress-Parent/0.3.3/PluginExpress-Parent-0.3.3.pom
2023-01-30 13:28:43,669 [Worker-6: Creating restexpress-mongodb] INFO  o.e.m.c.i.e.AbstractTransferListenerAdapter - Downloading https://repo.maven.apache.org/maven2/com/strategicgains/HyperExpressPlugin/2.6/HyperExpressPlugin-2.6.pom
2023-01-30 13:28:43,682 [Worker-6: Creating restexpress-mongodb] INFO  o.e.m.c.i.e.AbstractTransferListenerAdapter - Downloaded https://repo.maven.apache.org/maven2/com/strategicgains/HyperExpressPlugin/2.6/HyperExpressPlugin-2.6.pom
2023-01-30 13:28:43,698 [Worker-6: Creating restexpress-mongodb] INFO  o.e.m.c.i.e.AbstractTransferListenerAdapter - Downloading https://repo.maven.apache.org/maven2/com/strategicgains/HyperExpress/2.6/HyperExpress-2.6.pom
2023-01-30 13:28:43,719 [Worker-6: Creating restexpress-mongodb] INFO  o.e.m.c.i.e.AbstractTransferListenerAdapter - Downloaded https://repo.maven.apache.org/maven2/com/strategicgains/HyperExpress/2.6/HyperExpress-2.6.pom
2023-01-30 13:28:43,745 [Worker-6: Creating restexpress-mongodb] INFO  o.e.m.c.i.e.AbstractTransferListenerAdapter - Downloading https://repo.maven.apache.org/maven2/com/strategicgains/HyperExpress-HAL/2.6/HyperExpress-HAL-2.6.pom
2023-01-30 13:28:43,770 [Worker-6: Creating restexpress-mongodb] INFO  o.e.m.c.i.e.AbstractTransferListenerAdapter - Downloaded https://repo.maven.apache.org/maven2/com/strategicgains/HyperExpress-HAL/2.6/HyperExpress-HAL-2.6.pom
2023-01-30 13:28:43,814 [Worker-6: Creating restexpress-mongodb] INFO  o.e.m.c.i.e.AbstractTransferListenerAdapter - Downloading https://repo.maven.apache.org/maven2/com/strategicgains/HyperExpress-Core/2.6/HyperExpress-Core-2.6.pom
2023-01-30 13:28:43,826 [Worker-6: Creating restexpress-mongodb] INFO  o.e.m.c.i.e.AbstractTransferListenerAdapter - Downloaded https://repo.maven.apache.org/maven2/com/strategicgains/HyperExpress-Core/2.6/HyperExpress-Core-2.6.pom
2023-01-30 13:28:43,841 [Worker-6: Creating restexpress-mongodb] INFO  o.e.m.c.i.e.AbstractTransferListenerAdapter - Downloading https://repo.maven.apache.org/maven2/com/strategicgains/HyperExpress-Siren/2.6/HyperExpress-Siren-2.6.pom
2023-01-30 13:28:43,855 [Worker-6: Creating restexpress-mongodb] INFO  o.e.m.c.i.e.AbstractTransferListenerAdapter - Downloaded https://repo.maven.apache.org/maven2/com/strategicgains/HyperExpress-Siren/2.6/HyperExpress-Siren-2.6.pom
2023-01-30 13:28:43,872 [Worker-6: Creating restexpress-mongodb] INFO  o.e.m.c.i.e.AbstractTransferListenerAdapter - Downloading https://repo.maven.apache.org/maven2/com/strategicgains/plugin-express/MetricsPlugin/0.3.3/MetricsPlugin-0.3.3.pom
2023-01-30 13:28:43,886 [Worker-6: Creating restexpress-mongodb] INFO  o.e.m.c.i.e.AbstractTransferListenerAdapter - Downloaded https://repo.maven.apache.org/maven2/com/strategicgains/plugin-express/MetricsPlugin/0.3.3/MetricsPlugin-0.3.3.pom
2023-01-30 13:28:43,904 [Worker-6: Creating restexpress-mongodb] INFO  o.e.m.c.i.e.AbstractTransferListenerAdapter - Downloading https://repo.maven.apache.org/maven2/io/dropwizard/metrics/metrics-core/3.1.2/metrics-core-3.1.2.pom
2023-01-30 13:28:43,917 [Worker-6: Creating restexpress-mongodb] INFO  o.e.m.c.i.e.AbstractTransferListenerAdapter - Downloaded https://repo.maven.apache.org/maven2/io/dropwizard/metrics/metrics-core/3.1.2/metrics-core-3.1.2.pom
2023-01-30 13:28:43,931 [Worker-6: Creating restexpress-mongodb] INFO  o.e.m.c.i.e.AbstractTransferListenerAdapter - Downloading https://repo.maven.apache.org/maven2/io/dropwizard/metrics/metrics-parent/3.1.2/metrics-parent-3.1.2.pom
2023-01-30 13:28:43,946 [Worker-6: Creating restexpress-mongodb] INFO  o.e.m.c.i.e.AbstractTransferListenerAdapter - Downloaded https://repo.maven.apache.org/maven2/io/dropwizard/metrics/metrics-parent/3.1.2/metrics-parent-3.1.2.pom
2023-01-30 13:28:43,964 [Worker-6: Creating restexpress-mongodb] INFO  o.e.m.c.i.e.AbstractTransferListenerAdapter - Downloading https://repo.maven.apache.org/maven2/org/slf4j/slf4j-api/1.7.7/slf4j-api-1.7.7.pom
2023-01-30 13:28:43,978 [Worker-6: Creating restexpress-mongodb] INFO  o.e.m.c.i.e.AbstractTransferListenerAdapter - Downloaded https://repo.maven.apache.org/maven2/org/slf4j/slf4j-api/1.7.7/slf4j-api-1.7.7.pom
2023-01-30 13:28:44,004 [Worker-6: Creating restexpress-mongodb] INFO  o.e.m.c.i.e.AbstractTransferListenerAdapter - Downloading https://repo.maven.apache.org/maven2/org/slf4j/slf4j-parent/1.7.7/slf4j-parent-1.7.7.pom
2023-01-30 13:28:44,016 [Worker-6: Creating restexpress-mongodb] INFO  o.e.m.c.i.e.AbstractTransferListenerAdapter - Downloaded https://repo.maven.apache.org/maven2/org/slf4j/slf4j-parent/1.7.7/slf4j-parent-1.7.7.pom
2023-01-30 13:28:44,030 [Worker-6: Creating restexpress-mongodb] INFO  o.e.m.c.i.e.AbstractTransferListenerAdapter - Downloading https://repo.maven.apache.org/maven2/org/slf4j/slf4j-api/1.7.15/slf4j-api-1.7.15.pom
2023-01-30 13:28:44,043 [Worker-6: Creating restexpress-mongodb] INFO  o.e.m.c.i.e.AbstractTransferListenerAdapter - Downloaded https://repo.maven.apache.org/maven2/org/slf4j/slf4j-api/1.7.15/slf4j-api-1.7.15.pom
2023-01-30 13:28:44,062 [Worker-6: Creating restexpress-mongodb] INFO  o.e.m.c.i.e.AbstractTransferListenerAdapter - Downloading https://repo.maven.apache.org/maven2/org/slf4j/slf4j-parent/1.7.15/slf4j-parent-1.7.15.pom
2023-01-30 13:28:44,074 [Worker-6: Creating restexpress-mongodb] INFO  o.e.m.c.i.e.AbstractTransferListenerAdapter - Downloaded https://repo.maven.apache.org/maven2/org/slf4j/slf4j-parent/1.7.15/slf4j-parent-1.7.15.pom
2023-01-30 13:28:44,088 [Worker-6: Creating restexpress-mongodb] INFO  o.e.m.c.i.e.AbstractTransferListenerAdapter - Downloading https://repo.maven.apache.org/maven2/com/strategicgains/plugin-express/SwaggerPlugin/0.3.3/SwaggerPlugin-0.3.3.pom
2023-01-30 13:28:44,104 [Worker-6: Creating restexpress-mongodb] INFO  o.e.m.c.i.e.AbstractTransferListenerAdapter - Downloaded https://repo.maven.apache.org/maven2/com/strategicgains/plugin-express/SwaggerPlugin/0.3.3/SwaggerPlugin-0.3.3.pom
2023-01-30 13:28:44,116 [Worker-6: Creating restexpress-mongodb] INFO  o.e.m.c.i.e.AbstractTransferListenerAdapter - Downloading https://repo.maven.apache.org/maven2/com/wordnik/swagger-annotations/1.3.8/swagger-annotations-1.3.8.pom
2023-01-30 13:28:44,129 [Worker-6: Creating restexpress-mongodb] INFO  o.e.m.c.i.e.AbstractTransferListenerAdapter - Downloaded https://repo.maven.apache.org/maven2/com/wordnik/swagger-annotations/1.3.8/swagger-annotations-1.3.8.pom
2023-01-30 13:28:44,145 [Worker-6: Creating restexpress-mongodb] INFO  o.e.m.c.i.e.AbstractTransferListenerAdapter - Downloading https://repo.maven.apache.org/maven2/com/wordnik/swagger-project_2.11/1.3.8/swagger-project_2.11-1.3.8.pom
2023-01-30 13:28:44,156 [Worker-6: Creating restexpress-mongodb] INFO  o.e.m.c.i.e.AbstractTransferListenerAdapter - Downloaded https://repo.maven.apache.org/maven2/com/wordnik/swagger-project_2.11/1.3.8/swagger-project_2.11-1.3.8.pom
2023-01-30 13:28:44,171 [Worker-6: Creating restexpress-mongodb] INFO  o.e.m.c.i.e.AbstractTransferListenerAdapter - Downloading https://repo.maven.apache.org/maven2/com/strategicgains/plugin-express/CORSPlugin/0.3.3/CORSPlugin-0.3.3.pom
2023-01-30 13:28:44,183 [Worker-6: Creating restexpress-mongodb] INFO  o.e.m.c.i.e.AbstractTransferListenerAdapter - Downloaded https://repo.maven.apache.org/maven2/com/strategicgains/plugin-express/CORSPlugin/0.3.3/CORSPlugin-0.3.3.pom
2023-01-30 13:28:44,197 [Worker-6: Creating restexpress-mongodb] INFO  o.e.m.c.i.e.AbstractTransferListenerAdapter - Downloading https://repo.maven.apache.org/maven2/io/dropwizard/metrics/metrics-graphite/3.1.2/metrics-graphite-3.1.2.pom
2023-01-30 13:28:44,209 [Worker-6: Creating restexpress-mongodb] INFO  o.e.m.c.i.e.AbstractTransferListenerAdapter - Downloaded https://repo.maven.apache.org/maven2/io/dropwizard/metrics/metrics-graphite/3.1.2/metrics-graphite-3.1.2.pom
2023-01-30 13:28:44,300 [Worker-6: Creating restexpress-mongodb] INFO  o.e.m.c.i.e.AbstractTransferListenerAdapter - Downloading https://repo.maven.apache.org/maven2/org/slf4j/slf4j-jcl/1.7.15/slf4j-jcl-1.7.15.pom
2023-01-30 13:28:44,466 [Worker-6: Creating restexpress-mongodb] INFO  o.e.m.c.i.e.AbstractTransferListenerAdapter - Downloaded https://repo.maven.apache.org/maven2/org/slf4j/slf4j-jcl/1.7.15/slf4j-jcl-1.7.15.pom
2023-01-30 13:28:44,490 [AetherRepositoryConnector-repo.maven.apache.org-1-0] INFO  o.e.m.c.i.e.AbstractTransferListenerAdapter - Downloading https://repo.maven.apache.org/maven2/com/strategicgains/RestExpress/0.11.3/RestExpress-0.11.3.jar
2023-01-30 13:28:44,506 [AetherRepositoryConnector-repo.maven.apache.org-1-1] INFO  o.e.m.c.i.e.AbstractTransferListenerAdapter - Downloading https://repo.maven.apache.org/maven2/com/strategicgains/RestExpress-Common/0.11.3/RestExpress-Common-0.11.3.jar
2023-01-30 13:28:44,506 [AetherRepositoryConnector-repo.maven.apache.org-1-4] INFO  o.e.m.c.i.e.AbstractTransferListenerAdapter - Downloading https://repo.maven.apache.org/maven2/com/fasterxml/jackson/core/jackson-annotations/2.7.0/jackson-annotations-2.7.0.jar
2023-01-30 13:28:44,511 [AetherRepositoryConnector-repo.maven.apache.org-1-2] INFO  o.e.m.c.i.e.AbstractTransferListenerAdapter - Downloading https://repo.maven.apache.org/maven2/com/strategicgains/DateAdapterJ/1.1.4/DateAdapterJ-1.1.4.jar
2023-01-30 13:28:44,516 [AetherRepositoryConnector-repo.maven.apache.org-1-0] INFO  o.e.m.c.i.e.AbstractTransferListenerAdapter - Downloaded https://repo.maven.apache.org/maven2/com/strategicgains/RestExpress/0.11.3/RestExpress-0.11.3.jar
2023-01-30 13:28:44,526 [AetherRepositoryConnector-repo.maven.apache.org-1-2] INFO  o.e.m.c.i.e.AbstractTransferListenerAdapter - Downloaded https://repo.maven.apache.org/maven2/com/strategicgains/DateAdapterJ/1.1.4/DateAdapterJ-1.1.4.jar
2023-01-30 13:28:44,526 [AetherRepositoryConnector-repo.maven.apache.org-1-4] INFO  o.e.m.c.i.e.AbstractTransferListenerAdapter - Downloaded https://repo.maven.apache.org/maven2/com/fasterxml/jackson/core/jackson-annotations/2.7.0/jackson-annotations-2.7.0.jar
2023-01-30 13:28:44,526 [AetherRepositoryConnector-repo.maven.apache.org-1-1] INFO  o.e.m.c.i.e.AbstractTransferListenerAdapter - Downloaded https://repo.maven.apache.org/maven2/com/strategicgains/RestExpress-Common/0.11.3/RestExpress-Common-0.11.3.jar
2023-01-30 13:28:44,538 [AetherRepositoryConnector-repo.maven.apache.org-1-0] INFO  o.e.m.c.i.e.AbstractTransferListenerAdapter - Downloading https://repo.maven.apache.org/maven2/com/fasterxml/jackson/core/jackson-core/2.7.1/jackson-core-2.7.1.jar
2023-01-30 13:28:44,559 [AetherRepositoryConnector-repo.maven.apache.org-1-4] INFO  o.e.m.c.i.e.AbstractTransferListenerAdapter - Downloading https://repo.maven.apache.org/maven2/xmlpull/xmlpull/1.1.3.1/xmlpull-1.1.3.1.jar
2023-01-30 13:28:44,568 [AetherRepositoryConnector-repo.maven.apache.org-1-2] INFO  o.e.m.c.i.e.AbstractTransferListenerAdapter - Downloading https://repo.maven.apache.org/maven2/com/thoughtworks/xstream/xstream/1.4.8/xstream-1.4.8.jar
2023-01-30 13:28:44,613 [AetherRepositoryConnector-repo.maven.apache.org-1-3] INFO  o.e.m.c.i.e.AbstractTransferListenerAdapter - Downloading https://repo.maven.apache.org/maven2/com/fasterxml/jackson/core/jackson-databind/2.7.1-1/jackson-databind-2.7.1-1.jar
2023-01-30 13:28:44,614 [AetherRepositoryConnector-repo.maven.apache.org-1-4] INFO  o.e.m.c.i.e.AbstractTransferListenerAdapter - Downloaded https://repo.maven.apache.org/maven2/xmlpull/xmlpull/1.1.3.1/xmlpull-1.1.3.1.jar
2023-01-30 13:28:44,614 [AetherRepositoryConnector-repo.maven.apache.org-1-0] INFO  o.e.m.c.i.e.AbstractTransferListenerAdapter - Downloaded https://repo.maven.apache.org/maven2/com/fasterxml/jackson/core/jackson-core/2.7.1/jackson-core-2.7.1.jar
2023-01-30 13:28:44,677 [AetherRepositoryConnector-repo.maven.apache.org-1-0] INFO  o.e.m.c.i.e.AbstractTransferListenerAdapter - Downloading https://repo.maven.apache.org/maven2/com/jcraft/jzlib/1.1.3/jzlib-1.1.3.jar
2023-01-30 13:28:44,682 [AetherRepositoryConnector-repo.maven.apache.org-1-4] INFO  o.e.m.c.i.e.AbstractTransferListenerAdapter - Downloading https://repo.maven.apache.org/maven2/org/owasp/encoder/encoder/1.2/encoder-1.2.jar
2023-01-30 13:28:44,693 [AetherRepositoryConnector-repo.maven.apache.org-1-1] INFO  o.e.m.c.i.e.AbstractTransferListenerAdapter - Downloading https://repo.maven.apache.org/maven2/io/netty/netty-all/4.0.34.Final/netty-all-4.0.34.Final.jar
2023-01-30 13:28:44,711 [AetherRepositoryConnector-repo.maven.apache.org-1-2] INFO  o.e.m.c.i.e.AbstractTransferListenerAdapter - Downloaded https://repo.maven.apache.org/maven2/com/thoughtworks/xstream/xstream/1.4.8/xstream-1.4.8.jar
2023-01-30 13:28:44,774 [AetherRepositoryConnector-repo.maven.apache.org-1-4] INFO  o.e.m.c.i.e.AbstractTransferListenerAdapter - Downloaded https://repo.maven.apache.org/maven2/org/owasp/encoder/encoder/1.2/encoder-1.2.jar
2023-01-30 13:28:44,817 [AetherRepositoryConnector-repo.maven.apache.org-1-2] INFO  o.e.m.c.i.e.AbstractTransferListenerAdapter - Downloading https://repo.maven.apache.org/maven2/com/strategicgains/Syntaxe/1.0/Syntaxe-1.0.jar
2023-01-30 13:28:44,824 [AetherRepositoryConnector-repo.maven.apache.org-1-0] INFO  o.e.m.c.i.e.AbstractTransferListenerAdapter - Downloaded https://repo.maven.apache.org/maven2/com/jcraft/jzlib/1.1.3/jzlib-1.1.3.jar
2023-01-30 13:28:44,888 [AetherRepositoryConnector-repo.maven.apache.org-1-3] INFO  o.e.m.c.i.e.AbstractTransferListenerAdapter - Downloaded https://repo.maven.apache.org/maven2/com/fasterxml/jackson/core/jackson-databind/2.7.1-1/jackson-databind-2.7.1-1.jar
2023-01-30 13:28:44,924 [AetherRepositoryConnector-repo.maven.apache.org-1-2] INFO  o.e.m.c.i.e.AbstractTransferListenerAdapter - Downloaded https://repo.maven.apache.org/maven2/com/strategicgains/Syntaxe/1.0/Syntaxe-1.0.jar
2023-01-30 13:28:44,926 [AetherRepositoryConnector-repo.maven.apache.org-1-0] INFO  o.e.m.c.i.e.AbstractTransferListenerAdapter - Downloading https://repo.maven.apache.org/maven2/com/strategicgains/repoexpress/repoexpress-common/0.4.8/repoexpress-common-0.4.8.jar
2023-01-30 13:28:44,928 [AetherRepositoryConnector-repo.maven.apache.org-1-4] INFO  o.e.m.c.i.e.AbstractTransferListenerAdapter - Downloading https://repo.maven.apache.org/maven2/com/strategicgains/repoexpress/repoexpress-mongodb/0.4.8/repoexpress-mongodb-0.4.8.jar
2023-01-30 13:28:44,930 [AetherRepositoryConnector-repo.maven.apache.org-1-3] INFO  o.e.m.c.i.e.AbstractTransferListenerAdapter - Downloading https://repo.maven.apache.org/maven2/org/mongodb/morphia/morphia/1.1.1/morphia-1.1.1.jar
2023-01-30 13:28:44,959 [AetherRepositoryConnector-repo.maven.apache.org-1-0] INFO  o.e.m.c.i.e.AbstractTransferListenerAdapter - Downloaded https://repo.maven.apache.org/maven2/com/strategicgains/repoexpress/repoexpress-common/0.4.8/repoexpress-common-0.4.8.jar
2023-01-30 13:28:44,961 [AetherRepositoryConnector-repo.maven.apache.org-1-2] INFO  o.e.m.c.i.e.AbstractTransferListenerAdapter - Downloading https://repo.maven.apache.org/maven2/org/mongodb/mongo-java-driver/3.0.2/mongo-java-driver-3.0.2.jar
2023-01-30 13:28:45,057 [AetherRepositoryConnector-repo.maven.apache.org-1-1] INFO  o.e.m.c.i.e.AbstractTransferListenerAdapter - Downloaded https://repo.maven.apache.org/maven2/io/netty/netty-all/4.0.34.Final/netty-all-4.0.34.Final.jar
2023-01-30 13:28:45,057 [AetherRepositoryConnector-repo.maven.apache.org-1-4] INFO  o.e.m.c.i.e.AbstractTransferListenerAdapter - Downloaded https://repo.maven.apache.org/maven2/com/strategicgains/repoexpress/repoexpress-mongodb/0.4.8/repoexpress-mongodb-0.4.8.jar
2023-01-30 13:28:45,069 [AetherRepositoryConnector-repo.maven.apache.org-1-3] INFO  o.e.m.c.i.e.AbstractTransferListenerAdapter - Downloaded https://repo.maven.apache.org/maven2/org/mongodb/morphia/morphia/1.1.1/morphia-1.1.1.jar
2023-01-30 13:28:45,071 [AetherRepositoryConnector-repo.maven.apache.org-1-0] INFO  o.e.m.c.i.e.AbstractTransferListenerAdapter - Downloading https://repo.maven.apache.org/maven2/cglib/cglib-nodep/2.2.2/cglib-nodep-2.2.2.jar
2023-01-30 13:28:45,099 [AetherRepositoryConnector-repo.maven.apache.org-1-1] INFO  o.e.m.c.i.e.AbstractTransferListenerAdapter - Downloading https://repo.maven.apache.org/maven2/com/thoughtworks/proxytoys/proxytoys/1.0/proxytoys-1.0.jar
2023-01-30 13:28:45,115 [AetherRepositoryConnector-repo.maven.apache.org-1-4] INFO  o.e.m.c.i.e.AbstractTransferListenerAdapter - Downloading https://repo.maven.apache.org/maven2/com/strategicgains/plugin-express/CacheControlPlugin/0.3.3/CacheControlPlugin-0.3.3.jar
2023-01-30 13:28:45,115 [AetherRepositoryConnector-repo.maven.apache.org-1-3] INFO  o.e.m.c.i.e.AbstractTransferListenerAdapter - Downloading https://repo.maven.apache.org/maven2/com/strategicgains/HyperExpressPlugin/2.6/HyperExpressPlugin-2.6.jar
2023-01-30 13:28:45,122 [AetherRepositoryConnector-repo.maven.apache.org-1-2] INFO  o.e.m.c.i.e.AbstractTransferListenerAdapter - Downloaded https://repo.maven.apache.org/maven2/org/mongodb/mongo-java-driver/3.0.2/mongo-java-driver-3.0.2.jar
2023-01-30 13:28:45,123 [AetherRepositoryConnector-repo.maven.apache.org-1-0] INFO  o.e.m.c.i.e.AbstractTransferListenerAdapter - Downloaded https://repo.maven.apache.org/maven2/cglib/cglib-nodep/2.2.2/cglib-nodep-2.2.2.jar
2023-01-30 13:28:45,132 [AetherRepositoryConnector-repo.maven.apache.org-1-1] INFO  o.e.m.c.i.e.AbstractTransferListenerAdapter - Downloaded https://repo.maven.apache.org/maven2/com/thoughtworks/proxytoys/proxytoys/1.0/proxytoys-1.0.jar
2023-01-30 13:28:45,134 [AetherRepositoryConnector-repo.maven.apache.org-1-4] INFO  o.e.m.c.i.e.AbstractTransferListenerAdapter - Downloaded https://repo.maven.apache.org/maven2/com/strategicgains/plugin-express/CacheControlPlugin/0.3.3/CacheControlPlugin-0.3.3.jar
2023-01-30 13:28:45,134 [AetherRepositoryConnector-repo.maven.apache.org-1-3] INFO  o.e.m.c.i.e.AbstractTransferListenerAdapter - Downloaded https://repo.maven.apache.org/maven2/com/strategicgains/HyperExpressPlugin/2.6/HyperExpressPlugin-2.6.jar
2023-01-30 13:28:45,145 [AetherRepositoryConnector-repo.maven.apache.org-1-2] INFO  o.e.m.c.i.e.AbstractTransferListenerAdapter - Downloading https://repo.maven.apache.org/maven2/com/strategicgains/HyperExpress-HAL/2.6/HyperExpress-HAL-2.6.jar
2023-01-30 13:28:45,145 [AetherRepositoryConnector-repo.maven.apache.org-1-0] INFO  o.e.m.c.i.e.AbstractTransferListenerAdapter - Downloading https://repo.maven.apache.org/maven2/com/strategicgains/HyperExpress-Core/2.6/HyperExpress-Core-2.6.jar
2023-01-30 13:28:45,155 [AetherRepositoryConnector-repo.maven.apache.org-1-4] INFO  o.e.m.c.i.e.AbstractTransferListenerAdapter - Downloading https://repo.maven.apache.org/maven2/com/strategicgains/plugin-express/MetricsPlugin/0.3.3/MetricsPlugin-0.3.3.jar
2023-01-30 13:28:45,155 [AetherRepositoryConnector-repo.maven.apache.org-1-3] INFO  o.e.m.c.i.e.AbstractTransferListenerAdapter - Downloading https://repo.maven.apache.org/maven2/io/dropwizard/metrics/metrics-core/3.1.2/metrics-core-3.1.2.jar
2023-01-30 13:28:45,162 [AetherRepositoryConnector-repo.maven.apache.org-1-1] INFO  o.e.m.c.i.e.AbstractTransferListenerAdapter - Downloading https://repo.maven.apache.org/maven2/com/strategicgains/HyperExpress-Siren/2.6/HyperExpress-Siren-2.6.jar
2023-01-30 13:28:45,166 [AetherRepositoryConnector-repo.maven.apache.org-1-2] INFO  o.e.m.c.i.e.AbstractTransferListenerAdapter - Downloaded https://repo.maven.apache.org/maven2/com/strategicgains/HyperExpress-HAL/2.6/HyperExpress-HAL-2.6.jar
2023-01-30 13:28:45,166 [AetherRepositoryConnector-repo.maven.apache.org-1-0] INFO  o.e.m.c.i.e.AbstractTransferListenerAdapter - Downloaded https://repo.maven.apache.org/maven2/com/strategicgains/HyperExpress-Core/2.6/HyperExpress-Core-2.6.jar
2023-01-30 13:28:45,177 [AetherRepositoryConnector-repo.maven.apache.org-1-4] INFO  o.e.m.c.i.e.AbstractTransferListenerAdapter - Downloaded https://repo.maven.apache.org/maven2/com/strategicgains/plugin-express/MetricsPlugin/0.3.3/MetricsPlugin-0.3.3.jar
2023-01-30 13:28:45,195 [AetherRepositoryConnector-repo.maven.apache.org-1-0] INFO  o.e.m.c.i.e.AbstractTransferListenerAdapter - Downloading https://repo.maven.apache.org/maven2/com/strategicgains/plugin-express/SwaggerPlugin/0.3.3/SwaggerPlugin-0.3.3.jar
2023-01-30 13:28:45,196 [AetherRepositoryConnector-repo.maven.apache.org-1-3] INFO  o.e.m.c.i.e.AbstractTransferListenerAdapter - Downloaded https://repo.maven.apache.org/maven2/io/dropwizard/metrics/metrics-core/3.1.2/metrics-core-3.1.2.jar
2023-01-30 13:28:45,200 [AetherRepositoryConnector-repo.maven.apache.org-1-2] INFO  o.e.m.c.i.e.AbstractTransferListenerAdapter - Downloading https://repo.maven.apache.org/maven2/org/slf4j/slf4j-api/1.7.15/slf4j-api-1.7.15.jar
2023-01-30 13:28:45,203 [AetherRepositoryConnector-repo.maven.apache.org-1-4] INFO  o.e.m.c.i.e.AbstractTransferListenerAdapter - Downloading https://repo.maven.apache.org/maven2/com/wordnik/swagger-annotations/1.3.8/swagger-annotations-1.3.8.jar
2023-01-30 13:28:45,223 [AetherRepositoryConnector-repo.maven.apache.org-1-3] INFO  o.e.m.c.i.e.AbstractTransferListenerAdapter - Downloading https://repo.maven.apache.org/maven2/com/strategicgains/plugin-express/CORSPlugin/0.3.3/CORSPlugin-0.3.3.jar
2023-01-30 13:28:45,223 [AetherRepositoryConnector-repo.maven.apache.org-1-2] INFO  o.e.m.c.i.e.AbstractTransferListenerAdapter - Downloaded https://repo.maven.apache.org/maven2/org/slf4j/slf4j-api/1.7.15/slf4j-api-1.7.15.jar
2023-01-30 13:28:45,223 [AetherRepositoryConnector-repo.maven.apache.org-1-4] INFO  o.e.m.c.i.e.AbstractTransferListenerAdapter - Downloaded https://repo.maven.apache.org/maven2/com/wordnik/swagger-annotations/1.3.8/swagger-annotations-1.3.8.jar
2023-01-30 13:28:45,233 [AetherRepositoryConnector-repo.maven.apache.org-1-0] INFO  o.e.m.c.i.e.AbstractTransferListenerAdapter - Downloaded https://repo.maven.apache.org/maven2/com/strategicgains/plugin-express/SwaggerPlugin/0.3.3/SwaggerPlugin-0.3.3.jar
2023-01-30 13:28:45,244 [AetherRepositoryConnector-repo.maven.apache.org-1-2] INFO  o.e.m.c.i.e.AbstractTransferListenerAdapter - Downloading https://repo.maven.apache.org/maven2/io/dropwizard/metrics/metrics-graphite/3.1.2/metrics-graphite-3.1.2.jar
2023-01-30 13:28:45,246 [AetherRepositoryConnector-repo.maven.apache.org-1-3] INFO  o.e.m.c.i.e.AbstractTransferListenerAdapter - Downloaded https://repo.maven.apache.org/maven2/com/strategicgains/plugin-express/CORSPlugin/0.3.3/CORSPlugin-0.3.3.jar
2023-01-30 13:28:45,255 [AetherRepositoryConnector-repo.maven.apache.org-1-1] INFO  o.e.m.c.i.e.AbstractTransferListenerAdapter - Downloaded https://repo.maven.apache.org/maven2/com/strategicgains/HyperExpress-Siren/2.6/HyperExpress-Siren-2.6.jar
2023-01-30 13:28:45,256 [AetherRepositoryConnector-repo.maven.apache.org-1-2] INFO  o.e.m.c.i.e.AbstractTransferListenerAdapter - Downloaded https://repo.maven.apache.org/maven2/io/dropwizard/metrics/metrics-graphite/3.1.2/metrics-graphite-3.1.2.jar
2023-01-30 13:28:45,322 [AetherRepositoryConnector-repo.maven.apache.org-1-4] INFO  o.e.m.c.i.e.AbstractTransferListenerAdapter - Downloading https://repo.maven.apache.org/maven2/org/slf4j/slf4j-jcl/1.7.15/slf4j-jcl-1.7.15.jar
2023-01-30 13:28:45,414 [AetherRepositoryConnector-repo.maven.apache.org-1-4] INFO  o.e.m.c.i.e.AbstractTransferListenerAdapter - Downloaded https://repo.maven.apache.org/maven2/org/slf4j/slf4j-jcl/1.7.15/slf4j-jcl-1.7.15.jar
2023-01-30 13:28:45,455 [Worker-6: Creating restexpress-mongodb] INFO  o.e.m.c.i.e.AbstractTransferListenerAdapter - Downloading https://repo.maven.apache.org/maven2/org/apache/maven/plugins/maven-shade-plugin/2.4.1/maven-shade-plugin-2.4.1.pom
2023-01-30 13:28:45,466 [Worker-6: Creating restexpress-mongodb] INFO  o.e.m.c.i.e.AbstractTransferListenerAdapter - Downloaded https://repo.maven.apache.org/maven2/org/apache/maven/plugins/maven-shade-plugin/2.4.1/maven-shade-plugin-2.4.1.pom
2023-01-30 13:28:45,479 [Worker-6: Creating restexpress-mongodb] INFO  o.e.m.c.i.e.AbstractTransferListenerAdapter - Downloading https://repo.maven.apache.org/maven2/org/apache/maven/plugins/maven-plugins/27/maven-plugins-27.pom
2023-01-30 13:28:45,492 [Worker-6: Creating restexpress-mongodb] INFO  o.e.m.c.i.e.AbstractTransferListenerAdapter - Downloaded https://repo.maven.apache.org/maven2/org/apache/maven/plugins/maven-plugins/27/maven-plugins-27.pom
2023-01-30 13:28:45,675 [Worker-6: Creating restexpress-mongodb] INFO  o.e.m.j.i.AbstractJavaProjectConfigurator - Adding source folder /david/src/main/java
2023-01-30 13:28:45,675 [Worker-6: Creating restexpress-mongodb] INFO  o.e.m.j.i.AbstractJavaProjectConfigurator - Adding resource folder /david/src/main/resources
2023-01-30 13:28:45,676 [Worker-6: Creating restexpress-mongodb] INFO  o.e.m.j.i.AbstractJavaProjectConfigurator - Adding source folder /david/src/test/java
2023-01-30 13:28:45,722 [Worker-6: Creating restexpress-mongodb] INFO  o.e.m.c.i.p.ProjectConfigurationManager - Imported and configured 1 project(s) in 3 sec
2023-01-30 13:28:46,361 [Worker-30: Building] WARN  o.e.m.c.i.embedder.EclipseLogger - Using platform encoding (UTF-8 actually) to copy filtered resources, i.e. build is platform dependent!
2023-01-30 13:28:46,363 [Worker-30: Building] INFO  o.e.m.c.i.embedder.EclipseLogger - Copying 1 resource
2023-01-30 13:28:46,368 [Worker-30: Building] WARN  o.e.m.c.i.embedder.EclipseLogger - Using platform encoding (UTF-8 actually) to copy filtered resources, i.e. build is platform dependent!
2023-01-30 13:28:46,369 [Worker-30: Building] INFO  o.e.m.c.i.embedder.EclipseLogger - skip non existing resourceDirectory /home/usuario/Desktop/git/pendriveGIT/backupPenDrive/EclipseWorkSpace/david/src/test/resources
2023-01-30 13:28:46,673 [Worker-7: Download sources and javadoc] INFO  o.e.m.c.i.e.AbstractTransferListenerAdapter - Downloading https://repo.maven.apache.org/maven2/com/strategicgains/RestExpress/0.11.3/RestExpress-0.11.3-sources.jar
2023-01-30 13:28:46,709 [Worker-7: Download sources and javadoc] INFO  o.e.m.c.i.e.AbstractTransferListenerAdapter - Downloaded https://repo.maven.apache.org/maven2/com/strategicgains/RestExpress/0.11.3/RestExpress-0.11.3-sources.jar
2023-01-30 13:28:46,709 [Worker-7: Download sources and javadoc] INFO  o.e.m.j.internal.DownloadSourcesJob - Downloaded sources for com.strategicgains:RestExpress:0.11.3
2023-01-30 13:28:46,755 [Worker-7: Download sources and javadoc] INFO  o.e.m.c.i.e.AbstractTransferListenerAdapter - Downloading https://repo.maven.apache.org/maven2/com/strategicgains/RestExpress-Common/0.11.3/RestExpress-Common-0.11.3-sources.jar
2023-01-30 13:28:46,780 [Worker-7: Download sources and javadoc] INFO  o.e.m.c.i.e.AbstractTransferListenerAdapter - Downloaded https://repo.maven.apache.org/maven2/com/strategicgains/RestExpress-Common/0.11.3/RestExpress-Common-0.11.3-sources.jar
2023-01-30 13:28:46,781 [Worker-7: Download sources and javadoc] INFO  o.e.m.j.internal.DownloadSourcesJob - Downloaded sources for com.strategicgains:RestExpress-Common:0.11.3
2023-01-30 13:28:46,835 [Worker-7: Download sources and javadoc] INFO  o.e.m.c.i.e.AbstractTransferListenerAdapter - Downloading https://repo.maven.apache.org/maven2/com/strategicgains/DateAdapterJ/1.1.4/DateAdapterJ-1.1.4-sources.jar
2023-01-30 13:28:46,853 [Worker-7: Download sources and javadoc] INFO  o.e.m.c.i.e.AbstractTransferListenerAdapter - Downloaded https://repo.maven.apache.org/maven2/com/strategicgains/DateAdapterJ/1.1.4/DateAdapterJ-1.1.4-sources.jar
2023-01-30 13:28:46,854 [Worker-7: Download sources and javadoc] INFO  o.e.m.j.internal.DownloadSourcesJob - Downloaded sources for com.strategicgains:DateAdapterJ:1.1.4
2023-01-30 13:28:46,909 [Worker-7: Download sources and javadoc] INFO  o.e.m.c.i.e.AbstractTransferListenerAdapter - Downloading https://repo.maven.apache.org/maven2/com/fasterxml/jackson/core/jackson-databind/2.7.1-1/jackson-databind-2.7.1-1-sources.jar
2023-01-30 13:28:47,016 [Worker-7: Download sources and javadoc] INFO  o.e.m.c.i.e.AbstractTransferListenerAdapter - Downloaded https://repo.maven.apache.org/maven2/com/fasterxml/jackson/core/jackson-databind/2.7.1-1/jackson-databind-2.7.1-1-sources.jar
2023-01-30 13:28:47,016 [Worker-7: Download sources and javadoc] INFO  o.e.m.j.internal.DownloadSourcesJob - Downloaded sources for com.fasterxml.jackson.core:jackson-databind:2.7.1-1
2023-01-30 13:28:47,059 [Worker-7: Download sources and javadoc] INFO  o.e.m.c.i.e.AbstractTransferListenerAdapter - Downloading https://repo.maven.apache.org/maven2/com/fasterxml/jackson/core/jackson-annotations/2.7.0/jackson-annotations-2.7.0-sources.jar
2023-01-30 13:28:47,080 [Worker-7: Download sources and javadoc] INFO  o.e.m.c.i.e.AbstractTransferListenerAdapter - Downloaded https://repo.maven.apache.org/maven2/com/fasterxml/jackson/core/jackson-annotations/2.7.0/jackson-annotations-2.7.0-sources.jar
2023-01-30 13:28:47,081 [Worker-7: Download sources and javadoc] INFO  o.e.m.j.internal.DownloadSourcesJob - Downloaded sources for com.fasterxml.jackson.core:jackson-annotations:2.7.0
2023-01-30 13:28:47,126 [Worker-7: Download sources and javadoc] INFO  o.e.m.c.i.e.AbstractTransferListenerAdapter - Downloading https://repo.maven.apache.org/maven2/com/fasterxml/jackson/core/jackson-core/2.7.1/jackson-core-2.7.1-sources.jar
2023-01-30 13:28:47,168 [Worker-7: Download sources and javadoc] INFO  o.e.m.c.i.e.AbstractTransferListenerAdapter - Downloaded https://repo.maven.apache.org/maven2/com/fasterxml/jackson/core/jackson-core/2.7.1/jackson-core-2.7.1-sources.jar
2023-01-30 13:28:47,169 [Worker-7: Download sources and javadoc] INFO  o.e.m.j.internal.DownloadSourcesJob - Downloaded sources for com.fasterxml.jackson.core:jackson-core:2.7.1
2023-01-30 13:28:47,214 [Worker-7: Download sources and javadoc] INFO  o.e.m.c.i.e.AbstractTransferListenerAdapter - Downloading https://repo.maven.apache.org/maven2/com/thoughtworks/xstream/xstream/1.4.8/xstream-1.4.8-sources.jar
2023-01-30 13:28:47,269 [Worker-7: Download sources and javadoc] INFO  o.e.m.c.i.e.AbstractTransferListenerAdapter - Downloaded https://repo.maven.apache.org/maven2/com/thoughtworks/xstream/xstream/1.4.8/xstream-1.4.8-sources.jar
2023-01-30 13:28:47,269 [Worker-7: Download sources and javadoc] INFO  o.e.m.j.internal.DownloadSourcesJob - Downloaded sources for com.thoughtworks.xstream:xstream:1.4.8
2023-01-30 13:28:47,315 [Worker-7: Download sources and javadoc] INFO  o.e.m.c.i.e.AbstractTransferListenerAdapter - Downloaded https://repo.maven.apache.org/maven2/xmlpull/xmlpull/1.1.3.1/xmlpull-1.1.3.1-sources.jar
2023-01-30 13:28:47,322 [Worker-7: Download sources and javadoc] ERROR o.e.m.j.internal.DownloadSourcesJob - Could not download sources for xmlpull:xmlpull:1.1.3.1
org.eclipse.core.runtime.CoreException: Could not resolve artifact xmlpull:xmlpull:jar:sources:1.1.3.1
	at org.eclipse.m2e.core.internal.embedder.MavenImpl.lambda$6(MavenImpl.java:608) ~[na:na]
	at org.eclipse.m2e.core.internal.embedder.MavenExecutionContext.executeBare(MavenExecutionContext.java:350) ~[na:na]
	at org.eclipse.m2e.core.internal.embedder.MavenExecutionContext.execute(MavenExecutionContext.java:219) ~[na:na]
	at org.eclipse.m2e.core.internal.embedder.MavenExecutionContext.execute(MavenExecutionContext.java:205) ~[na:na]
	at org.eclipse.m2e.core.internal.embedder.MavenImpl.resolve(MavenImpl.java:577) ~[na:na]
	at org.eclipse.m2e.core.internal.embedder.MavenImpl.resolve(MavenImpl.java:562) ~[na:na]
	at org.eclipse.m2e.jdt.internal.DownloadSourcesJob.download(DownloadSourcesJob.java:308) ~[na:na]
	at org.eclipse.m2e.jdt.internal.DownloadSourcesJob.downloadAttachments(DownloadSourcesJob.java:282) ~[na:na]
	at org.eclipse.m2e.jdt.internal.DownloadSourcesJob.downloadMaven(DownloadSourcesJob.java:252) ~[na:na]
	at org.eclipse.m2e.jdt.internal.DownloadSourcesJob.downloadFilesAndPopulateToUpdate(DownloadSourcesJob.java:220) ~[na:na]
	at org.eclipse.m2e.jdt.internal.DownloadSourcesJob.lambda$0(DownloadSourcesJob.java:149) ~[na:na]
	at org.eclipse.m2e.core.internal.embedder.MavenExecutionContext.executeBare(MavenExecutionContext.java:350) ~[na:na]
	at org.eclipse.m2e.core.internal.embedder.MavenExecutionContext.execute(MavenExecutionContext.java:262) ~[na:na]
	at org.eclipse.m2e.core.internal.embedder.MavenExecutionContext.execute(MavenExecutionContext.java:205) ~[na:na]
	at org.eclipse.m2e.core.embedder.IMaven.execute(IMaven.java:270) ~[na:na]
	at org.eclipse.m2e.jdt.internal.DownloadSourcesJob.run(DownloadSourcesJob.java:149) ~[na:na]
	at org.eclipse.core.internal.jobs.Worker.run(Worker.java:63) ~[org.eclipse.core.jobs_3.13.100.v20220817-1539.jar:na]
2023-01-30 13:28:47,369 [Worker-7: Download sources and javadoc] INFO  o.e.m.c.i.e.AbstractTransferListenerAdapter - Downloading https://repo.maven.apache.org/maven2/xpp3/xpp3_min/1.1.4c/xpp3_min-1.1.4c-sources.jar
2023-01-30 13:28:47,388 [Worker-7: Download sources and javadoc] INFO  o.e.m.c.i.e.AbstractTransferListenerAdapter - Downloaded https://repo.maven.apache.org/maven2/xpp3/xpp3_min/1.1.4c/xpp3_min-1.1.4c-sources.jar
2023-01-30 13:28:47,389 [Worker-7: Download sources and javadoc] INFO  o.e.m.j.internal.DownloadSourcesJob - Downloaded sources for xpp3:xpp3_min:1.1.4c
2023-01-30 13:28:47,550 [Worker-7: Download sources and javadoc] INFO  o.e.m.c.i.e.AbstractTransferListenerAdapter - Downloading https://repo.maven.apache.org/maven2/io/netty/netty-all/4.0.34.Final/netty-all-4.0.34.Final-sources.jar
2023-01-30 13:28:47,723 [Worker-7: Download sources and javadoc] INFO  o.e.m.c.i.e.AbstractTransferListenerAdapter - Downloaded https://repo.maven.apache.org/maven2/io/netty/netty-all/4.0.34.Final/netty-all-4.0.34.Final-sources.jar
2023-01-30 13:28:47,724 [Worker-7: Download sources and javadoc] INFO  o.e.m.j.internal.DownloadSourcesJob - Downloaded sources for io.netty:netty-all:4.0.34.Final
2023-01-30 13:28:47,782 [Worker-7: Download sources and javadoc] INFO  o.e.m.c.i.e.AbstractTransferListenerAdapter - Downloading https://repo.maven.apache.org/maven2/org/owasp/encoder/encoder/1.2/encoder-1.2-sources.jar
2023-01-30 13:28:47,805 [Worker-7: Download sources and javadoc] INFO  o.e.m.c.i.e.AbstractTransferListenerAdapter - Downloaded https://repo.maven.apache.org/maven2/org/owasp/encoder/encoder/1.2/encoder-1.2-sources.jar
2023-01-30 13:28:47,806 [Worker-7: Download sources and javadoc] INFO  o.e.m.j.internal.DownloadSourcesJob - Downloaded sources for org.owasp.encoder:encoder:1.2
2023-01-30 13:28:47,857 [Worker-7: Download sources and javadoc] INFO  o.e.m.c.i.e.AbstractTransferListenerAdapter - Downloading https://repo.maven.apache.org/maven2/com/jcraft/jzlib/1.1.3/jzlib-1.1.3-sources.jar
2023-01-30 13:28:47,879 [Worker-7: Download sources and javadoc] INFO  o.e.m.c.i.e.AbstractTransferListenerAdapter - Downloaded https://repo.maven.apache.org/maven2/com/jcraft/jzlib/1.1.3/jzlib-1.1.3-sources.jar
2023-01-30 13:28:47,880 [Worker-7: Download sources and javadoc] INFO  o.e.m.j.internal.DownloadSourcesJob - Downloaded sources for com.jcraft:jzlib:1.1.3
2023-01-30 13:28:47,924 [Worker-7: Download sources and javadoc] INFO  o.e.m.c.i.e.AbstractTransferListenerAdapter - Downloading https://repo.maven.apache.org/maven2/com/strategicgains/Syntaxe/1.0/Syntaxe-1.0-sources.jar
2023-01-30 13:28:47,948 [Worker-7: Download sources and javadoc] INFO  o.e.m.c.i.e.AbstractTransferListenerAdapter - Downloaded https://repo.maven.apache.org/maven2/com/strategicgains/Syntaxe/1.0/Syntaxe-1.0-sources.jar
2023-01-30 13:28:47,949 [Worker-7: Download sources and javadoc] INFO  o.e.m.j.internal.DownloadSourcesJob - Downloaded sources for com.strategicgains:Syntaxe:1.0
2023-01-30 13:28:47,998 [Worker-7: Download sources and javadoc] INFO  o.e.m.c.i.e.AbstractTransferListenerAdapter - Downloading https://repo.maven.apache.org/maven2/com/strategicgains/repoexpress/repoexpress-mongodb/0.4.8/repoexpress-mongodb-0.4.8-sources.jar
2023-01-30 13:28:48,019 [Worker-7: Download sources and javadoc] INFO  o.e.m.c.i.e.AbstractTransferListenerAdapter - Downloaded https://repo.maven.apache.org/maven2/com/strategicgains/repoexpress/repoexpress-mongodb/0.4.8/repoexpress-mongodb-0.4.8-sources.jar
2023-01-30 13:28:48,021 [Worker-7: Download sources and javadoc] INFO  o.e.m.j.internal.DownloadSourcesJob - Downloaded sources for com.strategicgains.repoexpress:repoexpress-mongodb:0.4.8
2023-01-30 13:28:48,074 [Worker-7: Download sources and javadoc] INFO  o.e.m.c.i.e.AbstractTransferListenerAdapter - Downloading https://repo.maven.apache.org/maven2/com/strategicgains/repoexpress/repoexpress-common/0.4.8/repoexpress-common-0.4.8-sources.jar
2023-01-30 13:28:48,094 [Worker-7: Download sources and javadoc] INFO  o.e.m.c.i.e.AbstractTransferListenerAdapter - Downloaded https://repo.maven.apache.org/maven2/com/strategicgains/repoexpress/repoexpress-common/0.4.8/repoexpress-common-0.4.8-sources.jar
2023-01-30 13:28:48,095 [Worker-7: Download sources and javadoc] INFO  o.e.m.j.internal.DownloadSourcesJob - Downloaded sources for com.strategicgains.repoexpress:repoexpress-common:0.4.8
2023-01-30 13:28:48,169 [Worker-7: Download sources and javadoc] INFO  o.e.m.c.i.e.AbstractTransferListenerAdapter - Downloading https://repo.maven.apache.org/maven2/org/mongodb/morphia/morphia/1.1.1/morphia-1.1.1-sources.jar
2023-01-30 13:28:48,215 [Worker-7: Download sources and javadoc] INFO  o.e.m.c.i.e.AbstractTransferListenerAdapter - Downloaded https://repo.maven.apache.org/maven2/org/mongodb/morphia/morphia/1.1.1/morphia-1.1.1-sources.jar
2023-01-30 13:28:48,216 [Worker-7: Download sources and javadoc] INFO  o.e.m.j.internal.DownloadSourcesJob - Downloaded sources for org.mongodb.morphia:morphia:1.1.1
2023-01-30 13:28:48,263 [Worker-7: Download sources and javadoc] INFO  o.e.m.c.i.e.AbstractTransferListenerAdapter - Downloading https://repo.maven.apache.org/maven2/org/mongodb/mongo-java-driver/3.0.2/mongo-java-driver-3.0.2-sources.jar
2023-01-30 13:28:48,363 [Worker-7: Download sources and javadoc] INFO  o.e.m.c.i.e.AbstractTransferListenerAdapter - Downloaded https://repo.maven.apache.org/maven2/org/mongodb/mongo-java-driver/3.0.2/mongo-java-driver-3.0.2-sources.jar
2023-01-30 13:28:48,363 [Worker-7: Download sources and javadoc] INFO  o.e.m.j.internal.DownloadSourcesJob - Downloaded sources for org.mongodb:mongo-java-driver:3.0.2
2023-01-30 13:28:48,473 [Worker-7: Download sources and javadoc] INFO  o.e.m.c.i.e.AbstractTransferListenerAdapter - Downloading https://repo.maven.apache.org/maven2/cglib/cglib-nodep/2.2.2/cglib-nodep-2.2.2-sources.jar
2023-01-30 13:28:48,630 [Worker-7: Download sources and javadoc] INFO  o.e.m.c.i.e.AbstractTransferListenerAdapter - Downloaded https://repo.maven.apache.org/maven2/cglib/cglib-nodep/2.2.2/cglib-nodep-2.2.2-sources.jar
2023-01-30 13:28:48,630 [Worker-7: Download sources and javadoc] INFO  o.e.m.j.internal.DownloadSourcesJob - Downloaded sources for cglib:cglib-nodep:2.2.2
2023-01-30 13:28:48,675 [Worker-7: Download sources and javadoc] INFO  o.e.m.c.i.e.AbstractTransferListenerAdapter - Downloading https://repo.maven.apache.org/maven2/com/thoughtworks/proxytoys/proxytoys/1.0/proxytoys-1.0-sources.jar
2023-01-30 13:28:48,699 [Worker-7: Download sources and javadoc] INFO  o.e.m.c.i.e.AbstractTransferListenerAdapter - Downloaded https://repo.maven.apache.org/maven2/com/thoughtworks/proxytoys/proxytoys/1.0/proxytoys-1.0-sources.jar
2023-01-30 13:28:48,699 [Worker-7: Download sources and javadoc] INFO  o.e.m.j.internal.DownloadSourcesJob - Downloaded sources for com.thoughtworks.proxytoys:proxytoys:1.0
2023-01-30 13:28:48,743 [Worker-7: Download sources and javadoc] INFO  o.e.m.c.i.e.AbstractTransferListenerAdapter - Downloading https://repo.maven.apache.org/maven2/com/strategicgains/plugin-express/CacheControlPlugin/0.3.3/CacheControlPlugin-0.3.3-sources.jar
2023-01-30 13:28:48,762 [Worker-7: Download sources and javadoc] INFO  o.e.m.c.i.e.AbstractTransferListenerAdapter - Downloaded https://repo.maven.apache.org/maven2/com/strategicgains/plugin-express/CacheControlPlugin/0.3.3/CacheControlPlugin-0.3.3-sources.jar
2023-01-30 13:28:48,762 [Worker-7: Download sources and javadoc] INFO  o.e.m.j.internal.DownloadSourcesJob - Downloaded sources for com.strategicgains.plugin-express:CacheControlPlugin:0.3.3
2023-01-30 13:28:48,811 [Worker-7: Download sources and javadoc] INFO  o.e.m.c.i.e.AbstractTransferListenerAdapter - Downloading https://repo.maven.apache.org/maven2/com/strategicgains/HyperExpressPlugin/2.6/HyperExpressPlugin-2.6-sources.jar
2023-01-30 13:28:48,838 [Worker-7: Download sources and javadoc] INFO  o.e.m.c.i.e.AbstractTransferListenerAdapter - Downloaded https://repo.maven.apache.org/maven2/com/strategicgains/HyperExpressPlugin/2.6/HyperExpressPlugin-2.6-sources.jar
2023-01-30 13:28:48,838 [Worker-7: Download sources and javadoc] INFO  o.e.m.j.internal.DownloadSourcesJob - Downloaded sources for com.strategicgains:HyperExpressPlugin:2.6
2023-01-30 13:28:48,887 [Worker-7: Download sources and javadoc] INFO  o.e.m.c.i.e.AbstractTransferListenerAdapter - Downloading https://repo.maven.apache.org/maven2/com/strategicgains/HyperExpress-HAL/2.6/HyperExpress-HAL-2.6-sources.jar
2023-01-30 13:28:48,907 [Worker-7: Download sources and javadoc] INFO  o.e.m.c.i.e.AbstractTransferListenerAdapter - Downloaded https://repo.maven.apache.org/maven2/com/strategicgains/HyperExpress-HAL/2.6/HyperExpress-HAL-2.6-sources.jar
2023-01-30 13:28:48,907 [Worker-7: Download sources and javadoc] INFO  o.e.m.j.internal.DownloadSourcesJob - Downloaded sources for com.strategicgains:HyperExpress-HAL:2.6
2023-01-30 13:28:48,954 [Worker-7: Download sources and javadoc] INFO  o.e.m.c.i.e.AbstractTransferListenerAdapter - Downloading https://repo.maven.apache.org/maven2/com/strategicgains/HyperExpress-Core/2.6/HyperExpress-Core-2.6-sources.jar
2023-01-30 13:28:48,974 [Worker-7: Download sources and javadoc] INFO  o.e.m.c.i.e.AbstractTransferListenerAdapter - Downloaded https://repo.maven.apache.org/maven2/com/strategicgains/HyperExpress-Core/2.6/HyperExpress-Core-2.6-sources.jar
2023-01-30 13:28:48,975 [Worker-7: Download sources and javadoc] INFO  o.e.m.j.internal.DownloadSourcesJob - Downloaded sources for com.strategicgains:HyperExpress-Core:2.6
2023-01-30 13:28:49,025 [Worker-7: Download sources and javadoc] INFO  o.e.m.c.i.e.AbstractTransferListenerAdapter - Downloading https://repo.maven.apache.org/maven2/com/strategicgains/HyperExpress-Siren/2.6/HyperExpress-Siren-2.6-sources.jar
2023-01-30 13:28:49,037 [Worker-7: Download sources and javadoc] INFO  o.e.m.c.i.e.AbstractTransferListenerAdapter - Downloaded https://repo.maven.apache.org/maven2/com/strategicgains/HyperExpress-Siren/2.6/HyperExpress-Siren-2.6-sources.jar
2023-01-30 13:28:49,037 [Worker-7: Download sources and javadoc] INFO  o.e.m.j.internal.DownloadSourcesJob - Downloaded sources for com.strategicgains:HyperExpress-Siren:2.6
2023-01-30 13:28:49,095 [Worker-7: Download sources and javadoc] INFO  o.e.m.c.i.e.AbstractTransferListenerAdapter - Downloading https://repo.maven.apache.org/maven2/com/strategicgains/plugin-express/MetricsPlugin/0.3.3/MetricsPlugin-0.3.3-sources.jar
2023-01-30 13:28:49,123 [Worker-7: Download sources and javadoc] INFO  o.e.m.c.i.e.AbstractTransferListenerAdapter - Downloaded https://repo.maven.apache.org/maven2/com/strategicgains/plugin-express/MetricsPlugin/0.3.3/MetricsPlugin-0.3.3-sources.jar
2023-01-30 13:28:49,123 [Worker-7: Download sources and javadoc] INFO  o.e.m.j.internal.DownloadSourcesJob - Downloaded sources for com.strategicgains.plugin-express:MetricsPlugin:0.3.3
2023-01-30 13:28:49,168 [Worker-7: Download sources and javadoc] INFO  o.e.m.c.i.e.AbstractTransferListenerAdapter - Downloading https://repo.maven.apache.org/maven2/io/dropwizard/metrics/metrics-core/3.1.2/metrics-core-3.1.2-sources.jar
2023-01-30 13:28:49,199 [Worker-7: Download sources and javadoc] INFO  o.e.m.c.i.e.AbstractTransferListenerAdapter - Downloaded https://repo.maven.apache.org/maven2/io/dropwizard/metrics/metrics-core/3.1.2/metrics-core-3.1.2-sources.jar
2023-01-30 13:28:49,200 [Worker-7: Download sources and javadoc] INFO  o.e.m.j.internal.DownloadSourcesJob - Downloaded sources for io.dropwizard.metrics:metrics-core:3.1.2
2023-01-30 13:28:49,321 [Worker-7: Download sources and javadoc] INFO  o.e.m.c.i.e.AbstractTransferListenerAdapter - Downloading https://repo.maven.apache.org/maven2/org/slf4j/slf4j-api/1.7.15/slf4j-api-1.7.15-sources.jar
2023-01-30 13:28:49,340 [Worker-7: Download sources and javadoc] INFO  o.e.m.c.i.e.AbstractTransferListenerAdapter - Downloaded https://repo.maven.apache.org/maven2/org/slf4j/slf4j-api/1.7.15/slf4j-api-1.7.15-sources.jar
2023-01-30 13:28:49,341 [Worker-7: Download sources and javadoc] INFO  o.e.m.j.internal.DownloadSourcesJob - Downloaded sources for org.slf4j:slf4j-api:1.7.15
2023-01-30 13:28:49,400 [Worker-7: Download sources and javadoc] INFO  o.e.m.c.i.e.AbstractTransferListenerAdapter - Downloading https://repo.maven.apache.org/maven2/com/strategicgains/plugin-express/SwaggerPlugin/0.3.3/SwaggerPlugin-0.3.3-sources.jar
2023-01-30 13:28:49,416 [Worker-7: Download sources and javadoc] INFO  o.e.m.c.i.e.AbstractTransferListenerAdapter - Downloaded https://repo.maven.apache.org/maven2/com/strategicgains/plugin-express/SwaggerPlugin/0.3.3/SwaggerPlugin-0.3.3-sources.jar
2023-01-30 13:28:49,417 [Worker-7: Download sources and javadoc] INFO  o.e.m.j.internal.DownloadSourcesJob - Downloaded sources for com.strategicgains.plugin-express:SwaggerPlugin:0.3.3
2023-01-30 13:28:49,462 [Worker-7: Download sources and javadoc] INFO  o.e.m.c.i.e.AbstractTransferListenerAdapter - Downloading https://repo.maven.apache.org/maven2/com/wordnik/swagger-annotations/1.3.8/swagger-annotations-1.3.8-sources.jar
2023-01-30 13:28:49,480 [Worker-7: Download sources and javadoc] INFO  o.e.m.c.i.e.AbstractTransferListenerAdapter - Downloaded https://repo.maven.apache.org/maven2/com/wordnik/swagger-annotations/1.3.8/swagger-annotations-1.3.8-sources.jar
2023-01-30 13:28:49,480 [Worker-7: Download sources and javadoc] INFO  o.e.m.j.internal.DownloadSourcesJob - Downloaded sources for com.wordnik:swagger-annotations:1.3.8
2023-01-30 13:28:49,522 [Worker-7: Download sources and javadoc] INFO  o.e.m.c.i.e.AbstractTransferListenerAdapter - Downloading https://repo.maven.apache.org/maven2/com/strategicgains/plugin-express/CORSPlugin/0.3.3/CORSPlugin-0.3.3-sources.jar
2023-01-30 13:28:49,555 [Worker-7: Download sources and javadoc] INFO  o.e.m.c.i.e.AbstractTransferListenerAdapter - Downloaded https://repo.maven.apache.org/maven2/com/strategicgains/plugin-express/CORSPlugin/0.3.3/CORSPlugin-0.3.3-sources.jar
2023-01-30 13:28:49,556 [Worker-7: Download sources and javadoc] INFO  o.e.m.j.internal.DownloadSourcesJob - Downloaded sources for com.strategicgains.plugin-express:CORSPlugin:0.3.3
2023-01-30 13:28:49,612 [Worker-7: Download sources and javadoc] INFO  o.e.m.c.i.e.AbstractTransferListenerAdapter - Downloading https://repo.maven.apache.org/maven2/io/dropwizard/metrics/metrics-graphite/3.1.2/metrics-graphite-3.1.2-sources.jar
2023-01-30 13:28:49,631 [Worker-7: Download sources and javadoc] INFO  o.e.m.c.i.e.AbstractTransferListenerAdapter - Downloaded https://repo.maven.apache.org/maven2/io/dropwizard/metrics/metrics-graphite/3.1.2/metrics-graphite-3.1.2-sources.jar
2023-01-30 13:28:49,633 [Worker-7: Download sources and javadoc] INFO  o.e.m.j.internal.DownloadSourcesJob - Downloaded sources for io.dropwizard.metrics:metrics-graphite:3.1.2
2023-01-30 13:28:49,858 [Worker-7: Download sources and javadoc] INFO  o.e.m.c.i.e.AbstractTransferListenerAdapter - Downloading https://repo.maven.apache.org/maven2/org/slf4j/slf4j-jcl/1.7.15/slf4j-jcl-1.7.15-sources.jar
2023-01-30 13:28:50,015 [Worker-7: Download sources and javadoc] INFO  o.e.m.c.i.e.AbstractTransferListenerAdapter - Downloaded https://repo.maven.apache.org/maven2/org/slf4j/slf4j-jcl/1.7.15/slf4j-jcl-1.7.15-sources.jar
2023-01-30 13:28:50,016 [Worker-7: Download sources and javadoc] INFO  o.e.m.j.internal.DownloadSourcesJob - Downloaded sources for org.slf4j:slf4j-jcl:1.7.15
2023-01-30 13:28:50,083 [Worker-7: Download sources and javadoc] INFO  o.e.m.c.i.e.AbstractTransferListenerAdapter - Downloading https://repo.maven.apache.org/maven2/commons-logging/commons-logging/1.1.1/commons-logging-1.1.1-sources.jar
2023-01-30 13:28:50,105 [Worker-7: Download sources and javadoc] INFO  o.e.m.c.i.e.AbstractTransferListenerAdapter - Downloaded https://repo.maven.apache.org/maven2/commons-logging/commons-logging/1.1.1/commons-logging-1.1.1-sources.jar
2023-01-30 13:28:50,106 [Worker-7: Download sources and javadoc] INFO  o.e.m.j.internal.DownloadSourcesJob - Downloaded sources for commons-logging:commons-logging:1.1.1
2023-01-30 13:28:50,161 [Worker-7: Download sources and javadoc] INFO  o.e.m.c.i.e.AbstractTransferListenerAdapter - Downloading https://repo.maven.apache.org/maven2/junit/junit/4.11/junit-4.11-sources.jar
2023-01-30 13:28:50,202 [Worker-7: Download sources and javadoc] INFO  o.e.m.c.i.e.AbstractTransferListenerAdapter - Downloaded https://repo.maven.apache.org/maven2/junit/junit/4.11/junit-4.11-sources.jar
2023-01-30 13:28:50,205 [Worker-7: Download sources and javadoc] INFO  o.e.m.j.internal.DownloadSourcesJob - Downloaded sources for junit:junit:4.11
2023-01-30 13:28:50,372 [Worker-6: Building] WARN  o.e.m.c.i.embedder.EclipseLogger - Using platform encoding (UTF-8 actually) to copy filtered resources, i.e. build is platform dependent!
2023-01-30 13:28:50,373 [Worker-6: Building] INFO  o.e.m.c.i.embedder.EclipseLogger - Copying 0 resource
2023-01-30 13:28:50,375 [Worker-6: Building] WARN  o.e.m.c.i.embedder.EclipseLogger - Using platform encoding (UTF-8 actually) to copy filtered resources, i.e. build is platform dependent!
2023-01-30 13:28:50,376 [Worker-6: Building] INFO  o.e.m.c.i.embedder.EclipseLogger - skip non existing resourceDirectory /home/usuario/Desktop/git/pendriveGIT/backupPenDrive/EclipseWorkSpace/david/src/test/resources
2023-01-30 13:28:57,765 [Worker-6: Building] WARN  o.e.m.c.i.embedder.EclipseLogger - Using platform encoding (UTF-8 actually) to copy filtered resources, i.e. build is platform dependent!
2023-01-30 13:28:57,766 [Worker-6: Building] INFO  o.e.m.c.i.embedder.EclipseLogger - Copying 1 resource
2023-01-30 13:28:57,767 [Worker-6: Building] WARN  o.e.m.c.i.embedder.EclipseLogger - Using platform encoding (UTF-8 actually) to copy filtered resources, i.e. build is platform dependent!
2023-01-30 13:28:57,767 [Worker-6: Building] INFO  o.e.m.c.i.embedder.EclipseLogger - skip non existing resourceDirectory /home/usuario/Desktop/git/pendriveGIT/backupPenDrive/EclipseWorkSpace/david/src/test/resources
2023-01-30 13:29:01,116 [Worker-25: Building] WARN  o.e.m.c.i.embedder.EclipseLogger - Using platform encoding (UTF-8 actually) to copy filtered resources, i.e. build is platform dependent!
2023-01-30 13:29:01,117 [Worker-25: Building] INFO  o.e.m.c.i.embedder.EclipseLogger - Copying 1 resource
2023-01-30 13:29:01,118 [Worker-25: Building] WARN  o.e.m.c.i.embedder.EclipseLogger - Using platform encoding (UTF-8 actually) to copy filtered resources, i.e. build is platform dependent!
2023-01-30 13:29:01,118 [Worker-25: Building] INFO  o.e.m.c.i.embedder.EclipseLogger - skip non existing resourceDirectory /home/usuario/Desktop/git/pendriveGIT/backupPenDrive/EclipseWorkSpace/david/src/test/resources
2023-01-30 13:29:55,747 [Worker-6: Building] INFO  o.e.m.c.i.l.LifecycleMappingFactory - Using org.eclipse.m2e.jdt.JarLifecycleMapping lifecycle mapping for MavenProject: david:david:0.0.1-SNAPSHOT @ /home/usuario/Desktop/git/pendriveGIT/backupPenDrive/EclipseWorkSpace/david/pom.xml.
2023-01-30 13:29:55,792 [Worker-6: Building] WARN  o.e.m.c.i.embedder.EclipseLogger - Using platform encoding (UTF-8 actually) to copy filtered resources, i.e. build is platform dependent!
2023-01-30 13:29:55,793 [Worker-6: Building] INFO  o.e.m.c.i.embedder.EclipseLogger - Copying 0 resource
2023-01-30 13:29:55,794 [Worker-6: Building] WARN  o.e.m.c.i.embedder.EclipseLogger - Using platform encoding (UTF-8 actually) to copy filtered resources, i.e. build is platform dependent!
2023-01-30 13:29:55,794 [Worker-6: Building] INFO  o.e.m.c.i.embedder.EclipseLogger - skip non existing resourceDirectory /home/usuario/Desktop/git/pendriveGIT/backupPenDrive/EclipseWorkSpace/david/src/test/resources
2023-01-30 13:29:56,823 [Worker-25: Download sources and javadoc] INFO  o.e.m.c.i.e.AbstractTransferListenerAdapter - Downloading https://repo.maven.apache.org/maven2/org/mongodb/mongo-java-driver/3.12.11/mongo-java-driver-3.12.11-sources.jar
2023-01-30 13:29:56,983 [Worker-25: Download sources and javadoc] INFO  o.e.m.c.i.e.AbstractTransferListenerAdapter - Downloaded https://repo.maven.apache.org/maven2/org/mongodb/mongo-java-driver/3.12.11/mongo-java-driver-3.12.11-sources.jar
2023-01-30 13:29:56,984 [Worker-25: Download sources and javadoc] INFO  o.e.m.j.internal.DownloadSourcesJob - Downloaded sources for org.mongodb:mongo-java-driver:3.12.11
2023-01-30 13:29:57,003 [Worker-25: Building] WARN  o.e.m.c.i.embedder.EclipseLogger - Using platform encoding (UTF-8 actually) to copy filtered resources, i.e. build is platform dependent!
2023-01-30 13:29:57,003 [Worker-25: Building] INFO  o.e.m.c.i.embedder.EclipseLogger - Copying 1 resource
2023-01-30 13:29:57,007 [Worker-25: Building] WARN  o.e.m.c.i.embedder.EclipseLogger - Using platform encoding (UTF-8 actually) to copy filtered resources, i.e. build is platform dependent!
2023-01-30 13:29:57,007 [Worker-25: Building] INFO  o.e.m.c.i.embedder.EclipseLogger - skip non existing resourceDirectory /home/usuario/Desktop/git/pendriveGIT/backupPenDrive/EclipseWorkSpace/david/src/test/resources
2023-01-30 13:30:04,849 [Worker-6: Updating Maven Project] INFO  o.e.m.c.i.p.ProjectConfigurationManager - Update started
2023-01-30 13:30:04,921 [Worker-6: Updating Maven Project] INFO  o.e.m.c.i.l.LifecycleMappingFactory - Using org.eclipse.m2e.jdt.JarLifecycleMapping lifecycle mapping for MavenProject: david:david:0.0.1-SNAPSHOT @ /home/usuario/Desktop/git/pendriveGIT/backupPenDrive/EclipseWorkSpace/david/pom.xml.
2023-01-30 13:30:04,950 [Worker-6: Updating Maven Project] INFO  o.e.m.j.i.AbstractJavaProjectConfigurator - Adding source folder /david/src/main/java
2023-01-30 13:30:04,950 [Worker-6: Updating Maven Project] INFO  o.e.m.j.i.AbstractJavaProjectConfigurator - Adding resource folder /david/src/main/resources
2023-01-30 13:30:04,950 [Worker-6: Updating Maven Project] INFO  o.e.m.j.i.AbstractJavaProjectConfigurator - Adding source folder /david/src/test/java
2023-01-30 13:30:04,983 [Worker-6: Updating Maven Project] INFO  o.e.m.c.i.p.ProjectConfigurationManager - Update completed: 0 sec
2023-01-30 13:30:05,142 [Worker-25: Building] WARN  o.e.m.c.i.embedder.EclipseLogger - Using platform encoding (UTF-8 actually) to copy filtered resources, i.e. build is platform dependent!
2023-01-30 13:30:05,143 [Worker-25: Building] INFO  o.e.m.c.i.embedder.EclipseLogger - Copying 1 resource
2023-01-30 13:30:05,146 [Worker-25: Building] WARN  o.e.m.c.i.embedder.EclipseLogger - Using platform encoding (UTF-8 actually) to copy filtered resources, i.e. build is platform dependent!
2023-01-30 13:30:05,146 [Worker-25: Building] INFO  o.e.m.c.i.embedder.EclipseLogger - skip non existing resourceDirectory /home/usuario/Desktop/git/pendriveGIT/backupPenDrive/EclipseWorkSpace/david/src/test/resources
2023-01-30 13:30:18,871 [Worker-6: Download sources and javadoc] INFO  o.e.m.j.internal.DownloadSourcesJob - Downloaded sources for org.mongodb:mongo-java-driver:3.12.11
2023-01-30 13:30:19,028 [Worker-6: Building] WARN  o.e.m.c.i.embedder.EclipseLogger - Using platform encoding (UTF-8 actually) to copy filtered resources, i.e. build is platform dependent!
2023-01-30 13:30:19,031 [Worker-6: Building] INFO  o.e.m.c.i.embedder.EclipseLogger - Copying 0 resource
2023-01-30 13:30:19,035 [Worker-6: Building] WARN  o.e.m.c.i.embedder.EclipseLogger - Using platform encoding (UTF-8 actually) to copy filtered resources, i.e. build is platform dependent!
2023-01-30 13:30:19,035 [Worker-6: Building] INFO  o.e.m.c.i.embedder.EclipseLogger - skip non existing resourceDirectory /home/usuario/Desktop/git/pendriveGIT/backupPenDrive/EclipseWorkSpace/david/src/test/resources
2023-01-30 13:58:19,109 [Worker-33: Building] WARN  o.e.m.c.i.embedder.EclipseLogger - Using platform encoding (UTF-8 actually) to copy filtered resources, i.e. build is platform dependent!
2023-01-30 13:58:19,112 [Worker-33: Building] INFO  o.e.m.c.i.embedder.EclipseLogger - Copying 1 resource
2023-01-30 13:58:19,114 [Worker-33: Building] WARN  o.e.m.c.i.embedder.EclipseLogger - Using platform encoding (UTF-8 actually) to copy filtered resources, i.e. build is platform dependent!
2023-01-30 13:58:19,114 [Worker-33: Building] INFO  o.e.m.c.i.embedder.EclipseLogger - skip non existing resourceDirectory /home/usuario/Desktop/git/pendriveGIT/backupPenDrive/EclipseWorkSpace/david/src/test/resources
2023-01-30 14:02:52,712 [Worker-33: Building] WARN  o.e.m.c.i.embedder.EclipseLogger - Using platform encoding (UTF-8 actually) to copy filtered resources, i.e. build is platform dependent!
2023-01-30 14:02:52,713 [Worker-33: Building] INFO  o.e.m.c.i.embedder.EclipseLogger - Copying 1 resource
2023-01-30 14:02:52,713 [Worker-33: Building] WARN  o.e.m.c.i.embedder.EclipseLogger - Using platform encoding (UTF-8 actually) to copy filtered resources, i.e. build is platform dependent!
2023-01-30 14:02:52,713 [Worker-33: Building] INFO  o.e.m.c.i.embedder.EclipseLogger - skip non existing resourceDirectory /home/usuario/Desktop/git/pendriveGIT/backupPenDrive/EclipseWorkSpace/david/src/test/resources
2023-01-30 14:03:26,330 [Worker-34: Launching PruebaMongo1] WARN  o.e.m.c.i.embedder.EclipseLogger - Using platform encoding (UTF-8 actually) to copy filtered resources, i.e. build is platform dependent!
2023-01-30 14:03:26,331 [Worker-34: Launching PruebaMongo1] INFO  o.e.m.c.i.embedder.EclipseLogger - Copying 1 resource
2023-01-30 14:03:26,332 [Worker-34: Launching PruebaMongo1] WARN  o.e.m.c.i.embedder.EclipseLogger - Using platform encoding (UTF-8 actually) to copy filtered resources, i.e. build is platform dependent!
2023-01-30 14:03:26,333 [Worker-34: Launching PruebaMongo1] INFO  o.e.m.c.i.embedder.EclipseLogger - skip non existing resourceDirectory /home/usuario/Desktop/git/pendriveGIT/backupPenDrive/EclipseWorkSpace/david/src/test/resources
2023-01-30 14:05:06,198 [Worker-33: Launching PruebaMongo1] WARN  o.e.m.c.i.embedder.EclipseLogger - Using platform encoding (UTF-8 actually) to copy filtered resources, i.e. build is platform dependent!
2023-01-30 14:05:06,199 [Worker-33: Launching PruebaMongo1] INFO  o.e.m.c.i.embedder.EclipseLogger - Copying 1 resource
2023-01-30 14:05:06,199 [Worker-33: Launching PruebaMongo1] WARN  o.e.m.c.i.embedder.EclipseLogger - Using platform encoding (UTF-8 actually) to copy filtered resources, i.e. build is platform dependent!
2023-01-30 14:05:06,199 [Worker-33: Launching PruebaMongo1] INFO  o.e.m.c.i.embedder.EclipseLogger - skip non existing resourceDirectory /home/usuario/Desktop/git/pendriveGIT/backupPenDrive/EclipseWorkSpace/david/src/test/resources
2023-01-30 14:05:31,454 [Worker-33: Launching PruebaMongo1] WARN  o.e.m.c.i.embedder.EclipseLogger - Using platform encoding (UTF-8 actually) to copy filtered resources, i.e. build is platform dependent!
2023-01-30 14:05:31,455 [Worker-33: Launching PruebaMongo1] INFO  o.e.m.c.i.embedder.EclipseLogger - Copying 1 resource
2023-01-30 14:05:31,456 [Worker-33: Launching PruebaMongo1] WARN  o.e.m.c.i.embedder.EclipseLogger - Using platform encoding (UTF-8 actually) to copy filtered resources, i.e. build is platform dependent!
2023-01-30 14:05:31,456 [Worker-33: Launching PruebaMongo1] INFO  o.e.m.c.i.embedder.EclipseLogger - skip non existing resourceDirectory /home/usuario/Desktop/git/pendriveGIT/backupPenDrive/EclipseWorkSpace/david/src/test/resources
2023-01-30 14:05:37,142 [Worker-33: Launching PruebaMongo1] WARN  o.e.m.c.i.embedder.EclipseLogger - Using platform encoding (UTF-8 actually) to copy filtered resources, i.e. build is platform dependent!
2023-01-30 14:05:37,142 [Worker-33: Launching PruebaMongo1] INFO  o.e.m.c.i.embedder.EclipseLogger - Copying 1 resource
2023-01-30 14:05:37,145 [Worker-33: Launching PruebaMongo1] WARN  o.e.m.c.i.embedder.EclipseLogger - Using platform encoding (UTF-8 actually) to copy filtered resources, i.e. build is platform dependent!
2023-01-30 14:05:37,145 [Worker-33: Launching PruebaMongo1] INFO  o.e.m.c.i.embedder.EclipseLogger - skip non existing resourceDirectory /home/usuario/Desktop/git/pendriveGIT/backupPenDrive/EclipseWorkSpace/david/src/test/resources
2023-01-30 14:07:12,162 [Worker-29: Launching PruebaMongo1] WARN  o.e.m.c.i.embedder.EclipseLogger - Using platform encoding (UTF-8 actually) to copy filtered resources, i.e. build is platform dependent!
2023-01-30 14:07:12,162 [Worker-29: Launching PruebaMongo1] INFO  o.e.m.c.i.embedder.EclipseLogger - Copying 1 resource
2023-01-30 14:07:12,163 [Worker-29: Launching PruebaMongo1] WARN  o.e.m.c.i.embedder.EclipseLogger - Using platform encoding (UTF-8 actually) to copy filtered resources, i.e. build is platform dependent!
2023-01-30 14:07:12,163 [Worker-29: Launching PruebaMongo1] INFO  o.e.m.c.i.embedder.EclipseLogger - skip non existing resourceDirectory /home/usuario/Desktop/git/pendriveGIT/backupPenDrive/EclipseWorkSpace/david/src/test/resources
2023-01-30 14:08:52,801 [Worker-36: Building] WARN  o.e.m.c.i.embedder.EclipseLogger - Using platform encoding (UTF-8 actually) to copy filtered resources, i.e. build is platform dependent!
2023-01-30 14:08:52,801 [Worker-36: Building] INFO  o.e.m.c.i.embedder.EclipseLogger - Copying 1 resource
2023-01-30 14:08:52,802 [Worker-36: Building] WARN  o.e.m.c.i.embedder.EclipseLogger - Using platform encoding (UTF-8 actually) to copy filtered resources, i.e. build is platform dependent!
2023-01-30 14:08:52,802 [Worker-36: Building] INFO  o.e.m.c.i.embedder.EclipseLogger - skip non existing resourceDirectory /home/usuario/Desktop/git/pendriveGIT/backupPenDrive/EclipseWorkSpace/david/src/test/resources
2023-01-30 14:12:43,826 [Worker-33: Building] WARN  o.e.m.c.i.embedder.EclipseLogger - Using platform encoding (UTF-8 actually) to copy filtered resources, i.e. build is platform dependent!
2023-01-30 14:12:43,826 [Worker-33: Building] INFO  o.e.m.c.i.embedder.EclipseLogger - Copying 1 resource
2023-01-30 14:12:43,827 [Worker-33: Building] WARN  o.e.m.c.i.embedder.EclipseLogger - Using platform encoding (UTF-8 actually) to copy filtered resources, i.e. build is platform dependent!
2023-01-30 14:12:43,827 [Worker-33: Building] INFO  o.e.m.c.i.embedder.EclipseLogger - skip non existing resourceDirectory /home/usuario/Desktop/git/pendriveGIT/backupPenDrive/EclipseWorkSpace/david/src/test/resources
2023-01-30 14:22:03,450 [Worker-39: Building] WARN  o.e.m.c.i.embedder.EclipseLogger - Using platform encoding (UTF-8 actually) to copy filtered resources, i.e. build is platform dependent!
2023-01-30 14:22:03,451 [Worker-39: Building] INFO  o.e.m.c.i.embedder.EclipseLogger - Copying 1 resource
2023-01-30 14:22:03,451 [Worker-39: Building] WARN  o.e.m.c.i.embedder.EclipseLogger - Using platform encoding (UTF-8 actually) to copy filtered resources, i.e. build is platform dependent!
2023-01-30 14:22:03,452 [Worker-39: Building] INFO  o.e.m.c.i.embedder.EclipseLogger - skip non existing resourceDirectory /home/usuario/Desktop/git/pendriveGIT/backupPenDrive/EclipseWorkSpace/david/src/test/resources
