#
# A fatal error has been detected by the Java Runtime Environment:
#
#  EXCEPTION_ACCESS_VIOLATION (0xc0000005) at pc=0x00000000717d0709, pid=12464, tid=0x0000000000001028
#
# JRE version: OpenJDK Runtime Environment (8.0_352-b08) (build 1.8.0_352-b08)
# Java VM: OpenJDK 64-Bit Server VM (25.352-b08 mixed mode windows-amd64 compressed oops)
# Problematic frame:
# V  [jvm.dll+0x120709]
#
# Failed to write core dump. Minidumps are not enabled by default on client versions of Windows
#
# If you would like to submit a bug report, please visit:
#   https://github.com/corretto/corretto-8/issues/
#

---------------  T H R E A D  ---------------

Current thread (0x000001345b7ec800):  JavaThread "JavaFX Application Thread" [_thread_in_vm, id=4136, stack(0x000000131e200000,0x000000131e300000)]

siginfo: ExceptionCode=0xc0000005, reading address 0x0000000000000000

Registers:
RAX=0x0000000000000000, RBX=0x000001345b7ec800, RCX=0x000001345b7ec800, RDX=0x000000076cdac808
RSP=0x000000131e2f6e00, RBP=0x000000131e2f6ef8, RSI=0x0000000000000000, RDI=0x000001345b7eca60
R8 =0x0000000000000000, R9 =0x000000131e2f6ef8, R10=0x00000000717d0640, R11=0x000000131e2f6df0
R12=0x000000131e2f7070, R13=0x00000134665c4470, R14=0x0000000000000000, R15=0x000001345b7eca60
RIP=0x00000000717d0709, EFLAGS=0x0000000000010246

Top of Stack: (sp=0x000000131e2f6e00)
0x000000131e2f6e00:   00000134665c4470 000000131e2f7070
0x000000131e2f6e10:   0000013463cd5cb0 00007ffbee1747b1
0x000000131e2f6e20:   0000000000000000 000001343de80000
0x000000131e2f6e30:   000001345b7eca60 0000000000000000
0x000000131e2f6e40:   0000000000000000 000001345b7ec800
0x000000131e2f6e50:   000001345b7ec800 000001345b57d660
0x000000131e2f6e60:   0000013400000630 0000000071c94360
0x000000131e2f6e70:   0000013400000630 0000000071c94360
0x000000131e2f6e80:   000000131e2f6f50 00007ffb812c6068
0x000000131e2f6e90:   0000013463cd5cb0 0000013400000000
0x000000131e2f6ea0:   0000000000000000 00007ffb7f808810
0x000000131e2f6eb0:   0000013463399868 000000131e2f6fe0
0x000000131e2f6ec0:   0000013463399860 0000013463399848
0x000000131e2f6ed0:   000000131e2f6fe0 00007ffb7f8a3233
0x000000131e2f6ee0:   0000013463b6f670 0000000000000000
0x000000131e2f6ef0:   0000000000000000 0000013463399848 

Instructions: (pc=0x00000000717d0709)
0x00000000717d06e9:   00 00 06 00 00 00 48 89 5c 24 50 4c 89 74 24 58
0x00000000717d06f9:   4c 39 73 08 74 0a 48 8d 4c 24 50 e8 c7 d8 12 00
0x00000000717d0709:   48 8b 06 c7 44 24 40 0c 00 00 00 48 8d 4c 24 70
0x00000000717d0719:   48 8b 50 08 0f b7 42 24 48 8b 52 08 48 8b 54 c2 


Register to memory mapping:

RAX=0x0000000000000000 is an unknown value
RBX=0x000001345b7ec800 is a thread
RCX=0x000001345b7ec800 is a thread
RDX=0x000000076cdac808 is an oop
java.lang.NoSuchMethodError 
 - klass: 'java/lang/NoSuchMethodError'
RSP=0x000000131e2f6e00 is pointing into the stack for thread: 0x000001345b7ec800
RBP=0x000000131e2f6ef8 is pointing into the stack for thread: 0x000001345b7ec800
RSI=0x0000000000000000 is an unknown value
RDI=0x000001345b7eca60 is an unknown value
R8 =0x0000000000000000 is an unknown value
R9 =0x000000131e2f6ef8 is pointing into the stack for thread: 0x000001345b7ec800
R10=0x00000000717d0640 is an unknown value
R11=0x000000131e2f6df0 is pointing into the stack for thread: 0x000001345b7ec800
R12=0x000000131e2f7070 is pointing into the stack for thread: 0x000001345b7ec800
R13=0x00000134665c4470 is an unknown value
R14=0x0000000000000000 is an unknown value
R15=0x000001345b7eca60 is an unknown value


Stack: [0x000000131e200000,0x000000131e300000],  sp=0x000000131e2f6e00,  free space=987k
Native frames: (J=compiled Java code, j=interpreted, Vv=VM code, C=native code)
V  [jvm.dll+0x120709]
C  0x00007ffb7f808810
C  0x00007ffb7f8a3233
C  0x00007ffb7f8a34f7
C  0x00007ffb7f8d7d20
C  0x00007ffb7f95521d
C  0x00007ffb7f9f4a98
C  0x00007ffb7f7af4d4
C  0x00007ffb7f7af267
C  0x00007ffb7f7ae036
C  0x00007ffb7fa0070a
C  0x00007ffb7fa0082b
C  0x00007ffb7f9f1c46
C  0x00007ffb7fa006a4
C  0x00007ffb7f9f5175
C  0x00007ffb7f9ffcc2
C  0x00007ffb7fa085df
C  0x00007ffb7f9f37ca
C  0x00007ffb7fa014b5
C  0x00007ffb7f7ae93b
C  0x00007ffb7ffb4844
C  0x00007ffb7ffb915b
C  0x00007ffb7ffb79f9
C  0x00007ffb7f9cd126
C  0x00007ffb7f9c578a
C  0x00007ffb7f7abff9
C  0x00007ffb7f9d8bb1
C  0x00007ffb7f9d690a
C  0x00007ffb7f9dba7a
C  0x00007ffb7f9de9f8
C  0x00007ffb7f9dbc0a
C  0x00007ffb7f9f6be3
C  0x00007ffb7f9f7b1b
C  0x00007ffb7f80f897
C  0x00007ffb7f9f869b
C  0x00007ffb7f9e8499
C  0x00007ffb7f9e4045
C  0x00007ffb7f9e4451
C  0x00007ffb7f81ced9
C  0x000001343f96964e

Java frames: (J=compiled Java code, j=interpreted, Vv=VM code)
j  com.sun.webkit.WebPage.twkOpen(JLjava/lang/String;)V+0
j  com.sun.webkit.WebPage.open(JLjava/lang/String;)V+106
j  javafx.scene.web.WebEngine.load(Ljava/lang/String;)V+96
j  ch.makery.address.controller.JavaDocController.initialize()V+19
v  ~StubRoutines::call_stub
J 1176  sun.reflect.NativeMethodAccessorImpl.invoke0(Ljava/lang/reflect/Method;Ljava/lang/Object;[Ljava/lang/Object;)Ljava/lang/Object; (0 bytes) @ 0x000001343fd972ff [0x000001343fd97280+0x7f]
J 1175 C1 sun.reflect.NativeMethodAccessorImpl.invoke(Ljava/lang/Object;[Ljava/lang/Object;)Ljava/lang/Object; (104 bytes) @ 0x000001343fd989bc [0x000001343fd977c0+0x11fc]
J 1045 C1 sun.reflect.DelegatingMethodAccessorImpl.invoke(Ljava/lang/Object;[Ljava/lang/Object;)Ljava/lang/Object; (10 bytes) @ 0x000001343fd1400c [0x000001343fd13f00+0x10c]
J 1044 C1 java.lang.reflect.Method.invoke(Ljava/lang/Object;[Ljava/lang/Object;)Ljava/lang/Object; (62 bytes) @ 0x000001343fd147b4 [0x000001343fd143c0+0x3f4]
J 2578 C1 sun.reflect.GeneratedMethodAccessor1.invoke(Ljava/lang/Object;[Ljava/lang/Object;)Ljava/lang/Object; (65 bytes) @ 0x0000013440176604 [0x0000013440176240+0x3c4]
J 1045 C1 sun.reflect.DelegatingMethodAccessorImpl.invoke(Ljava/lang/Object;[Ljava/lang/Object;)Ljava/lang/Object; (10 bytes) @ 0x000001343fd1400c [0x000001343fd13f00+0x10c]
J 1044 C1 java.lang.reflect.Method.invoke(Ljava/lang/Object;[Ljava/lang/Object;)Ljava/lang/Object; (62 bytes) @ 0x000001343fd147b4 [0x000001343fd143c0+0x3f4]
J 1140 C1 sun.reflect.misc.MethodUtil.invoke(Ljava/lang/reflect/Method;Ljava/lang/Object;[Ljava/lang/Object;)Ljava/lang/Object; (111 bytes) @ 0x000001343fd8184c [0x000001343fd81380+0x4cc]
j  javafx.fxml.FXMLLoader.loadImpl(Ljava/io/InputStream;Ljava/lang/Class;)Ljava/lang/Object;+346
j  javafx.fxml.FXMLLoader.loadImpl(Ljava/lang/Class;)Ljava/lang/Object;+30
j  javafx.fxml.FXMLLoader.load()Ljava/lang/Object;+14
j  ch.makery.address.Main.showJavaDoc()V+20
j  ch.makery.address.controller.RootLayoutController.handleOpenJavaDoc()V+4
v  ~StubRoutines::call_stub
J 1176  sun.reflect.NativeMethodAccessorImpl.invoke0(Ljava/lang/reflect/Method;Ljava/lang/Object;[Ljava/lang/Object;)Ljava/lang/Object; (0 bytes) @ 0x000001343fd972ff [0x000001343fd97280+0x7f]
J 1175 C1 sun.reflect.NativeMethodAccessorImpl.invoke(Ljava/lang/Object;[Ljava/lang/Object;)Ljava/lang/Object; (104 bytes) @ 0x000001343fd989bc [0x000001343fd977c0+0x11fc]
J 1045 C1 sun.reflect.DelegatingMethodAccessorImpl.invoke(Ljava/lang/Object;[Ljava/lang/Object;)Ljava/lang/Object; (10 bytes) @ 0x000001343fd1400c [0x000001343fd13f00+0x10c]
J 1044 C1 java.lang.reflect.Method.invoke(Ljava/lang/Object;[Ljava/lang/Object;)Ljava/lang/Object; (62 bytes) @ 0x000001343fd147b4 [0x000001343fd143c0+0x3f4]
J 1141 C1 sun.reflect.misc.Trampoline.invoke(Ljava/lang/reflect/Method;Ljava/lang/Object;[Ljava/lang/Object;)Ljava/lang/Object; (11 bytes) @ 0x000001343fd80754 [0x000001343fd80640+0x114]
j  sun.reflect.GeneratedMethodAccessor1.invoke(Ljava/lang/Object;[Ljava/lang/Object;)Ljava/lang/Object;+40
J 1045 C1 sun.reflect.DelegatingMethodAccessorImpl.invoke(Ljava/lang/Object;[Ljava/lang/Object;)Ljava/lang/Object; (10 bytes) @ 0x000001343fd1400c [0x000001343fd13f00+0x10c]
J 1044 C1 java.lang.reflect.Method.invoke(Ljava/lang/Object;[Ljava/lang/Object;)Ljava/lang/Object; (62 bytes) @ 0x000001343fd147b4 [0x000001343fd143c0+0x3f4]
J 1140 C1 sun.reflect.misc.MethodUtil.invoke(Ljava/lang/reflect/Method;Ljava/lang/Object;[Ljava/lang/Object;)Ljava/lang/Object; (111 bytes) @ 0x000001343fd8184c [0x000001343fd81380+0x4cc]
j  javafx.fxml.FXMLLoader$MethodHandler.invoke([Ljava/lang/Object;)V+38
j  javafx.fxml.FXMLLoader$ControllerMethodEventHandler.handle(Ljavafx/event/Event;)V+12
J 2240 C1 com.sun.javafx.event.CompositeEventHandler.dispatchBubblingEvent(Ljavafx/event/Event;)V (57 bytes) @ 0x0000013440087c64 [0x0000013440087880+0x3e4]
J 2239 C1 com.sun.javafx.event.EventHandlerManager.dispatchBubblingEvent(Ljavafx/event/Event;)Ljavafx/event/Event; (23 bytes) @ 0x0000013440088fcc [0x0000013440088920+0x6ac]
J 2203 C1 com.sun.javafx.event.BasicEventDispatcher.dispatchEvent(Ljavafx/event/Event;Ljavafx/event/EventDispatchChain;)Ljavafx/event/Event; (44 bytes) @ 0x0000013440072ebc [0x0000013440072b80+0x33c]
J 2221 C1 com.sun.javafx.event.EventDispatchChainImpl.dispatchEvent(Ljavafx/event/Event;)Ljavafx/event/Event; (101 bytes) @ 0x0000013440081dfc [0x0000013440081c40+0x1bc]
J 2472 C1 com.sun.javafx.event.EventUtil.fireEvent(Ljavafx/event/EventTarget;Ljavafx/event/Event;)Ljavafx/event/Event; (81 bytes) @ 0x0000013440127fb4 [0x00000134401273c0+0xbf4]
J 2471 C1 javafx.event.Event.fireEvent(Ljavafx/event/EventTarget;Ljavafx/event/Event;)V (35 bytes) @ 0x0000013440126d6c [0x0000013440126ca0+0xcc]
j  javafx.scene.control.MenuItem.fire()V+10
j  com.sun.javafx.scene.control.skin.ContextMenuContent$MenuItemContainer.doSelect()V+97
j  com.sun.javafx.scene.control.skin.ContextMenuContent$MenuItemContainer.lambda$createChildren$6(Ljavafx/scene/input/MouseEvent;)V+1
j  com.sun.javafx.scene.control.skin.ContextMenuContent$MenuItemContainer$$Lambda$353.handle(Ljavafx/event/Event;)V+8
j  com.sun.javafx.event.CompositeEventHandler$NormalEventHandlerRecord.handleBubblingEvent(Ljavafx/event/Event;)V+5
J 2240 C1 com.sun.javafx.event.CompositeEventHandler.dispatchBubblingEvent(Ljavafx/event/Event;)V (57 bytes) @ 0x0000013440087acc [0x0000013440087880+0x24c]
J 2239 C1 com.sun.javafx.event.EventHandlerManager.dispatchBubblingEvent(Ljavafx/event/Event;)Ljavafx/event/Event; (23 bytes) @ 0x0000013440088fcc [0x0000013440088920+0x6ac]
J 2238 C1 com.sun.javafx.event.CompositeEventDispatcher.dispatchBubblingEvent(Ljavafx/event/Event;)Ljavafx/event/Event; (35 bytes) @ 0x000001344008829c [0x00000134400880e0+0x1bc]
J 2203 C1 com.sun.javafx.event.BasicEventDispatcher.dispatchEvent(Ljavafx/event/Event;Ljavafx/event/EventDispatchChain;)Ljavafx/event/Event; (44 bytes) @ 0x0000013440072ebc [0x0000013440072b80+0x33c]
J 2221 C1 com.sun.javafx.event.EventDispatchChainImpl.dispatchEvent(Ljavafx/event/Event;)Ljavafx/event/Event; (101 bytes) @ 0x0000013440081dfc [0x0000013440081c40+0x1bc]
J 2203 C1 com.sun.javafx.event.BasicEventDispatcher.dispatchEvent(Ljavafx/event/Event;Ljavafx/event/EventDispatchChain;)Ljavafx/event/Event; (44 bytes) @ 0x0000013440072dd4 [0x0000013440072b80+0x254]
J 2221 C1 com.sun.javafx.event.EventDispatchChainImpl.dispatchEvent(Ljavafx/event/Event;)Ljavafx/event/Event; (101 bytes) @ 0x0000013440081dfc [0x0000013440081c40+0x1bc]
J 2203 C1 com.sun.javafx.event.BasicEventDispatcher.dispatchEvent(Ljavafx/event/Event;Ljavafx/event/EventDispatchChain;)Ljavafx/event/Event; (44 bytes) @ 0x0000013440072dd4 [0x0000013440072b80+0x254]
J 2221 C1 com.sun.javafx.event.EventDispatchChainImpl.dispatchEvent(Ljavafx/event/Event;)Ljavafx/event/Event; (101 bytes) @ 0x0000013440081dfc [0x0000013440081c40+0x1bc]
J 2203 C1 com.sun.javafx.event.BasicEventDispatcher.dispatchEvent(Ljavafx/event/Event;Ljavafx/event/EventDispatchChain;)Ljavafx/event/Event; (44 bytes) @ 0x0000013440072dd4 [0x0000013440072b80+0x254]
J 2221 C1 com.sun.javafx.event.EventDispatchChainImpl.dispatchEvent(Ljavafx/event/Event;)Ljavafx/event/Event; (101 bytes) @ 0x0000013440081dfc [0x0000013440081c40+0x1bc]
J 2472 C1 com.sun.javafx.event.EventUtil.fireEvent(Ljavafx/event/EventTarget;Ljavafx/event/Event;)Ljavafx/event/Event; (81 bytes) @ 0x0000013440127b04 [0x00000134401273c0+0x744]
J 2471 C1 javafx.event.Event.fireEvent(Ljavafx/event/EventTarget;Ljavafx/event/Event;)V (35 bytes) @ 0x0000013440126d6c [0x0000013440126ca0+0xcc]
j  javafx.scene.Scene$MouseHandler.process(Ljavafx/scene/input/MouseEvent;Z)V+491
j  javafx.scene.Scene$MouseHandler.access$1500(Ljavafx/scene/Scene$MouseHandler;Ljavafx/scene/input/MouseEvent;Z)V+3
j  javafx.scene.Scene.impl_processMouseEvent(Ljavafx/scene/input/MouseEvent;)V+6
j  javafx.scene.Scene$ScenePeerListener.mouseEvent(Ljavafx/event/EventType;DDDDLjavafx/scene/input/MouseButton;ZZZZZZZZZ)V+46
j  com.sun.javafx.tk.quantum.GlassViewEventHandler$MouseEventNotification.run()Ljava/lang/Void;+571
j  com.sun.javafx.tk.quantum.GlassViewEventHandler$MouseEventNotification.run()Ljava/lang/Object;+1
v  ~StubRoutines::call_stub
J 2415  java.security.AccessController.doPrivileged(Ljava/security/PrivilegedAction;Ljava/security/AccessControlContext;)Ljava/lang/Object; (0 bytes) @ 0x00000134400ffce6 [0x00000134400ffc80+0x66]
j  com.sun.javafx.tk.quantum.GlassViewEventHandler.lambda$handleMouseEvent$2()Ljava/lang/Void;+11
j  com.sun.javafx.tk.quantum.GlassViewEventHandler$$Lambda$327.get()Ljava/lang/Object;+4
j  com.sun.javafx.tk.quantum.QuantumToolkit.runWithoutRenderLock(Ljava/util/function/Supplier;)Ljava/lang/Object;+18
j  com.sun.javafx.tk.quantum.GlassViewEventHandler.handleMouseEvent(Lcom/sun/glass/ui/View;JIIIIIIIZZ)V+103
j  com.sun.glass.ui.View.handleMouseEvent(JIIIIIIIZZ)V+30
j  com.sun.glass.ui.View.notifyMouse(IIIIIIIZZ)V+181
v  ~StubRoutines::call_stub
j  com.sun.glass.ui.win.WinApplication._runLoop(Ljava/lang/Runnable;)V+0
j  com.sun.glass.ui.win.WinApplication.lambda$null$3(ILjava/lang/Runnable;)V+8
j  com.sun.glass.ui.win.WinApplication$$Lambda$37.run()V+12
j  java.lang.Thread.run()V+11
v  ~StubRoutines::call_stub

---------------  P R O C E S S  ---------------

Java Threads: ( => current thread )
  0x000001345b1aa800 JavaThread "Disposer" daemon [_thread_blocked, id=3472, stack(0x000000131efd0000,0x000000131f0d0000)]
  0x00000134636c2800 JavaThread "mysql-cj-abandoned-connection-cleanup" daemon [_thread_blocked, id=1224, stack(0x000000131eac0000,0x000000131ebc0000)]
  0x0000013463022800 JavaThread "Prism Font Disposer" daemon [_thread_blocked, id=9860, stack(0x000000131e9c0000,0x000000131eac0000)]
  0x000001345bae4000 JavaThread "Thread-3" daemon [_thread_in_native, id=3356, stack(0x000000131e4c0000,0x000000131e5c0000)]
  0x000001345badc800 JavaThread "JavaFX-Launcher" [_thread_blocked, id=2804, stack(0x000000131e5c0000,0x000000131e6c0000)]
=>0x000001345b7ec800 JavaThread "JavaFX Application Thread" [_thread_in_vm, id=4136, stack(0x000000131e200000,0x000000131e300000)]
  0x000001345b7d9800 JavaThread "Thread-1" daemon [_thread_blocked, id=15924, stack(0x000000131e100000,0x000000131e200000)]
  0x000001345b5d1800 JavaThread "QuantumRenderer-0" daemon [_thread_blocked, id=5496, stack(0x000000131df00000,0x000000131e000000)]
  0x000001345b2a6800 JavaThread "Service Thread" daemon [_thread_blocked, id=15600, stack(0x000000131dd00000,0x000000131de00000)]
  0x000001345b207800 JavaThread "C1 CompilerThread3" daemon [_thread_blocked, id=3700, stack(0x000000131dc00000,0x000000131dd00000)]
  0x000001345b1ff000 JavaThread "C2 CompilerThread2" daemon [_thread_blocked, id=16312, stack(0x000000131db00000,0x000000131dc00000)]
  0x000001345b1fa000 JavaThread "C2 CompilerThread1" daemon [_thread_blocked, id=9068, stack(0x000000131da00000,0x000000131db00000)]
  0x000001345b1f9000 JavaThread "C2 CompilerThread0" daemon [_thread_blocked, id=8636, stack(0x000000131d900000,0x000000131da00000)]
  0x000001345b1f4800 JavaThread "Monitor Ctrl-Break" daemon [_thread_in_native, id=2580, stack(0x000000131d800000,0x000000131d900000)]
  0x0000013458ce7000 JavaThread "Attach Listener" daemon [_thread_blocked, id=10876, stack(0x000000131d700000,0x000000131d800000)]
  0x0000013458ce5000 JavaThread "Signal Dispatcher" daemon [_thread_blocked, id=13112, stack(0x000000131d600000,0x000000131d700000)]
  0x0000013458cb0800 JavaThread "Finalizer" daemon [_thread_blocked, id=8592, stack(0x000000131d500000,0x000000131d600000)]
  0x0000013458ca8800 JavaThread "Reference Handler" daemon [_thread_blocked, id=6256, stack(0x000000131d400000,0x000000131d500000)]
  0x000001343debc800 JavaThread "main" [_thread_blocked, id=14528, stack(0x000000131c800000,0x000000131c900000)]

Other Threads:
  0x0000013458c81800 VMThread [stack: 0x000000131d300000,0x000000131d400000] [id=14644]
  0x000001345b2a9800 WatcherThread [stack: 0x000000131de00000,0x000000131df00000] [id=2148]

VM state:not at safepoint (normal execution)

VM Mutex/Monitor currently owned by a thread: None

heap address: 0x00000006c0c00000, size: 4084 MB, Compressed Oops mode: Zero based, Oop shift amount: 3
Narrow klass base: 0x0000000000000000, Narrow klass shift: 3
Compressed class space size: 1073741824 Address: 0x00000007c0000000

Heap:
 PSYoungGen      total 76288K, used 31516K [0x000000076af00000, 0x0000000774400000, 0x00000007c0000000)
  eden space 65536K, 48% used [0x000000076af00000,0x000000076cdc7238,0x000000076ef00000)
  from space 10752K, 0% used [0x000000076f980000,0x000000076f980000,0x0000000770400000)
  to   space 10752K, 0% used [0x000000076ef00000,0x000000076ef00000,0x000000076f980000)
 ParOldGen       total 117760K, used 13338K [0x00000006c0c00000, 0x00000006c7f00000, 0x000000076af00000)
  object space 117760K, 11% used [0x00000006c0c00000,0x00000006c1906b60,0x00000006c7f00000)
 Metaspace       used 25374K, capacity 26816K, committed 26880K, reserved 1073152K
  class space    used 3510K, capacity 3783K, committed 3840K, reserved 1048576K

Card table byte_map: [0x000001344ed10000,0x000001344f510000] byte_map_base: 0x000001344b70a000

Marking Bits: (ParMarkBitMap*) 0x0000000071ea7820
 Begin Bits: [0x000001344fa70000, 0x0000013453a40000)
 End Bits:   [0x0000013453a40000, 0x0000013457a10000)

Polling page: 0x000001343e0c0000

CodeCache: size=245760Kb used=8356Kb max_used=8377Kb free=237403Kb
 bounds [0x000001343f950000, 0x0000013440190000, 0x000001344e950000]
 total_blobs=3336 nmethods=2582 adapters=667
 compilation: enabled

Compilation events (10 events):
Event: 2.198 Thread 0x000001345b207800 2578   !   3       sun.reflect.GeneratedMethodAccessor1::invoke (65 bytes)
Event: 2.198 Thread 0x000001345b1fa000 2579       4       java.lang.Class::reflectionData (49 bytes)
Event: 2.199 Thread 0x000001345b207800 nmethod 2578 0x0000013440176050 code [0x0000013440176240, 0x00000134401769c0]
Event: 2.199 Thread 0x000001345b207800 2580       3       java.lang.reflect.Method::getParameterTypes (11 bytes)
Event: 2.199 Thread 0x000001345b207800 nmethod 2580 0x0000013440176e90 code [0x0000013440177000, 0x0000013440177310]
Event: 2.200 Thread 0x000001345b207800 2581       3       java.util.logging.LogManager::getProperty (9 bytes)
Event: 2.200 Thread 0x000001345b207800 nmethod 2581 0x00000134401773d0 code [0x0000013440177540, 0x0000013440177770]
Event: 2.201 Thread 0x000001345b1fa000 nmethod 2579 0x000001344017a9d0 code [0x000001344017ab60, 0x000001344017b0f8]
Event: 2.202 Thread 0x000001345b1f9000 2582       4       java.lang.Class::getClassLoader (28 bytes)
Event: 2.202 Thread 0x000001345b1f9000 nmethod 2582 0x0000013440178a10 code [0x0000013440178b40, 0x0000013440178bd8]

GC Heap History (6 events):
Event: 0.694 GC heap before
{Heap before GC invocations=1 (full 0):
 PSYoungGen      total 76288K, used 65536K [0x000000076af00000, 0x0000000770400000, 0x00000007c0000000)
  eden space 65536K, 100% used [0x000000076af00000,0x000000076ef00000,0x000000076ef00000)
  from space 10752K, 0% used [0x000000076f980000,0x000000076f980000,0x0000000770400000)
  to   space 10752K, 0% used [0x000000076ef00000,0x000000076ef00000,0x000000076f980000)
 ParOldGen       total 175104K, used 0K [0x00000006c0c00000, 0x00000006cb700000, 0x000000076af00000)
  object space 175104K, 0% used [0x00000006c0c00000,0x00000006c0c00000,0x00000006cb700000)
 Metaspace       used 17027K, capacity 17690K, committed 17920K, reserved 1064960K
  class space    used 2367K, capacity 2534K, committed 2560K, reserved 1048576K
Event: 0.699 GC heap after
Heap after GC invocations=1 (full 0):
 PSYoungGen      total 76288K, used 10751K [0x000000076af00000, 0x0000000770400000, 0x00000007c0000000)
  eden space 65536K, 0% used [0x000000076af00000,0x000000076af00000,0x000000076ef00000)
  from space 10752K, 99% used [0x000000076ef00000,0x000000076f97fc28,0x000000076f980000)
  to   space 10752K, 0% used [0x000000076f980000,0x000000076f980000,0x0000000770400000)
 ParOldGen       total 175104K, used 6596K [0x00000006c0c00000, 0x00000006cb700000, 0x000000076af00000)
  object space 175104K, 3% used [0x00000006c0c00000,0x00000006c12710a0,0x00000006cb700000)
 Metaspace       used 17027K, capacity 17690K, committed 17920K, reserved 1064960K
  class space    used 2367K, capacity 2534K, committed 2560K, reserved 1048576K
}
Event: 0.830 GC heap before
{Heap before GC invocations=2 (full 0):
 PSYoungGen      total 76288K, used 29090K [0x000000076af00000, 0x0000000770400000, 0x00000007c0000000)
  eden space 65536K, 27% used [0x000000076af00000,0x000000076c0e8be8,0x000000076ef00000)
  from space 10752K, 99% used [0x000000076ef00000,0x000000076f97fc28,0x000000076f980000)
  to   space 10752K, 0% used [0x000000076f980000,0x000000076f980000,0x0000000770400000)
 ParOldGen       total 175104K, used 6596K [0x00000006c0c00000, 0x00000006cb700000, 0x000000076af00000)
  object space 175104K, 3% used [0x00000006c0c00000,0x00000006c12710a0,0x00000006cb700000)
 Metaspace       used 20438K, capacity 21202K, committed 21296K, reserved 1067008K
  class space    used 2739K, capacity 2912K, committed 2944K, reserved 1048576K
Event: 0.833 GC heap after
Heap after GC invocations=2 (full 0):
 PSYoungGen      total 76288K, used 10736K [0x000000076af00000, 0x0000000774400000, 0x00000007c0000000)
  eden space 65536K, 0% used [0x000000076af00000,0x000000076af00000,0x000000076ef00000)
  from space 10752K, 99% used [0x000000076f980000,0x00000007703fc360,0x0000000770400000)
  to   space 10752K, 0% used [0x000000076ef00000,0x000000076ef00000,0x000000076f980000)
 ParOldGen       total 175104K, used 9266K [0x00000006c0c00000, 0x00000006cb700000, 0x000000076af00000)
  object space 175104K, 5% used [0x00000006c0c00000,0x00000006c150cab0,0x00000006cb700000)
 Metaspace       used 20438K, capacity 21202K, committed 21296K, reserved 1067008K
  class space    used 2739K, capacity 2912K, committed 2944K, reserved 1048576K
}
Event: 0.833 GC heap before
{Heap before GC invocations=3 (full 1):
 PSYoungGen      total 76288K, used 10736K [0x000000076af00000, 0x0000000774400000, 0x00000007c0000000)
  eden space 65536K, 0% used [0x000000076af00000,0x000000076af00000,0x000000076ef00000)
  from space 10752K, 99% used [0x000000076f980000,0x00000007703fc360,0x0000000770400000)
  to   space 10752K, 0% used [0x000000076ef00000,0x000000076ef00000,0x000000076f980000)
 ParOldGen       total 175104K, used 9266K [0x00000006c0c00000, 0x00000006cb700000, 0x000000076af00000)
  object space 175104K, 5% used [0x00000006c0c00000,0x00000006c150cab0,0x00000006cb700000)
 Metaspace       used 20438K, capacity 21202K, committed 21296K, reserved 1067008K
  class space    used 2739K, capacity 2912K, committed 2944K, reserved 1048576K
Event: 0.845 GC heap after
Heap after GC invocations=3 (full 1):
 PSYoungGen      total 76288K, used 0K [0x000000076af00000, 0x0000000774400000, 0x00000007c0000000)
  eden space 65536K, 0% used [0x000000076af00000,0x000000076af00000,0x000000076ef00000)
  from space 10752K, 0% used [0x000000076f980000,0x000000076f980000,0x0000000770400000)
  to   space 10752K, 0% used [0x000000076ef00000,0x000000076ef00000,0x000000076f980000)
 ParOldGen       total 117760K, used 13338K [0x00000006c0c00000, 0x00000006c7f00000, 0x000000076af00000)
  object space 117760K, 11% used [0x00000006c0c00000,0x00000006c1906b60,0x00000006c7f00000)
 Metaspace       used 20438K, capacity 21202K, committed 21296K, reserved 1067008K
  class space    used 2739K, capacity 2912K, committed 2944K, reserved 1048576K
}

Deoptimization events (10 events):
Event: 1.413 Thread 0x000001345b7ec800 Uncommon trap: reason=class_check action=maybe_recompile pc=0x000001344006c008 method=javafx.scene.Node.updateLocalToParentTransform()V @ 11
Event: 1.413 Thread 0x000001345b7ec800 Uncommon trap: reason=class_check action=maybe_recompile pc=0x000001344006c008 method=javafx.scene.Node.updateLocalToParentTransform()V @ 11
Event: 1.415 Thread 0x000001345b7ec800 Uncommon trap: reason=unstable_if action=reinterpret pc=0x000001343fc66be8 method=jdk.internal.org.objectweb.asm.Type.getArgumentsAndReturnSizes(Ljava/lang/String;)I @ 47
Event: 1.418 Thread 0x000001345b7ec800 Uncommon trap: reason=array_check action=maybe_recompile pc=0x00000134400f31c4 method=com.sun.javafx.css.CompoundSelector.applies(Ljavafx/css/Styleable;[Ljava/util/Set;I)Z @ 128
Event: 1.418 Thread 0x000001345b7ec800 Uncommon trap: reason=array_check action=maybe_recompile pc=0x00000134400f31c4 method=com.sun.javafx.css.CompoundSelector.applies(Ljavafx/css/Styleable;[Ljava/util/Set;I)Z @ 128
Event: 1.418 Thread 0x000001345b7ec800 Uncommon trap: reason=array_check action=maybe_recompile pc=0x00000134400f31c4 method=com.sun.javafx.css.CompoundSelector.applies(Ljavafx/css/Styleable;[Ljava/util/Set;I)Z @ 128
Event: 1.418 Thread 0x000001345b7ec800 Uncommon trap: reason=array_check action=maybe_recompile pc=0x00000134400f31c4 method=com.sun.javafx.css.CompoundSelector.applies(Ljavafx/css/Styleable;[Ljava/util/Set;I)Z @ 128
Event: 2.138 Thread 0x000001345b7ec800 Uncommon trap: reason=unstable_if action=reinterpret pc=0x000001343fe54f40 method=java.util.regex.ASCII.isType(II)Z @ 6
Event: 2.203 Thread 0x000001345b7ec800 Uncommon trap: reason=unstable_if action=reinterpret pc=0x0000013440099c64 method=java.lang.ThreadLocal$ThreadLocalMap.getEntry(Ljava/lang/ThreadLocal;)Ljava/lang/ThreadLocal$ThreadLocalMap$Entry; @ 21
Event: 2.203 Thread 0x000001345b7ec800 Uncommon trap: reason=unstable_if action=reinterpret pc=0x000001344009b584 method=java.lang.ThreadLocal$ThreadLocalMap.getEntry(Ljava/lang/ThreadLocal;)Ljava/lang/ThreadLocal$ThreadLocalMap$Entry; @ 21

Classes redefined (0 events):
No events

Internal exceptions (10 events):
Event: 2.192 Thread 0x000001345b7ec800 Exception <a 'java/io/FileNotFoundException'> (0x000000076cc713f8) thrown at [C:\wsjdk\Corretto8Src\installers\windows\zip\corretto-build\buildRoot\hotspot\src\share\vm\prims\jni.cpp, line 711]
Event: 2.203 Thread 0x000001345b7ec800 Implicit null exception at 0x0000013440099bbc to 0x0000013440099c49
Event: 2.203 Thread 0x000001345b7ec800 Implicit null exception at 0x000001344009b4f4 to 0x000001344009b569
Event: 2.203 Thread 0x000001345b7ec800 Exception <a 'sun/nio/fs/WindowsException'> (0x000000076cd77040) thrown at [C:\wsjdk\Corretto8Src\installers\windows\zip\corretto-build\buildRoot\hotspot\src\share\vm\prims\jni.cpp, line 711]
Event: 2.203 Thread 0x000001345b7ec800 Exception <a 'sun/nio/fs/WindowsException'> (0x000000076cd7a740) thrown at [C:\wsjdk\Corretto8Src\installers\windows\zip\corretto-build\buildRoot\hotspot\src\share\vm\prims\jni.cpp, line 711]
Event: 2.204 Thread 0x000001345b7ec800 Exception <a 'sun/nio/fs/WindowsException'> (0x000000076cd7c490) thrown at [C:\wsjdk\Corretto8Src\installers\windows\zip\corretto-build\buildRoot\hotspot\src\share\vm\prims\jni.cpp, line 711]
Event: 2.204 Thread 0x000001345b7ec800 Exception <a 'sun/nio/fs/WindowsException'> (0x000000076cd7d740) thrown at [C:\wsjdk\Corretto8Src\installers\windows\zip\corretto-build\buildRoot\hotspot\src\share\vm\prims\jni.cpp, line 711]
Event: 2.208 Thread 0x000001345b7ec800 Exception <a 'java/lang/NoSuchMethodError': fwkLoad> (0x000000076cd98dd8) thrown at [C:\wsjdk\Corretto8Src\installers\windows\zip\corretto-build\buildRoot\hotspot\src\share\vm\prims\jni.cpp, line 1584]
Event: 2.209 Thread 0x000001345b7ec800 Exception <a 'java/lang/NoClassDefFoundError': com/sun/webkit/network/URLLoaderBase> (0x000000076cdac1f0) thrown at [C:\wsjdk\Corretto8Src\installers\windows\zip\corretto-build\buildRoot\hotspot\src\share\vm\classfile\systemDictionary.cpp, line 206]
Event: 2.209 Thread 0x000001345b7ec800 Exception <a 'java/lang/NoSuchMethodError': fwkCancel> (0x000000076cdac808) thrown at [C:\wsjdk\Corretto8Src\installers\windows\zip\corretto-build\buildRoot\hotspot\src\share\vm\prims\jni.cpp, line 1584]

Events (10 events):
Event: 2.208 loading class javafx/scene/web/DirectoryLock$Descriptor
Event: 2.208 loading class javafx/scene/web/DirectoryLock$Descriptor done
Event: 2.208 loading class com/sun/webkit/network/URLLoaderBase
Event: 2.208 loading class com/sun/webkit/network/URLLoaderBase done
Event: 2.209 loading class com/sun/webkit/network/FormDataElement
Event: 2.209 loading class com/sun/webkit/network/FormDataElement done
Event: 2.209 loading class com/sun/webkit/network/FormDataElement$FileElement
Event: 2.209 loading class com/sun/webkit/network/FormDataElement$FileElement done
Event: 2.209 loading class com/sun/webkit/network/FormDataElement$ByteArrayElement
Event: 2.209 loading class com/sun/webkit/network/FormDataElement$ByteArrayElement done


Dynamic libraries:
0x00007ff7bf4b0000 - 0x00007ff7bf4ea000 	C:\Users\David\.jdks\corretto-1.8.0_352\bin\java.exe
0x00007ffbee150000 - 0x00007ffbee348000 	C:\Windows\SYSTEM32\ntdll.dll
0x00007ffbec740000 - 0x00007ffbec7ff000 	C:\Windows\System32\KERNEL32.DLL
0x00007ffbeb8f0000 - 0x00007ffbebbc2000 	C:\Windows\System32\KERNELBASE.dll
0x00007ffbed570000 - 0x00007ffbed61e000 	C:\Windows\System32\ADVAPI32.dll
0x00007ffbedf80000 - 0x00007ffbee01e000 	C:\Windows\System32\msvcrt.dll
0x00007ffbec1b0000 - 0x00007ffbec24c000 	C:\Windows\System32\sechost.dll
0x00007ffbed6d0000 - 0x00007ffbed7f5000 	C:\Windows\System32\RPCRT4.dll
0x00007ffbedde0000 - 0x00007ffbedf7d000 	C:\Windows\System32\USER32.dll
0x00007ffbeb850000 - 0x00007ffbeb872000 	C:\Windows\System32\win32u.dll
0x00007ffbed940000 - 0x00007ffbed96b000 	C:\Windows\System32\GDI32.dll
0x00007ffbebe70000 - 0x00007ffbebf7f000 	C:\Windows\System32\gdi32full.dll
0x00007ffbebf80000 - 0x00007ffbec01d000 	C:\Windows\System32\msvcp_win.dll
0x00007ffbec050000 - 0x00007ffbec150000 	C:\Windows\System32\ucrtbase.dll
0x00007ffbd5d60000 - 0x00007ffbd5ffa000 	C:\Windows\WinSxS\amd64_microsoft.windows.common-controls_6595b64144ccf1df_6.0.19041.1110_none_60b5254171f9507e\COMCTL32.dll
0x00007ffbee0d0000 - 0x00007ffbee102000 	C:\Windows\System32\IMM32.DLL
0x00007ffbdc420000 - 0x00007ffbdc50f000 	C:\Users\David\.jdks\corretto-1.8.0_352\jre\bin\msvcr120.dll
0x00007ffbdc2d0000 - 0x00007ffbdc376000 	C:\Users\David\.jdks\corretto-1.8.0_352\jre\bin\msvcp120.dll
0x00000000716b0000 - 0x0000000071f26000 	C:\Users\David\.jdks\corretto-1.8.0_352\jre\bin\server\jvm.dll
0x00007ffbec1a0000 - 0x00007ffbec1a8000 	C:\Windows\System32\PSAPI.DLL
0x00007ffbcfff0000 - 0x00007ffbcfff9000 	C:\Windows\SYSTEM32\WSOCK32.dll
0x00007ffbe3860000 - 0x00007ffbe386a000 	C:\Windows\SYSTEM32\VERSION.dll
0x00007ffbdd580000 - 0x00007ffbdd5a7000 	C:\Windows\SYSTEM32\WINMM.dll
0x00007ffbed8d0000 - 0x00007ffbed93b000 	C:\Windows\System32\WS2_32.dll
0x00007ffbe9080000 - 0x00007ffbe908f000 	C:\Users\David\.jdks\corretto-1.8.0_352\jre\bin\verify.dll
0x00007ffbe6350000 - 0x00007ffbe6379000 	C:\Users\David\.jdks\corretto-1.8.0_352\jre\bin\java.dll
0x00007ffbe5570000 - 0x00007ffbe559a000 	C:\Users\David\.jdks\corretto-1.8.0_352\jre\bin\instrument.dll
0x00007ffbe72c0000 - 0x00007ffbe72d6000 	C:\Users\David\.jdks\corretto-1.8.0_352\jre\bin\zip.dll
0x00007ffbec9e0000 - 0x00007ffbed123000 	C:\Windows\System32\SHELL32.dll
0x00007ffbe9930000 - 0x00007ffbea0c2000 	C:\Windows\SYSTEM32\windows.storage.dll
0x00007ffbec250000 - 0x00007ffbec5a4000 	C:\Windows\System32\combase.dll
0x00007ffbeb240000 - 0x00007ffbeb270000 	C:\Windows\SYSTEM32\Wldp.dll
0x00007ffbed620000 - 0x00007ffbed6cd000 	C:\Windows\System32\SHCORE.dll
0x00007ffbed490000 - 0x00007ffbed4e5000 	C:\Windows\System32\shlwapi.dll
0x00007ffbeb790000 - 0x00007ffbeb7af000 	C:\Windows\SYSTEM32\profapi.dll
0x00007ffbe6330000 - 0x00007ffbe634a000 	C:\Program Files\JetBrains\IntelliJ IDEA Community Edition 2022.2.3\bin\breakgen64.dll
0x00007ffbe6ac0000 - 0x00007ffbe6ada000 	C:\Users\David\.jdks\corretto-1.8.0_352\jre\bin\net.dll
0x00007ffbeaf30000 - 0x00007ffbeaf9a000 	C:\Windows\system32\mswsock.dll
0x000001343e160000 - 0x000001343e163000 	C:\Users\David\.jdks\corretto-1.8.0_352\jre\bin\api-ms-win-core-console-l1-1-0.dll
0x000001343e170000 - 0x000001343e173000 	C:\Users\David\.jdks\corretto-1.8.0_352\jre\bin\api-ms-win-core-datetime-l1-1-0.dll
0x000001343e180000 - 0x000001343e183000 	C:\Users\David\.jdks\corretto-1.8.0_352\jre\bin\api-ms-win-core-debug-l1-1-0.dll
0x000001343e190000 - 0x000001343e193000 	C:\Users\David\.jdks\corretto-1.8.0_352\jre\bin\api-ms-win-core-errorhandling-l1-1-0.dll
0x000001345bd50000 - 0x000001345bd54000 	C:\Users\David\.jdks\corretto-1.8.0_352\jre\bin\api-ms-win-core-file-l1-1-0.dll
0x000001345bd60000 - 0x000001345bd63000 	C:\Users\David\.jdks\corretto-1.8.0_352\jre\bin\api-ms-win-core-file-l1-2-0.dll
0x000001345bd70000 - 0x000001345bd73000 	C:\Users\David\.jdks\corretto-1.8.0_352\jre\bin\api-ms-win-core-file-l2-1-0.dll
0x000001345bd80000 - 0x000001345bd83000 	C:\Users\David\.jdks\corretto-1.8.0_352\jre\bin\api-ms-win-core-handle-l1-1-0.dll
0x000001345bd90000 - 0x000001345bd93000 	C:\Users\David\.jdks\corretto-1.8.0_352\jre\bin\api-ms-win-core-heap-l1-1-0.dll
0x000001345bda0000 - 0x000001345bda3000 	C:\Users\David\.jdks\corretto-1.8.0_352\jre\bin\api-ms-win-core-interlocked-l1-1-0.dll
0x000001345bdb0000 - 0x000001345bdb3000 	C:\Users\David\.jdks\corretto-1.8.0_352\jre\bin\api-ms-win-core-libraryloader-l1-1-0.dll
0x000001345bdc0000 - 0x000001345bdc3000 	C:\Users\David\.jdks\corretto-1.8.0_352\jre\bin\api-ms-win-core-localization-l1-2-0.dll
0x000001345bdd0000 - 0x000001345bdd3000 	C:\Users\David\.jdks\corretto-1.8.0_352\jre\bin\api-ms-win-core-memory-l1-1-0.dll
0x000001345bde0000 - 0x000001345bde3000 	C:\Users\David\.jdks\corretto-1.8.0_352\jre\bin\api-ms-win-core-namedpipe-l1-1-0.dll
0x000001345bdf0000 - 0x000001345bdf3000 	C:\Users\David\.jdks\corretto-1.8.0_352\jre\bin\api-ms-win-core-processenvironment-l1-1-0.dll
0x000001345be00000 - 0x000001345be03000 	C:\Users\David\.jdks\corretto-1.8.0_352\jre\bin\api-ms-win-core-processthreads-l1-1-0.dll
0x000001345be10000 - 0x000001345be13000 	C:\Users\David\.jdks\corretto-1.8.0_352\jre\bin\api-ms-win-core-processthreads-l1-1-1.dll
0x000001345be20000 - 0x000001345be23000 	C:\Users\David\.jdks\corretto-1.8.0_352\jre\bin\api-ms-win-core-profile-l1-1-0.dll
0x000001345be30000 - 0x000001345be33000 	C:\Users\David\.jdks\corretto-1.8.0_352\jre\bin\api-ms-win-core-rtlsupport-l1-1-0.dll
0x000001345be40000 - 0x000001345be43000 	C:\Users\David\.jdks\corretto-1.8.0_352\jre\bin\api-ms-win-core-string-l1-1-0.dll
0x000001345be50000 - 0x000001345be53000 	C:\Users\David\.jdks\corretto-1.8.0_352\jre\bin\api-ms-win-core-synch-l1-1-0.dll
0x000001345be60000 - 0x000001345be63000 	C:\Users\David\.jdks\corretto-1.8.0_352\jre\bin\api-ms-win-core-synch-l1-2-0.dll
0x000001345be70000 - 0x000001345be73000 	C:\Users\David\.jdks\corretto-1.8.0_352\jre\bin\api-ms-win-core-sysinfo-l1-1-0.dll
0x000001345be80000 - 0x000001345be83000 	C:\Users\David\.jdks\corretto-1.8.0_352\jre\bin\api-ms-win-core-timezone-l1-1-0.dll
0x000001345be90000 - 0x000001345be93000 	C:\Users\David\.jdks\corretto-1.8.0_352\jre\bin\api-ms-win-core-util-l1-1-0.dll
0x000001345bea0000 - 0x000001345bea3000 	C:\Users\David\.jdks\corretto-1.8.0_352\jre\bin\api-ms-win-crt-conio-l1-1-0.dll
0x000001345beb0000 - 0x000001345beb4000 	C:\Users\David\.jdks\corretto-1.8.0_352\jre\bin\api-ms-win-crt-convert-l1-1-0.dll
0x000001345bec0000 - 0x000001345bec3000 	C:\Users\David\.jdks\corretto-1.8.0_352\jre\bin\api-ms-win-crt-environment-l1-1-0.dll
0x000001345bed0000 - 0x000001345bed3000 	C:\Users\David\.jdks\corretto-1.8.0_352\jre\bin\api-ms-win-crt-filesystem-l1-1-0.dll
0x000001345bee0000 - 0x000001345bee3000 	C:\Users\David\.jdks\corretto-1.8.0_352\jre\bin\api-ms-win-crt-heap-l1-1-0.dll
0x000001345bef0000 - 0x000001345bef3000 	C:\Users\David\.jdks\corretto-1.8.0_352\jre\bin\api-ms-win-crt-locale-l1-1-0.dll
0x000001345bf00000 - 0x000001345bf05000 	C:\Users\David\.jdks\corretto-1.8.0_352\jre\bin\api-ms-win-crt-math-l1-1-0.dll
0x000001345bf10000 - 0x000001345bf15000 	C:\Users\David\.jdks\corretto-1.8.0_352\jre\bin\api-ms-win-crt-multibyte-l1-1-0.dll
0x000001345bf20000 - 0x000001345bf30000 	C:\Users\David\.jdks\corretto-1.8.0_352\jre\bin\api-ms-win-crt-private-l1-1-0.dll
0x000001345bf30000 - 0x000001345bf33000 	C:\Users\David\.jdks\corretto-1.8.0_352\jre\bin\api-ms-win-crt-process-l1-1-0.dll
0x000001345bf40000 - 0x000001345bf44000 	C:\Users\David\.jdks\corretto-1.8.0_352\jre\bin\api-ms-win-crt-runtime-l1-1-0.dll
0x000001345bf50000 - 0x000001345bf54000 	C:\Users\David\.jdks\corretto-1.8.0_352\jre\bin\api-ms-win-crt-stdio-l1-1-0.dll
0x000001345bf60000 - 0x000001345bf64000 	C:\Users\David\.jdks\corretto-1.8.0_352\jre\bin\api-ms-win-crt-string-l1-1-0.dll
0x000001345bf70000 - 0x000001345bf73000 	C:\Users\David\.jdks\corretto-1.8.0_352\jre\bin\api-ms-win-crt-time-l1-1-0.dll
0x000001345bf80000 - 0x000001345bf83000 	C:\Users\David\.jdks\corretto-1.8.0_352\jre\bin\api-ms-win-crt-utility-l1-1-0.dll
0x00007ffbd81d0000 - 0x00007ffbd82cc000 	C:\Users\David\.jdks\corretto-1.8.0_352\jre\bin\ucrtbase.dll
0x00007ffbe6270000 - 0x00007ffbe6285000 	C:\Users\David\.jdks\corretto-1.8.0_352\jre\bin\vcruntime140.dll
0x00007ffbd8e30000 - 0x00007ffbd8ecb000 	C:\Users\David\.jdks\corretto-1.8.0_352\jre\bin\msvcp140.dll
0x00007ffbcdc30000 - 0x00007ffbcdc81000 	C:\Users\David\.jdks\corretto-1.8.0_352\jre\bin\concrt140.dll
0x00007ffbdc3f0000 - 0x00007ffbdc413000 	C:\Users\David\.jdks\corretto-1.8.0_352\jre\bin\prism_d3d.dll
0x00007ffbdbf10000 - 0x00007ffbdc0df000 	C:\Windows\system32\d3d9.dll
0x00007ffbe9730000 - 0x00007ffbe9742000 	C:\Windows\SYSTEM32\kernel.appcore.dll
0x00007ffbe9550000 - 0x00007ffbe957f000 	C:\Windows\SYSTEM32\dwmapi.dll
0x00007ffbe9260000 - 0x00007ffbe92fe000 	C:\Windows\system32\uxtheme.dll
0x00007ffbe0ef0000 - 0x00007ffbe0fae000 	C:\Windows\System32\DriverStore\FileRepository\nv_dispi.inf_amd64_bd530e4cbd42e0a3\nvldumdx.dll
0x00007ffbeb440000 - 0x00007ffbeb452000 	C:\Windows\SYSTEM32\msasn1.dll
0x00007ffbe3650000 - 0x00007ffbe3681000 	C:\Windows\SYSTEM32\cryptnet.dll
0x00007ffbebc60000 - 0x00007ffbebdb6000 	C:\Windows\System32\CRYPT32.dll
0x00007ffbe31b0000 - 0x00007ffbe32f8000 	C:\Windows\SYSTEM32\drvstore.dll
0x00007ffbeb600000 - 0x00007ffbeb62c000 	C:\Windows\SYSTEM32\devobj.dll
0x00007ffbec150000 - 0x00007ffbec19e000 	C:\Windows\System32\cfgmgr32.dll
0x00007ffbeb140000 - 0x00007ffbeb14c000 	C:\Windows\SYSTEM32\cryptbase.dll
0x00007ffbeb880000 - 0x00007ffbeb8ea000 	C:\Windows\System32\WINTRUST.DLL
0x00007ffbed130000 - 0x00007ffbed14d000 	C:\Windows\System32\imagehlp.dll
0x00007ffbeb120000 - 0x00007ffbeb138000 	C:\Windows\SYSTEM32\CRYPTSP.dll
0x00007ffbea850000 - 0x00007ffbea884000 	C:\Windows\system32\rsaenh.dll
0x00007ffbec020000 - 0x00007ffbec047000 	C:\Windows\System32\bcrypt.dll
0x00007ffbebbd0000 - 0x00007ffbebc52000 	C:\Windows\System32\bcryptPrimitives.dll
0x00007ffb89200000 - 0x00007ffb8b809000 	C:\Windows\System32\DriverStore\FileRepository\nv_dispi.inf_amd64_bd530e4cbd42e0a3\nvd3dumx.dll
0x00007ffbc5550000 - 0x00007ffbc5595000 	C:\Users\David\.jdks\corretto-1.8.0_352\jre\bin\glass.dll
0x00007ffbec810000 - 0x00007ffbec8ea000 	C:\Windows\System32\COMDLG32.dll
0x00007ffbec610000 - 0x00007ffbec73a000 	C:\Windows\System32\ole32.dll
0x00007ffbed800000 - 0x00007ffbed8cd000 	C:\Windows\System32\OLEAUT32.dll
0x00007ffbed360000 - 0x00007ffbed475000 	C:\Windows\System32\MSCTF.dll
0x00007ffba2a00000 - 0x00007ffba2ccf000 	C:\Windows\system32\nvspcap64.dll
0x00007ffbea970000 - 0x00007ffbea9a3000 	C:\Windows\SYSTEM32\ntmarta.dll
0x00007ffbea0e0000 - 0x00007ffbea103000 	C:\Windows\SYSTEM32\gpapi.dll
0x00007ffbe2220000 - 0x00007ffbe225b000 	C:\Windows\SYSTEM32\dxcore.dll
0x00007ffbe5430000 - 0x00007ffbe5444000 	C:\Users\David\.jdks\corretto-1.8.0_352\jre\bin\javafx_font.dll
0x00007ffbcb910000 - 0x00007ffbcbb8f000 	C:\Windows\SYSTEM32\dwrite.dll
0x00007ffbee020000 - 0x00007ffbee0cf000 	C:\Windows\System32\clbcatq.dll
0x00007ffbe45f0000 - 0x00007ffbe47a4000 	C:\Windows\SYSTEM32\WindowsCodecs.dll
0x00007ffbd4650000 - 0x00007ffbd468e000 	C:\Windows\system32\dataexchange.dll
0x00007ffbe7560000 - 0x00007ffbe77c3000 	C:\Windows\system32\d3d11.dll
0x00007ffbe84d0000 - 0x00007ffbe86b3000 	C:\Windows\system32\dcomp.dll
0x00007ffbea110000 - 0x00007ffbea203000 	C:\Windows\system32\dxgi.dll
0x00007ffbe49f0000 - 0x00007ffbe4bf0000 	C:\Windows\system32\twinapi.appcore.dll
0x00007ffbc5510000 - 0x00007ffbc5544000 	C:\Program Files\Common Files\Microsoft Shared\Ink\rtscom.dll
0x00007ffbe6380000 - 0x00007ffbe6479000 	C:\Windows\SYSTEM32\textinputframework.dll
0x00007ffbe8f40000 - 0x00007ffbe9032000 	C:\Windows\System32\CoreMessaging.dll
0x00007ffbe8a90000 - 0x00007ffbe8dee000 	C:\Windows\System32\CoreUIComponents.dll
0x00007ffbe8370000 - 0x00007ffbe84c4000 	C:\Windows\SYSTEM32\wintypes.dll
0x00007ffbeac60000 - 0x00007ffbead2a000 	C:\Windows\SYSTEM32\DNSAPI.dll
0x00007ffbeac20000 - 0x00007ffbeac5b000 	C:\Windows\SYSTEM32\IPHLPAPI.DLL
0x00007ffbed480000 - 0x00007ffbed488000 	C:\Windows\System32\NSI.dll

VM Arguments:
jvm_args: -javaagent:C:\Program Files\JetBrains\IntelliJ IDEA Community Edition 2022.2.3\lib\idea_rt.jar=53915:C:\Program Files\JetBrains\IntelliJ IDEA Community Edition 2022.2.3\bin -Dfile.encoding=UTF-8 
java_command: ch.makery.address.Main
java_class_path (initial): C:\Users\David\.jdks\corretto-1.8.0_352\jre\lib\charsets.jar;C:\Users\David\.jdks\corretto-1.8.0_352\jre\lib\ext\access-bridge-64.jar;C:\Users\David\.jdks\corretto-1.8.0_352\jre\lib\ext\cldrdata.jar;C:\Users\David\.jdks\corretto-1.8.0_352\jre\lib\ext\dnsns.jar;C:\Users\David\.jdks\corretto-1.8.0_352\jre\lib\ext\jaccess.jar;C:\Users\David\.jdks\corretto-1.8.0_352\jre\lib\ext\jfxrt.jar;C:\Users\David\.jdks\corretto-1.8.0_352\jre\lib\ext\localedata.jar;C:\Users\David\.jdks\corretto-1.8.0_352\jre\lib\ext\nashorn.jar;C:\Users\David\.jdks\corretto-1.8.0_352\jre\lib\ext\sunec.jar;C:\Users\David\.jdks\corretto-1.8.0_352\jre\lib\ext\sunjce_provider.jar;C:\Users\David\.jdks\corretto-1.8.0_352\jre\lib\ext\sunmscapi.jar;C:\Users\David\.jdks\corretto-1.8.0_352\jre\lib\ext\sunpkcs11.jar;C:\Users\David\.jdks\corretto-1.8.0_352\jre\lib\ext\zipfs.jar;C:\Users\David\.jdks\corretto-1.8.0_352\jre\lib\jce.jar;C:\Users\David\.jdks\corretto-1.8.0_352\jre\lib\jfr.jar;C:\Users\David\.jdks\corretto-1.8.0_352\jre\lib\jfxswt.jar;C:\Users\David\.jdks\corretto-1.8.0_352\jre\lib\jsse.jar;C:\Users\David\.jdks\corretto-1.8.0_352\jre\lib\management-agent.jar;C:\Users\David\.jdks\corretto-1.8.0_352\jre\lib\resources.jar;C:\Users\David\.jdks\corretto-1.8.0_352\jre\lib\rt.jar;C:\Users\David\Desktop\Proyecto1TPMDM\backupPenDrive\DIU\GestionHoteles\out\production\GestionHoteles;E:\Descargas\mysql-connector-j-8.0.31\mysql-connector-j-8.0.31.jar;C:\Program Files\JetBrains\IntelliJ IDEA Community Edition 2022.2.3\lib\idea_rt.jar
Launcher Type: SUN_STANDARD

Environment Variables:
PATH=C:\Program Files (x86)\Common Files\Oracle\Java\javapath;C:\Windows\system32;C:\Windows;C:\Windows\System32\Wbem;C:\Windows\System32\WindowsPowerShell\v1.0\;C:\Windows\System32\OpenSSH\;C:\Program Files (x86)\NVIDIA Corporation\PhysX\Common;C:\Program Files\NVIDIA Corporation\NVIDIA NvDLISR;C:\Users\David\AppData\Local\Microsoft\WindowsApps;C:\Users\David\AppData\Local\GitHubDesktop\bin;D:\Microsoft VS Code\bin;C:\Program Files\Java\jre1.8.0_351\bin;C:\Program Files\Java\jdk1.8.0_351\bin;
USERNAME=David
OS=Windows_NT
PROCESSOR_IDENTIFIER=AMD64 Family 25 Model 33 Stepping 2, AuthenticAMD



---------------  S Y S T E M  ---------------

OS: Windows 10 , 64 bit Build 19041 (10.0.19041.2251)

CPU:total 12 (initial active 12) (12 cores per cpu, 1 threads per core) family 25 model 33 stepping 2, cmov, cx8, fxsr, mmx, sse, sse2, sse3, ssse3, sse4.1, sse4.2, popcnt, avx, avx2, aes, clmul, erms, mmxext, 3dnowpref, lzcnt, sse4a, tsc, tscinvbit, tscinv, bmi1

Memory: 4k page, physical 16720252k(8032224k free), swap 17768828k(4645028k free)

vm_info: OpenJDK 64-Bit Server VM (25.352-b08) for windows-amd64 JRE (1.8.0_352-b08), built on Oct 14 2022 21:22:09 by "Administrator" with MS VC++ 12.0 (VS2013)

time: Thu Nov 24 21:23:56 2022
timezone: Hora estándar romance
elapsed time: 2.355287 seconds (0d 0h 0m 2s)

