#
# A fatal error has been detected by the Java Runtime Environment:
#
#  EXCEPTION_ACCESS_VIOLATION (0xc0000005) at pc=0x00000000717d0709, pid=11128, tid=0x0000000000001b78
#
# JRE version: OpenJDK Runtime Environment (8.0_352-b08) (build 1.8.0_352-b08)
# Java VM: OpenJDK 64-Bit Server VM (25.352-b08 mixed mode windows-amd64 compressed oops)
# Problematic frame:
# V  [jvm.dll+0x120709]
#
# Failed to write core dump. Minidumps are not enabled by default on client versions of Windows
#
# If you would like to submit a bug report, please visit:
#   https://github.com/corretto/corretto-8/issues/
#

---------------  T H R E A D  ---------------

Current thread (0x0000023be79f2800):  JavaThread "JavaFX Application Thread" [_thread_in_vm, id=7032, stack(0x000000d882000000,0x000000d882100000)]

siginfo: ExceptionCode=0xc0000005, reading address 0x0000000000000000

Registers:
RAX=0x0000000000000000, RBX=0x0000023be79f2800, RCX=0x0000023be79f2800, RDX=0x000000076ce938e8
RSP=0x000000d8820f6ed0, RBP=0x000000d8820f6fc8, RSI=0x0000000000000000, RDI=0x0000023be79f2a60
R8 =0x0000000000000000, R9 =0x000000d8820f6fc8, R10=0x00000000717d0640, R11=0x000000d8820f6ec0
R12=0x000000d8820f7140, R13=0x0000023befc27e00, R14=0x0000000000000000, R15=0x0000023be79f2a60
RIP=0x00000000717d0709, EFLAGS=0x0000000000010246

Top of Stack: (sp=0x000000d8820f6ed0)
0x000000d8820f6ed0:   0000023befc27e00 000000d8820f7140
0x000000d8820f6ee0:   0000023bf001eb20 00007ffbee1747b1
0x000000d8820f6ef0:   0000000000000000 0000023bca270000
0x000000d8820f6f00:   0000023be79f2a60 0000000000000000
0x000000d8820f6f10:   0000000000000000 0000023be79f2800
0x000000d8820f6f20:   0000023be79f2800 0000023be4f425c0
0x000000d8820f6f30:   0000023b00000630 0000000071c94360
0x000000d8820f6f40:   0000023b00000630 0000000071c94360
0x000000d8820f6f50:   000000d8820f7020 00007ffb812c6068
0x000000d8820f6f60:   0000023bf001eb20 0000023b00000000
0x000000d8820f6f70:   0000000000000000 00007ffb7f808810
0x000000d8820f6f80:   0000023bef1b0938 000000d8820f70b0
0x000000d8820f6f90:   0000023bef1b0930 0000023bef1b0918
0x000000d8820f6fa0:   000000d8820f70b0 00007ffb7f8a3233
0x000000d8820f6fb0:   0000023bf31ed790 0000000000000000
0x000000d8820f6fc0:   0000000000000000 0000023bef1b0918 

Instructions: (pc=0x00000000717d0709)
0x00000000717d06e9:   00 00 06 00 00 00 48 89 5c 24 50 4c 89 74 24 58
0x00000000717d06f9:   4c 39 73 08 74 0a 48 8d 4c 24 50 e8 c7 d8 12 00
0x00000000717d0709:   48 8b 06 c7 44 24 40 0c 00 00 00 48 8d 4c 24 70
0x00000000717d0719:   48 8b 50 08 0f b7 42 24 48 8b 52 08 48 8b 54 c2 


Register to memory mapping:

RAX=0x0000000000000000 is an unknown value
RBX=0x0000023be79f2800 is a thread
RCX=0x0000023be79f2800 is a thread
RDX=0x000000076ce938e8 is an oop
java.lang.NoSuchMethodError 
 - klass: 'java/lang/NoSuchMethodError'
RSP=0x000000d8820f6ed0 is pointing into the stack for thread: 0x0000023be79f2800
RBP=0x000000d8820f6fc8 is pointing into the stack for thread: 0x0000023be79f2800
RSI=0x0000000000000000 is an unknown value
RDI=0x0000023be79f2a60 is an unknown value
R8 =0x0000000000000000 is an unknown value
R9 =0x000000d8820f6fc8 is pointing into the stack for thread: 0x0000023be79f2800
R10=0x00000000717d0640 is an unknown value
R11=0x000000d8820f6ec0 is pointing into the stack for thread: 0x0000023be79f2800
R12=0x000000d8820f7140 is pointing into the stack for thread: 0x0000023be79f2800
R13=0x0000023befc27e00 is an unknown value
R14=0x0000000000000000 is an unknown value
R15=0x0000023be79f2a60 is an unknown value


Stack: [0x000000d882000000,0x000000d882100000],  sp=0x000000d8820f6ed0,  free space=987k
Native frames: (J=compiled Java code, j=interpreted, Vv=VM code, C=native code)
V  [jvm.dll+0x120709]
C  0x00007ffb7f808810
C  0x00007ffb7f8a3233
C  0x00007ffb7f8a34f7
C  0x00007ffb7f8d7d20
C  0x00007ffb7f95521d
C  0x00007ffb7f9f4a98
C  0x00007ffb7f7af4d4
C  0x00007ffb7f7af267
C  0x00007ffb7f7ae036
C  0x00007ffb7fa0070a
C  0x00007ffb7fa0082b
C  0x00007ffb7f9f1c46
C  0x00007ffb7fa006a4
C  0x00007ffb7f9f5175
C  0x00007ffb7f9ffcc2
C  0x00007ffb7fa085df
C  0x00007ffb7f9f37ca
C  0x00007ffb7fa014b5
C  0x00007ffb7f7ae93b
C  0x00007ffb7ffb4844
C  0x00007ffb7ffb915b
C  0x00007ffb7ffb79f9
C  0x00007ffb7f9cd126
C  0x00007ffb7f9c578a
C  0x00007ffb7f7abff9
C  0x00007ffb7f9d8bb1
C  0x00007ffb7f9d690a
C  0x00007ffb7f9dba7a
C  0x00007ffb7f9de9f8
C  0x00007ffb7f9dbc0a
C  0x00007ffb7f9f6be3
C  0x00007ffb7f9f7b1b
C  0x00007ffb7f80f897
C  0x00007ffb7f9f869b
C  0x00007ffb7f9e8499
C  0x00007ffb7f9e4045
C  0x00007ffb7f9e4451
C  0x00007ffb7f81ced9
C  0x0000023bcbbc964e

Java frames: (J=compiled Java code, j=interpreted, Vv=VM code)
j  com.sun.webkit.WebPage.twkOpen(JLjava/lang/String;)V+0
j  com.sun.webkit.WebPage.open(JLjava/lang/String;)V+106
j  javafx.scene.web.WebEngine.load(Ljava/lang/String;)V+96
j  ch.makery.address.controller.JavaDocController.initialize()V+31
v  ~StubRoutines::call_stub
J 1171  sun.reflect.NativeMethodAccessorImpl.invoke0(Ljava/lang/reflect/Method;Ljava/lang/Object;[Ljava/lang/Object;)Ljava/lang/Object; (0 bytes) @ 0x0000023bcbffbfff [0x0000023bcbffbf80+0x7f]
J 1170 C1 sun.reflect.NativeMethodAccessorImpl.invoke(Ljava/lang/Object;[Ljava/lang/Object;)Ljava/lang/Object; (104 bytes) @ 0x0000023bcbffb27c [0x0000023bcbffa080+0x11fc]
J 1040 C1 sun.reflect.DelegatingMethodAccessorImpl.invoke(Ljava/lang/Object;[Ljava/lang/Object;)Ljava/lang/Object; (10 bytes) @ 0x0000023bcbf828cc [0x0000023bcbf827c0+0x10c]
J 1039 C1 java.lang.reflect.Method.invoke(Ljava/lang/Object;[Ljava/lang/Object;)Ljava/lang/Object; (62 bytes) @ 0x0000023bcbf7a9f4 [0x0000023bcbf7a600+0x3f4]
J 1137 C1 sun.reflect.misc.Trampoline.invoke(Ljava/lang/reflect/Method;Ljava/lang/Object;[Ljava/lang/Object;)Ljava/lang/Object; (11 bytes) @ 0x0000023bcbfe46d4 [0x0000023bcbfe45c0+0x114]
j  sun.reflect.GeneratedMethodAccessor1.invoke(Ljava/lang/Object;[Ljava/lang/Object;)Ljava/lang/Object;+40
J 1040 C1 sun.reflect.DelegatingMethodAccessorImpl.invoke(Ljava/lang/Object;[Ljava/lang/Object;)Ljava/lang/Object; (10 bytes) @ 0x0000023bcbf828cc [0x0000023bcbf827c0+0x10c]
J 1039 C1 java.lang.reflect.Method.invoke(Ljava/lang/Object;[Ljava/lang/Object;)Ljava/lang/Object; (62 bytes) @ 0x0000023bcbf7a9f4 [0x0000023bcbf7a600+0x3f4]
J 1136 C1 sun.reflect.misc.MethodUtil.invoke(Ljava/lang/reflect/Method;Ljava/lang/Object;[Ljava/lang/Object;)Ljava/lang/Object; (111 bytes) @ 0x0000023bcbfe500c [0x0000023bcbfe4b40+0x4cc]
j  javafx.fxml.FXMLLoader.loadImpl(Ljava/io/InputStream;Ljava/lang/Class;)Ljava/lang/Object;+346
j  javafx.fxml.FXMLLoader.loadImpl(Ljava/lang/Class;)Ljava/lang/Object;+30
j  javafx.fxml.FXMLLoader.load()Ljava/lang/Object;+14
j  ch.makery.address.Main.showJavaDoc()V+20
j  ch.makery.address.controller.RootLayoutController.handleOpenJavaDoc()V+4
v  ~StubRoutines::call_stub
J 1171  sun.reflect.NativeMethodAccessorImpl.invoke0(Ljava/lang/reflect/Method;Ljava/lang/Object;[Ljava/lang/Object;)Ljava/lang/Object; (0 bytes) @ 0x0000023bcbffbfff [0x0000023bcbffbf80+0x7f]
J 1170 C1 sun.reflect.NativeMethodAccessorImpl.invoke(Ljava/lang/Object;[Ljava/lang/Object;)Ljava/lang/Object; (104 bytes) @ 0x0000023bcbffb27c [0x0000023bcbffa080+0x11fc]
J 1040 C1 sun.reflect.DelegatingMethodAccessorImpl.invoke(Ljava/lang/Object;[Ljava/lang/Object;)Ljava/lang/Object; (10 bytes) @ 0x0000023bcbf828cc [0x0000023bcbf827c0+0x10c]
J 1039 C1 java.lang.reflect.Method.invoke(Ljava/lang/Object;[Ljava/lang/Object;)Ljava/lang/Object; (62 bytes) @ 0x0000023bcbf7a9f4 [0x0000023bcbf7a600+0x3f4]
J 1137 C1 sun.reflect.misc.Trampoline.invoke(Ljava/lang/reflect/Method;Ljava/lang/Object;[Ljava/lang/Object;)Ljava/lang/Object; (11 bytes) @ 0x0000023bcbfe46d4 [0x0000023bcbfe45c0+0x114]
j  sun.reflect.GeneratedMethodAccessor1.invoke(Ljava/lang/Object;[Ljava/lang/Object;)Ljava/lang/Object;+40
J 1040 C1 sun.reflect.DelegatingMethodAccessorImpl.invoke(Ljava/lang/Object;[Ljava/lang/Object;)Ljava/lang/Object; (10 bytes) @ 0x0000023bcbf828cc [0x0000023bcbf827c0+0x10c]
J 1039 C1 java.lang.reflect.Method.invoke(Ljava/lang/Object;[Ljava/lang/Object;)Ljava/lang/Object; (62 bytes) @ 0x0000023bcbf7a9f4 [0x0000023bcbf7a600+0x3f4]
J 1136 C1 sun.reflect.misc.MethodUtil.invoke(Ljava/lang/reflect/Method;Ljava/lang/Object;[Ljava/lang/Object;)Ljava/lang/Object; (111 bytes) @ 0x0000023bcbfe500c [0x0000023bcbfe4b40+0x4cc]
j  javafx.fxml.FXMLLoader$MethodHandler.invoke([Ljava/lang/Object;)V+38
j  javafx.fxml.FXMLLoader$ControllerMethodEventHandler.handle(Ljavafx/event/Event;)V+12
J 2231 C1 com.sun.javafx.event.CompositeEventHandler.dispatchBubblingEvent(Ljavafx/event/Event;)V (57 bytes) @ 0x0000023bcc2d2664 [0x0000023bcc2d2280+0x3e4]
J 2230 C1 com.sun.javafx.event.EventHandlerManager.dispatchBubblingEvent(Ljavafx/event/Event;)Ljavafx/event/Event; (23 bytes) @ 0x0000023bcc2d124c [0x0000023bcc2d0ba0+0x6ac]
J 2191 C1 com.sun.javafx.event.BasicEventDispatcher.dispatchEvent(Ljavafx/event/Event;Ljavafx/event/EventDispatchChain;)Ljavafx/event/Event; (44 bytes) @ 0x0000023bcc2bc3fc [0x0000023bcc2bc0c0+0x33c]
J 2209 C1 com.sun.javafx.event.EventDispatchChainImpl.dispatchEvent(Ljavafx/event/Event;)Ljavafx/event/Event; (101 bytes) @ 0x0000023bcc2c8e3c [0x0000023bcc2c8c80+0x1bc]
J 2374 C1 com.sun.javafx.event.EventUtil.fireEvent(Ljavafx/event/EventTarget;Ljavafx/event/Event;)Ljavafx/event/Event; (81 bytes) @ 0x0000023bcc32f684 [0x0000023bcc32eac0+0xbc4]
J 2329 C1 javafx.event.Event.fireEvent(Ljavafx/event/EventTarget;Ljavafx/event/Event;)V (35 bytes) @ 0x0000023bcc3078ec [0x0000023bcc307820+0xcc]
j  javafx.scene.control.MenuItem.fire()V+10
j  com.sun.javafx.scene.control.skin.ContextMenuContent$MenuItemContainer.doSelect()V+97
j  com.sun.javafx.scene.control.skin.ContextMenuContent$MenuItemContainer.lambda$createChildren$6(Ljavafx/scene/input/MouseEvent;)V+1
j  com.sun.javafx.scene.control.skin.ContextMenuContent$MenuItemContainer$$Lambda$353.handle(Ljavafx/event/Event;)V+8
J 2319 C1 com.sun.javafx.event.CompositeEventHandler$NormalEventHandlerRecord.handleBubblingEvent(Ljavafx/event/Event;)V (11 bytes) @ 0x0000023bcc2fd6cc [0x0000023bcc2fd5c0+0x10c]
J 2231 C1 com.sun.javafx.event.CompositeEventHandler.dispatchBubblingEvent(Ljavafx/event/Event;)V (57 bytes) @ 0x0000023bcc2d24cc [0x0000023bcc2d2280+0x24c]
J 2230 C1 com.sun.javafx.event.EventHandlerManager.dispatchBubblingEvent(Ljavafx/event/Event;)Ljavafx/event/Event; (23 bytes) @ 0x0000023bcc2d124c [0x0000023bcc2d0ba0+0x6ac]
J 2229 C1 com.sun.javafx.event.CompositeEventDispatcher.dispatchBubblingEvent(Ljavafx/event/Event;)Ljavafx/event/Event; (35 bytes) @ 0x0000023bcc2d1c1c [0x0000023bcc2d1a60+0x1bc]
J 2191 C1 com.sun.javafx.event.BasicEventDispatcher.dispatchEvent(Ljavafx/event/Event;Ljavafx/event/EventDispatchChain;)Ljavafx/event/Event; (44 bytes) @ 0x0000023bcc2bc3fc [0x0000023bcc2bc0c0+0x33c]
J 2209 C1 com.sun.javafx.event.EventDispatchChainImpl.dispatchEvent(Ljavafx/event/Event;)Ljavafx/event/Event; (101 bytes) @ 0x0000023bcc2c8e3c [0x0000023bcc2c8c80+0x1bc]
J 2191 C1 com.sun.javafx.event.BasicEventDispatcher.dispatchEvent(Ljavafx/event/Event;Ljavafx/event/EventDispatchChain;)Ljavafx/event/Event; (44 bytes) @ 0x0000023bcc2bc314 [0x0000023bcc2bc0c0+0x254]
J 2209 C1 com.sun.javafx.event.EventDispatchChainImpl.dispatchEvent(Ljavafx/event/Event;)Ljavafx/event/Event; (101 bytes) @ 0x0000023bcc2c8e3c [0x0000023bcc2c8c80+0x1bc]
J 2191 C1 com.sun.javafx.event.BasicEventDispatcher.dispatchEvent(Ljavafx/event/Event;Ljavafx/event/EventDispatchChain;)Ljavafx/event/Event; (44 bytes) @ 0x0000023bcc2bc314 [0x0000023bcc2bc0c0+0x254]
J 2209 C1 com.sun.javafx.event.EventDispatchChainImpl.dispatchEvent(Ljavafx/event/Event;)Ljavafx/event/Event; (101 bytes) @ 0x0000023bcc2c8e3c [0x0000023bcc2c8c80+0x1bc]
J 2191 C1 com.sun.javafx.event.BasicEventDispatcher.dispatchEvent(Ljavafx/event/Event;Ljavafx/event/EventDispatchChain;)Ljavafx/event/Event; (44 bytes) @ 0x0000023bcc2bc314 [0x0000023bcc2bc0c0+0x254]
J 2209 C1 com.sun.javafx.event.EventDispatchChainImpl.dispatchEvent(Ljavafx/event/Event;)Ljavafx/event/Event; (101 bytes) @ 0x0000023bcc2c8e3c [0x0000023bcc2c8c80+0x1bc]
J 2374 C1 com.sun.javafx.event.EventUtil.fireEvent(Ljavafx/event/EventTarget;Ljavafx/event/Event;)Ljavafx/event/Event; (81 bytes) @ 0x0000023bcc32f1f4 [0x0000023bcc32eac0+0x734]
J 2361 C1 javafx.scene.Scene$MouseHandler.process(Ljavafx/scene/input/MouseEvent;Z)V (735 bytes) @ 0x0000023bcc32227c [0x0000023bcc31f7c0+0x2abc]
J 2534 C1 javafx.scene.Scene.impl_processMouseEvent(Ljavafx/scene/input/MouseEvent;)V (10 bytes) @ 0x0000023bcc3b1214 [0x0000023bcc3b1140+0xd4]
j  javafx.scene.Scene$ScenePeerListener.mouseEvent(Ljavafx/event/EventType;DDDDLjavafx/scene/input/MouseButton;ZZZZZZZZZ)V+46
j  com.sun.javafx.tk.quantum.GlassViewEventHandler$MouseEventNotification.run()Ljava/lang/Void;+571
j  com.sun.javafx.tk.quantum.GlassViewEventHandler$MouseEventNotification.run()Ljava/lang/Object;+1
v  ~StubRoutines::call_stub
J 2322  java.security.AccessController.doPrivileged(Ljava/security/PrivilegedAction;Ljava/security/AccessControlContext;)Ljava/lang/Object; (0 bytes) @ 0x0000023bcc300e26 [0x0000023bcc300dc0+0x66]
J 2532 C1 com.sun.javafx.tk.quantum.GlassViewEventHandler$$Lambda$327.get()Ljava/lang/Object; (8 bytes) @ 0x0000023bcc3b034c [0x0000023bcc3b0160+0x1ec]
J 2343 C1 com.sun.javafx.tk.quantum.QuantumToolkit.runWithoutRenderLock(Ljava/util/function/Supplier;)Ljava/lang/Object; (49 bytes) @ 0x0000023bcc316524 [0x0000023bcc315fe0+0x544]
J 2529 C1 com.sun.javafx.tk.quantum.GlassViewEventHandler.handleMouseEvent(Lcom/sun/glass/ui/View;JIIIIIIIZZ)V (108 bytes) @ 0x0000023bcc3af1a4 [0x0000023bcc3aed80+0x424]
J 2363 C1 com.sun.glass.ui.View.notifyMouse(IIIIIIIZZ)V (221 bytes) @ 0x0000023bcc3266ac [0x0000023bcc3255a0+0x110c]
v  ~StubRoutines::call_stub
j  com.sun.glass.ui.win.WinApplication._runLoop(Ljava/lang/Runnable;)V+0
j  com.sun.glass.ui.win.WinApplication.lambda$null$3(ILjava/lang/Runnable;)V+8
j  com.sun.glass.ui.win.WinApplication$$Lambda$37.run()V+12
j  java.lang.Thread.run()V+11
v  ~StubRoutines::call_stub

---------------  P R O C E S S  ---------------

Java Threads: ( => current thread )
  0x0000023be7473000 JavaThread "Disposer" daemon [_thread_blocked, id=10536, stack(0x000000d882dc0000,0x000000d882ec0000)]
  0x0000023bef462800 JavaThread "mysql-cj-abandoned-connection-cleanup" daemon [_thread_blocked, id=1832, stack(0x000000d8828b0000,0x000000d8829b0000)]
  0x0000023bef207000 JavaThread "Prism Font Disposer" daemon [_thread_blocked, id=13552, stack(0x000000d8827b0000,0x000000d8828b0000)]
  0x0000023be7d53800 JavaThread "Thread-3" daemon [_thread_in_native, id=2864, stack(0x000000d8822b0000,0x000000d8823b0000)]
  0x0000023be7d94800 JavaThread "JavaFX-Launcher" [_thread_blocked, id=7780, stack(0x000000d8823b0000,0x000000d8824b0000)]
=>0x0000023be79f2800 JavaThread "JavaFX Application Thread" [_thread_in_vm, id=7032, stack(0x000000d882000000,0x000000d882100000)]
  0x0000023be79ef000 JavaThread "Thread-1" daemon [_thread_blocked, id=3264, stack(0x000000d881f00000,0x000000d882000000)]
  0x0000023be788d800 JavaThread "QuantumRenderer-0" daemon [_thread_blocked, id=14012, stack(0x000000d881d00000,0x000000d881e00000)]
  0x0000023be752d800 JavaThread "Service Thread" daemon [_thread_blocked, id=11588, stack(0x000000d881b00000,0x000000d881c00000)]
  0x0000023be7478000 JavaThread "C1 CompilerThread3" daemon [_thread_blocked, id=9544, stack(0x000000d881a00000,0x000000d881b00000)]
  0x0000023be7477000 JavaThread "C2 CompilerThread2" daemon [_thread_blocked, id=6000, stack(0x000000d881900000,0x000000d881a00000)]
  0x0000023be746a800 JavaThread "C2 CompilerThread1" daemon [_thread_blocked, id=12232, stack(0x000000d881800000,0x000000d881900000)]
  0x0000023be7469800 JavaThread "C2 CompilerThread0" daemon [_thread_blocked, id=2076, stack(0x000000d881700000,0x000000d881800000)]
  0x0000023be7462000 JavaThread "Monitor Ctrl-Break" daemon [_thread_in_native, id=16268, stack(0x000000d881600000,0x000000d881700000)]
  0x0000023be4f3f800 JavaThread "Attach Listener" daemon [_thread_blocked, id=1216, stack(0x000000d881500000,0x000000d881600000)]
  0x0000023be4f3f000 JavaThread "Signal Dispatcher" daemon [_thread_blocked, id=5676, stack(0x000000d881400000,0x000000d881500000)]
  0x0000023be4f11000 JavaThread "Finalizer" daemon [_thread_blocked, id=6436, stack(0x000000d881300000,0x000000d881400000)]
  0x0000023be4f0a800 JavaThread "Reference Handler" daemon [_thread_blocked, id=1952, stack(0x000000d881200000,0x000000d881300000)]
  0x0000023bca2ac000 JavaThread "main" [_thread_blocked, id=14360, stack(0x000000d880600000,0x000000d880700000)]

Other Threads:
  0x0000023be4ee3000 VMThread [stack: 0x000000d881100000,0x000000d881200000] [id=6948]
  0x0000023be752f800 WatcherThread [stack: 0x000000d881c00000,0x000000d881d00000] [id=11796]

VM state:not at safepoint (normal execution)

VM Mutex/Monitor currently owned by a thread: None

heap address: 0x00000006c0c00000, size: 4084 MB, Compressed Oops mode: Zero based, Oop shift amount: 3
Narrow klass base: 0x0000000000000000, Narrow klass shift: 3
Compressed class space size: 1073741824 Address: 0x00000007c0000000

Heap:
 PSYoungGen      total 76288K, used 32827K [0x000000076af00000, 0x0000000774400000, 0x00000007c0000000)
  eden space 65536K, 50% used [0x000000076af00000,0x000000076cf0ef10,0x000000076ef00000)
  from space 10752K, 0% used [0x000000076f980000,0x000000076f980000,0x0000000770400000)
  to   space 10752K, 0% used [0x000000076ef00000,0x000000076ef00000,0x000000076f980000)
 ParOldGen       total 116224K, used 13309K [0x00000006c0c00000, 0x00000006c7d80000, 0x000000076af00000)
  object space 116224K, 11% used [0x00000006c0c00000,0x00000006c18ff458,0x00000006c7d80000)
 Metaspace       used 25433K, capacity 26912K, committed 27136K, reserved 1073152K
  class space    used 3517K, capacity 3793K, committed 3840K, reserved 1048576K

Card table byte_map: [0x0000023bdaf70000,0x0000023bdb770000] byte_map_base: 0x0000023bd796a000

Marking Bits: (ParMarkBitMap*) 0x0000000071ea7820
 Begin Bits: [0x0000023bdbcd0000, 0x0000023bdfca0000)
 End Bits:   [0x0000023bdfca0000, 0x0000023be3c70000)

Polling page: 0x0000023bca380000

CodeCache: size=245760Kb used=8669Kb max_used=8690Kb free=237090Kb
 bounds [0x0000023bcbbb0000, 0x0000023bcc440000, 0x0000023bdabb0000]
 total_blobs=3411 nmethods=2654 adapters=670
 compilation: enabled

Compilation events (10 events):
Event: 2.377 Thread 0x0000023be7478000 2650       3       java.lang.invoke.InnerClassLambdaMetafactory::generateFactory (136 bytes)
Event: 2.377 Thread 0x0000023be746a800 2651       4       java.lang.Class::reflectionData (49 bytes)
Event: 2.377 Thread 0x0000023be7478000 nmethod 2650 0x0000023bcc41fed0 code [0x0000023bcc420260, 0x0000023bcc422030]
Event: 2.377 Thread 0x0000023be7478000 2652   !   3       sun.reflect.GeneratedMethodAccessor1::invoke (65 bytes)
Event: 2.378 Thread 0x0000023be7478000 nmethod 2652 0x0000023bcc423610 code [0x0000023bcc423800, 0x0000023bcc423f80]
Event: 2.378 Thread 0x0000023be7478000 2653       3       java.lang.reflect.Method::getParameterTypes (11 bytes)
Event: 2.378 Thread 0x0000023be7478000 nmethod 2653 0x0000023bcc424450 code [0x0000023bcc4245c0, 0x0000023bcc4248d0]
Event: 2.379 Thread 0x0000023be7478000 2654       3       java.util.logging.LogManager::getProperty (9 bytes)
Event: 2.379 Thread 0x0000023be7478000 nmethod 2654 0x0000023bcc424990 code [0x0000023bcc424b00, 0x0000023bcc424d30]
Event: 2.380 Thread 0x0000023be746a800 nmethod 2651 0x0000023bcc427f90 code [0x0000023bcc428120, 0x0000023bcc4286b8]

GC Heap History (6 events):
Event: 0.708 GC heap before
{Heap before GC invocations=1 (full 0):
 PSYoungGen      total 76288K, used 63156K [0x000000076af00000, 0x0000000770400000, 0x00000007c0000000)
  eden space 65536K, 96% used [0x000000076af00000,0x000000076ecad348,0x000000076ef00000)
  from space 10752K, 0% used [0x000000076f980000,0x000000076f980000,0x0000000770400000)
  to   space 10752K, 0% used [0x000000076ef00000,0x000000076ef00000,0x000000076f980000)
 ParOldGen       total 175104K, used 0K [0x00000006c0c00000, 0x00000006cb700000, 0x000000076af00000)
  object space 175104K, 0% used [0x00000006c0c00000,0x00000006c0c00000,0x00000006cb700000)
 Metaspace       used 16958K, capacity 17688K, committed 17920K, reserved 1064960K
  class space    used 2358K, capacity 2533K, committed 2560K, reserved 1048576K
Event: 0.713 GC heap after
Heap after GC invocations=1 (full 0):
 PSYoungGen      total 76288K, used 10727K [0x000000076af00000, 0x0000000770400000, 0x00000007c0000000)
  eden space 65536K, 0% used [0x000000076af00000,0x000000076af00000,0x000000076ef00000)
  from space 10752K, 99% used [0x000000076ef00000,0x000000076f979c60,0x000000076f980000)
  to   space 10752K, 0% used [0x000000076f980000,0x000000076f980000,0x0000000770400000)
 ParOldGen       total 175104K, used 5037K [0x00000006c0c00000, 0x00000006cb700000, 0x000000076af00000)
  object space 175104K, 2% used [0x00000006c0c00000,0x00000006c10eb798,0x00000006cb700000)
 Metaspace       used 16958K, capacity 17688K, committed 17920K, reserved 1064960K
  class space    used 2358K, capacity 2533K, committed 2560K, reserved 1048576K
}
Event: 0.850 GC heap before
{Heap before GC invocations=2 (full 0):
 PSYoungGen      total 76288K, used 30120K [0x000000076af00000, 0x0000000770400000, 0x00000007c0000000)
  eden space 65536K, 29% used [0x000000076af00000,0x000000076c1f0480,0x000000076ef00000)
  from space 10752K, 99% used [0x000000076ef00000,0x000000076f979c60,0x000000076f980000)
  to   space 10752K, 0% used [0x000000076f980000,0x000000076f980000,0x0000000770400000)
 ParOldGen       total 175104K, used 5037K [0x00000006c0c00000, 0x00000006cb700000, 0x000000076af00000)
  object space 175104K, 2% used [0x00000006c0c00000,0x00000006c10eb798,0x00000006cb700000)
 Metaspace       used 20395K, capacity 21202K, committed 21296K, reserved 1067008K
  class space    used 2736K, capacity 2912K, committed 2944K, reserved 1048576K
Event: 0.853 GC heap after
Heap after GC invocations=2 (full 0):
 PSYoungGen      total 76288K, used 10736K [0x000000076af00000, 0x0000000774400000, 0x00000007c0000000)
  eden space 65536K, 0% used [0x000000076af00000,0x000000076af00000,0x000000076ef00000)
  from space 10752K, 99% used [0x000000076f980000,0x00000007703fc360,0x0000000770400000)
  to   space 10752K, 0% used [0x000000076ef00000,0x000000076ef00000,0x000000076f980000)
 ParOldGen       total 175104K, used 7682K [0x00000006c0c00000, 0x00000006cb700000, 0x000000076af00000)
  object space 175104K, 4% used [0x00000006c0c00000,0x00000006c1380b18,0x00000006cb700000)
 Metaspace       used 20395K, capacity 21202K, committed 21296K, reserved 1067008K
  class space    used 2736K, capacity 2912K, committed 2944K, reserved 1048576K
}
Event: 0.853 GC heap before
{Heap before GC invocations=3 (full 1):
 PSYoungGen      total 76288K, used 10736K [0x000000076af00000, 0x0000000774400000, 0x00000007c0000000)
  eden space 65536K, 0% used [0x000000076af00000,0x000000076af00000,0x000000076ef00000)
  from space 10752K, 99% used [0x000000076f980000,0x00000007703fc360,0x0000000770400000)
  to   space 10752K, 0% used [0x000000076ef00000,0x000000076ef00000,0x000000076f980000)
 ParOldGen       total 175104K, used 7682K [0x00000006c0c00000, 0x00000006cb700000, 0x000000076af00000)
  object space 175104K, 4% used [0x00000006c0c00000,0x00000006c1380b18,0x00000006cb700000)
 Metaspace       used 20395K, capacity 21202K, committed 21296K, reserved 1067008K
  class space    used 2736K, capacity 2912K, committed 2944K, reserved 1048576K
Event: 0.864 GC heap after
Heap after GC invocations=3 (full 1):
 PSYoungGen      total 76288K, used 0K [0x000000076af00000, 0x0000000774400000, 0x00000007c0000000)
  eden space 65536K, 0% used [0x000000076af00000,0x000000076af00000,0x000000076ef00000)
  from space 10752K, 0% used [0x000000076f980000,0x000000076f980000,0x0000000770400000)
  to   space 10752K, 0% used [0x000000076ef00000,0x000000076ef00000,0x000000076f980000)
 ParOldGen       total 116224K, used 13309K [0x00000006c0c00000, 0x00000006c7d80000, 0x000000076af00000)
  object space 116224K, 11% used [0x00000006c0c00000,0x00000006c18ff458,0x00000006c7d80000)
 Metaspace       used 20395K, capacity 21202K, committed 21296K, reserved 1067008K
  class space    used 2736K, capacity 2912K, committed 2944K, reserved 1048576K
}

Deoptimization events (10 events):
Event: 1.766 Thread 0x0000023be79f2800 Uncommon trap: reason=class_check action=maybe_recompile pc=0x0000023bcc2b35c8 method=javafx.scene.Node.updateLocalToParentTransform()V @ 11
Event: 1.768 Thread 0x0000023be79f2800 Uncommon trap: reason=unstable_if action=reinterpret pc=0x0000023bcbec4aa8 method=jdk.internal.org.objectweb.asm.Type.getArgumentsAndReturnSizes(Ljava/lang/String;)I @ 47
Event: 1.771 Thread 0x0000023be79f2800 Uncommon trap: reason=array_check action=maybe_recompile pc=0x0000023bcc36d918 method=com.sun.javafx.css.CompoundSelector.applies(Ljavafx/css/Styleable;[Ljava/util/Set;I)Z @ 128
Event: 1.771 Thread 0x0000023be79f2800 Uncommon trap: reason=array_check action=maybe_recompile pc=0x0000023bcc36d918 method=com.sun.javafx.css.CompoundSelector.applies(Ljavafx/css/Styleable;[Ljava/util/Set;I)Z @ 128
Event: 1.771 Thread 0x0000023be79f2800 Uncommon trap: reason=array_check action=maybe_recompile pc=0x0000023bcc36d918 method=com.sun.javafx.css.CompoundSelector.applies(Ljavafx/css/Styleable;[Ljava/util/Set;I)Z @ 128
Event: 1.771 Thread 0x0000023be79f2800 Uncommon trap: reason=array_check action=maybe_recompile pc=0x0000023bcc36d918 method=com.sun.javafx.css.CompoundSelector.applies(Ljavafx/css/Styleable;[Ljava/util/Set;I)Z @ 128
Event: 1.851 Thread 0x0000023be79f2800 Uncommon trap: reason=unstable_if action=reinterpret pc=0x0000023bcc2f9acc method=javafx.scene.Node.getLocalBounds(Lcom/sun/javafx/geom/BaseBounds;Lcom/sun/javafx/geom/transform/BaseTransform;)Lcom/sun/javafx/geom/BaseBounds; @ 4
Event: 2.316 Thread 0x0000023be79f2800 Uncommon trap: reason=unstable_if action=reinterpret pc=0x0000023bcc0be7c0 method=java.util.regex.ASCII.isType(II)Z @ 6
Event: 2.381 Thread 0x0000023be79f2800 Uncommon trap: reason=unstable_if action=reinterpret pc=0x0000023bcc2ea3a4 method=java.lang.ThreadLocal$ThreadLocalMap.getEntry(Ljava/lang/ThreadLocal;)Ljava/lang/ThreadLocal$ThreadLocalMap$Entry; @ 21
Event: 2.381 Thread 0x0000023be79f2800 Uncommon trap: reason=unstable_if action=reinterpret pc=0x0000023bcc2ebcc4 method=java.lang.ThreadLocal$ThreadLocalMap.getEntry(Ljava/lang/ThreadLocal;)Ljava/lang/ThreadLocal$ThreadLocalMap$Entry; @ 21

Classes redefined (0 events):
No events

Internal exceptions (10 events):
Event: 2.370 Thread 0x0000023be79f2800 Exception <a 'java/io/FileNotFoundException'> (0x000000076cd52cb0) thrown at [C:\wsjdk\Corretto8Src\installers\windows\zip\corretto-build\buildRoot\hotspot\src\share\vm\prims\jni.cpp, line 711]
Event: 2.370 Thread 0x0000023be79f2800 Exception <a 'java/io/FileNotFoundException'> (0x000000076cd54d60) thrown at [C:\wsjdk\Corretto8Src\installers\windows\zip\corretto-build\buildRoot\hotspot\src\share\vm\prims\jni.cpp, line 711]
Event: 2.370 Thread 0x0000023be79f2800 Exception <a 'java/io/FileNotFoundException'> (0x000000076cd56b10) thrown at [C:\wsjdk\Corretto8Src\installers\windows\zip\corretto-build\buildRoot\hotspot\src\share\vm\prims\jni.cpp, line 711]
Event: 2.381 Thread 0x0000023be79f2800 Implicit null exception at 0x0000023bcc2ea2fc to 0x0000023bcc2ea389
Event: 2.381 Thread 0x0000023be79f2800 Implicit null exception at 0x0000023bcc2ebc34 to 0x0000023bcc2ebca9
Event: 2.382 Thread 0x0000023be79f2800 Exception <a 'sun/nio/fs/WindowsException'> (0x000000076ce609d8) thrown at [C:\wsjdk\Corretto8Src\installers\windows\zip\corretto-build\buildRoot\hotspot\src\share\vm\prims\jni.cpp, line 711]
Event: 2.383 Thread 0x0000023be79f2800 Exception <a 'sun/nio/fs/WindowsException'> (0x000000076ce680d0) thrown at [C:\wsjdk\Corretto8Src\installers\windows\zip\corretto-build\buildRoot\hotspot\src\share\vm\prims\jni.cpp, line 711]
Event: 2.387 Thread 0x0000023be79f2800 Exception <a 'java/lang/NoSuchMethodError': fwkLoad> (0x000000076ce7feb8) thrown at [C:\wsjdk\Corretto8Src\installers\windows\zip\corretto-build\buildRoot\hotspot\src\share\vm\prims\jni.cpp, line 1584]
Event: 2.387 Thread 0x0000023be79f2800 Exception <a 'java/lang/NoClassDefFoundError': com/sun/webkit/network/URLLoaderBase> (0x000000076ce932d0) thrown at [C:\wsjdk\Corretto8Src\installers\windows\zip\corretto-build\buildRoot\hotspot\src\share\vm\classfile\systemDictionary.cpp, line 206]
Event: 2.387 Thread 0x0000023be79f2800 Exception <a 'java/lang/NoSuchMethodError': fwkCancel> (0x000000076ce938e8) thrown at [C:\wsjdk\Corretto8Src\installers\windows\zip\corretto-build\buildRoot\hotspot\src\share\vm\prims\jni.cpp, line 1584]

Events (10 events):
Event: 2.386 loading class javafx/scene/web/DirectoryLock$Descriptor
Event: 2.386 loading class javafx/scene/web/DirectoryLock$Descriptor done
Event: 2.387 loading class com/sun/webkit/network/URLLoaderBase
Event: 2.387 loading class com/sun/webkit/network/URLLoaderBase done
Event: 2.387 loading class com/sun/webkit/network/FormDataElement
Event: 2.387 loading class com/sun/webkit/network/FormDataElement done
Event: 2.387 loading class com/sun/webkit/network/FormDataElement$FileElement
Event: 2.387 loading class com/sun/webkit/network/FormDataElement$FileElement done
Event: 2.387 loading class com/sun/webkit/network/FormDataElement$ByteArrayElement
Event: 2.387 loading class com/sun/webkit/network/FormDataElement$ByteArrayElement done


Dynamic libraries:
0x00007ff7bf4b0000 - 0x00007ff7bf4ea000 	C:\Users\David\.jdks\corretto-1.8.0_352\bin\java.exe
0x00007ffbee150000 - 0x00007ffbee348000 	C:\Windows\SYSTEM32\ntdll.dll
0x00007ffbec740000 - 0x00007ffbec7ff000 	C:\Windows\System32\KERNEL32.DLL
0x00007ffbeb8f0000 - 0x00007ffbebbc2000 	C:\Windows\System32\KERNELBASE.dll
0x00007ffbed570000 - 0x00007ffbed61e000 	C:\Windows\System32\ADVAPI32.dll
0x00007ffbedf80000 - 0x00007ffbee01e000 	C:\Windows\System32\msvcrt.dll
0x00007ffbec1b0000 - 0x00007ffbec24c000 	C:\Windows\System32\sechost.dll
0x00007ffbed6d0000 - 0x00007ffbed7f5000 	C:\Windows\System32\RPCRT4.dll
0x00007ffbedde0000 - 0x00007ffbedf7d000 	C:\Windows\System32\USER32.dll
0x00007ffbeb850000 - 0x00007ffbeb872000 	C:\Windows\System32\win32u.dll
0x00007ffbed940000 - 0x00007ffbed96b000 	C:\Windows\System32\GDI32.dll
0x00007ffbebe70000 - 0x00007ffbebf7f000 	C:\Windows\System32\gdi32full.dll
0x00007ffbebf80000 - 0x00007ffbec01d000 	C:\Windows\System32\msvcp_win.dll
0x00007ffbec050000 - 0x00007ffbec150000 	C:\Windows\System32\ucrtbase.dll
0x00007ffbd5d60000 - 0x00007ffbd5ffa000 	C:\Windows\WinSxS\amd64_microsoft.windows.common-controls_6595b64144ccf1df_6.0.19041.1110_none_60b5254171f9507e\COMCTL32.dll
0x00007ffbee0d0000 - 0x00007ffbee102000 	C:\Windows\System32\IMM32.DLL
0x00007ffbdc420000 - 0x00007ffbdc50f000 	C:\Users\David\.jdks\corretto-1.8.0_352\jre\bin\msvcr120.dll
0x00007ffbdc300000 - 0x00007ffbdc3a6000 	C:\Users\David\.jdks\corretto-1.8.0_352\jre\bin\msvcp120.dll
0x00000000716b0000 - 0x0000000071f26000 	C:\Users\David\.jdks\corretto-1.8.0_352\jre\bin\server\jvm.dll
0x00007ffbec1a0000 - 0x00007ffbec1a8000 	C:\Windows\System32\PSAPI.DLL
0x00007ffbdd580000 - 0x00007ffbdd5a7000 	C:\Windows\SYSTEM32\WINMM.dll
0x00007ffbe3860000 - 0x00007ffbe386a000 	C:\Windows\SYSTEM32\VERSION.dll
0x00007ffbcfff0000 - 0x00007ffbcfff9000 	C:\Windows\SYSTEM32\WSOCK32.dll
0x00007ffbed8d0000 - 0x00007ffbed93b000 	C:\Windows\System32\WS2_32.dll
0x00007ffbe9080000 - 0x00007ffbe908f000 	C:\Users\David\.jdks\corretto-1.8.0_352\jre\bin\verify.dll
0x00007ffbe6350000 - 0x00007ffbe6379000 	C:\Users\David\.jdks\corretto-1.8.0_352\jre\bin\java.dll
0x00007ffbe1600000 - 0x00007ffbe162a000 	C:\Users\David\.jdks\corretto-1.8.0_352\jre\bin\instrument.dll
0x00007ffbe72c0000 - 0x00007ffbe72d6000 	C:\Users\David\.jdks\corretto-1.8.0_352\jre\bin\zip.dll
0x00007ffbec9e0000 - 0x00007ffbed123000 	C:\Windows\System32\SHELL32.dll
0x00007ffbe9930000 - 0x00007ffbea0c2000 	C:\Windows\SYSTEM32\windows.storage.dll
0x00007ffbec250000 - 0x00007ffbec5a4000 	C:\Windows\System32\combase.dll
0x00007ffbeb240000 - 0x00007ffbeb270000 	C:\Windows\SYSTEM32\Wldp.dll
0x00007ffbed620000 - 0x00007ffbed6cd000 	C:\Windows\System32\SHCORE.dll
0x00007ffbed490000 - 0x00007ffbed4e5000 	C:\Windows\System32\shlwapi.dll
0x00007ffbeb790000 - 0x00007ffbeb7af000 	C:\Windows\SYSTEM32\profapi.dll
0x00007ffbe6330000 - 0x00007ffbe634a000 	C:\Program Files\JetBrains\IntelliJ IDEA Community Edition 2022.2.3\bin\breakgen64.dll
0x00007ffbe6ac0000 - 0x00007ffbe6ada000 	C:\Users\David\.jdks\corretto-1.8.0_352\jre\bin\net.dll
0x00007ffbeaf30000 - 0x00007ffbeaf9a000 	C:\Windows\system32\mswsock.dll
0x0000023be7fd0000 - 0x0000023be7fd3000 	C:\Users\David\.jdks\corretto-1.8.0_352\jre\bin\api-ms-win-core-console-l1-1-0.dll
0x0000023be7fe0000 - 0x0000023be7fe3000 	C:\Users\David\.jdks\corretto-1.8.0_352\jre\bin\api-ms-win-core-datetime-l1-1-0.dll
0x0000023be7ff0000 - 0x0000023be7ff3000 	C:\Users\David\.jdks\corretto-1.8.0_352\jre\bin\api-ms-win-core-debug-l1-1-0.dll
0x0000023be8000000 - 0x0000023be8003000 	C:\Users\David\.jdks\corretto-1.8.0_352\jre\bin\api-ms-win-core-errorhandling-l1-1-0.dll
0x0000023be8010000 - 0x0000023be8014000 	C:\Users\David\.jdks\corretto-1.8.0_352\jre\bin\api-ms-win-core-file-l1-1-0.dll
0x0000023be8020000 - 0x0000023be8023000 	C:\Users\David\.jdks\corretto-1.8.0_352\jre\bin\api-ms-win-core-file-l1-2-0.dll
0x0000023be8030000 - 0x0000023be8033000 	C:\Users\David\.jdks\corretto-1.8.0_352\jre\bin\api-ms-win-core-file-l2-1-0.dll
0x0000023be8040000 - 0x0000023be8043000 	C:\Users\David\.jdks\corretto-1.8.0_352\jre\bin\api-ms-win-core-handle-l1-1-0.dll
0x0000023be8050000 - 0x0000023be8053000 	C:\Users\David\.jdks\corretto-1.8.0_352\jre\bin\api-ms-win-core-heap-l1-1-0.dll
0x0000023be8060000 - 0x0000023be8063000 	C:\Users\David\.jdks\corretto-1.8.0_352\jre\bin\api-ms-win-core-interlocked-l1-1-0.dll
0x0000023be8070000 - 0x0000023be8073000 	C:\Users\David\.jdks\corretto-1.8.0_352\jre\bin\api-ms-win-core-libraryloader-l1-1-0.dll
0x0000023be8080000 - 0x0000023be8083000 	C:\Users\David\.jdks\corretto-1.8.0_352\jre\bin\api-ms-win-core-localization-l1-2-0.dll
0x0000023be8090000 - 0x0000023be8093000 	C:\Users\David\.jdks\corretto-1.8.0_352\jre\bin\api-ms-win-core-memory-l1-1-0.dll
0x0000023be80a0000 - 0x0000023be80a3000 	C:\Users\David\.jdks\corretto-1.8.0_352\jre\bin\api-ms-win-core-namedpipe-l1-1-0.dll
0x0000023be80b0000 - 0x0000023be80b3000 	C:\Users\David\.jdks\corretto-1.8.0_352\jre\bin\api-ms-win-core-processenvironment-l1-1-0.dll
0x0000023be80c0000 - 0x0000023be80c3000 	C:\Users\David\.jdks\corretto-1.8.0_352\jre\bin\api-ms-win-core-processthreads-l1-1-0.dll
0x0000023be80d0000 - 0x0000023be80d3000 	C:\Users\David\.jdks\corretto-1.8.0_352\jre\bin\api-ms-win-core-processthreads-l1-1-1.dll
0x0000023be80e0000 - 0x0000023be80e3000 	C:\Users\David\.jdks\corretto-1.8.0_352\jre\bin\api-ms-win-core-profile-l1-1-0.dll
0x0000023be80f0000 - 0x0000023be80f3000 	C:\Users\David\.jdks\corretto-1.8.0_352\jre\bin\api-ms-win-core-rtlsupport-l1-1-0.dll
0x0000023be8100000 - 0x0000023be8103000 	C:\Users\David\.jdks\corretto-1.8.0_352\jre\bin\api-ms-win-core-string-l1-1-0.dll
0x0000023be8110000 - 0x0000023be8113000 	C:\Users\David\.jdks\corretto-1.8.0_352\jre\bin\api-ms-win-core-synch-l1-1-0.dll
0x0000023be8120000 - 0x0000023be8123000 	C:\Users\David\.jdks\corretto-1.8.0_352\jre\bin\api-ms-win-core-synch-l1-2-0.dll
0x0000023be8130000 - 0x0000023be8133000 	C:\Users\David\.jdks\corretto-1.8.0_352\jre\bin\api-ms-win-core-sysinfo-l1-1-0.dll
0x0000023be8140000 - 0x0000023be8143000 	C:\Users\David\.jdks\corretto-1.8.0_352\jre\bin\api-ms-win-core-timezone-l1-1-0.dll
0x0000023be8150000 - 0x0000023be8153000 	C:\Users\David\.jdks\corretto-1.8.0_352\jre\bin\api-ms-win-core-util-l1-1-0.dll
0x0000023be8160000 - 0x0000023be8163000 	C:\Users\David\.jdks\corretto-1.8.0_352\jre\bin\api-ms-win-crt-conio-l1-1-0.dll
0x0000023be8170000 - 0x0000023be8174000 	C:\Users\David\.jdks\corretto-1.8.0_352\jre\bin\api-ms-win-crt-convert-l1-1-0.dll
0x0000023be8180000 - 0x0000023be8183000 	C:\Users\David\.jdks\corretto-1.8.0_352\jre\bin\api-ms-win-crt-environment-l1-1-0.dll
0x0000023be8190000 - 0x0000023be8193000 	C:\Users\David\.jdks\corretto-1.8.0_352\jre\bin\api-ms-win-crt-filesystem-l1-1-0.dll
0x0000023be81a0000 - 0x0000023be81a3000 	C:\Users\David\.jdks\corretto-1.8.0_352\jre\bin\api-ms-win-crt-heap-l1-1-0.dll
0x0000023be81b0000 - 0x0000023be81b3000 	C:\Users\David\.jdks\corretto-1.8.0_352\jre\bin\api-ms-win-crt-locale-l1-1-0.dll
0x0000023be81c0000 - 0x0000023be81c5000 	C:\Users\David\.jdks\corretto-1.8.0_352\jre\bin\api-ms-win-crt-math-l1-1-0.dll
0x0000023be81d0000 - 0x0000023be81d5000 	C:\Users\David\.jdks\corretto-1.8.0_352\jre\bin\api-ms-win-crt-multibyte-l1-1-0.dll
0x0000023be81e0000 - 0x0000023be81f0000 	C:\Users\David\.jdks\corretto-1.8.0_352\jre\bin\api-ms-win-crt-private-l1-1-0.dll
0x0000023be81f0000 - 0x0000023be81f3000 	C:\Users\David\.jdks\corretto-1.8.0_352\jre\bin\api-ms-win-crt-process-l1-1-0.dll
0x0000023be8200000 - 0x0000023be8204000 	C:\Users\David\.jdks\corretto-1.8.0_352\jre\bin\api-ms-win-crt-runtime-l1-1-0.dll
0x0000023be8210000 - 0x0000023be8214000 	C:\Users\David\.jdks\corretto-1.8.0_352\jre\bin\api-ms-win-crt-stdio-l1-1-0.dll
0x0000023be8220000 - 0x0000023be8224000 	C:\Users\David\.jdks\corretto-1.8.0_352\jre\bin\api-ms-win-crt-string-l1-1-0.dll
0x0000023be8230000 - 0x0000023be8233000 	C:\Users\David\.jdks\corretto-1.8.0_352\jre\bin\api-ms-win-crt-time-l1-1-0.dll
0x0000023be8240000 - 0x0000023be8243000 	C:\Users\David\.jdks\corretto-1.8.0_352\jre\bin\api-ms-win-crt-utility-l1-1-0.dll
0x00007ffbd81d0000 - 0x00007ffbd82cc000 	C:\Users\David\.jdks\corretto-1.8.0_352\jre\bin\ucrtbase.dll
0x00007ffbe6270000 - 0x00007ffbe6285000 	C:\Users\David\.jdks\corretto-1.8.0_352\jre\bin\vcruntime140.dll
0x00007ffbc1760000 - 0x00007ffbc17fb000 	C:\Users\David\.jdks\corretto-1.8.0_352\jre\bin\msvcp140.dll
0x00007ffbcdc30000 - 0x00007ffbcdc81000 	C:\Users\David\.jdks\corretto-1.8.0_352\jre\bin\concrt140.dll
0x00007ffbdc2d0000 - 0x00007ffbdc2f3000 	C:\Users\David\.jdks\corretto-1.8.0_352\jre\bin\prism_d3d.dll
0x00007ffbdbf10000 - 0x00007ffbdc0df000 	C:\Windows\system32\d3d9.dll
0x00007ffbe9730000 - 0x00007ffbe9742000 	C:\Windows\SYSTEM32\kernel.appcore.dll
0x00007ffbe9550000 - 0x00007ffbe957f000 	C:\Windows\SYSTEM32\dwmapi.dll
0x00007ffbe9260000 - 0x00007ffbe92fe000 	C:\Windows\system32\uxtheme.dll
0x00007ffbe0ef0000 - 0x00007ffbe0fae000 	C:\Windows\System32\DriverStore\FileRepository\nv_dispi.inf_amd64_bd530e4cbd42e0a3\nvldumdx.dll
0x00007ffbeb440000 - 0x00007ffbeb452000 	C:\Windows\SYSTEM32\msasn1.dll
0x00007ffbe3650000 - 0x00007ffbe3681000 	C:\Windows\SYSTEM32\cryptnet.dll
0x00007ffbebc60000 - 0x00007ffbebdb6000 	C:\Windows\System32\CRYPT32.dll
0x00007ffbe31b0000 - 0x00007ffbe32f8000 	C:\Windows\SYSTEM32\drvstore.dll
0x00007ffbeb600000 - 0x00007ffbeb62c000 	C:\Windows\SYSTEM32\devobj.dll
0x00007ffbec150000 - 0x00007ffbec19e000 	C:\Windows\System32\cfgmgr32.dll
0x00007ffbeb140000 - 0x00007ffbeb14c000 	C:\Windows\SYSTEM32\cryptbase.dll
0x00007ffbeb880000 - 0x00007ffbeb8ea000 	C:\Windows\System32\WINTRUST.DLL
0x00007ffbed130000 - 0x00007ffbed14d000 	C:\Windows\System32\imagehlp.dll
0x00007ffbeb120000 - 0x00007ffbeb138000 	C:\Windows\SYSTEM32\CRYPTSP.dll
0x00007ffbea850000 - 0x00007ffbea884000 	C:\Windows\system32\rsaenh.dll
0x00007ffbec020000 - 0x00007ffbec047000 	C:\Windows\System32\bcrypt.dll
0x00007ffbebbd0000 - 0x00007ffbebc52000 	C:\Windows\System32\bcryptPrimitives.dll
0x00007ffb89200000 - 0x00007ffb8b809000 	C:\Windows\System32\DriverStore\FileRepository\nv_dispi.inf_amd64_bd530e4cbd42e0a3\nvd3dumx.dll
0x00007ffbc1710000 - 0x00007ffbc1755000 	C:\Users\David\.jdks\corretto-1.8.0_352\jre\bin\glass.dll
0x00007ffbec810000 - 0x00007ffbec8ea000 	C:\Windows\System32\COMDLG32.dll
0x00007ffbec610000 - 0x00007ffbec73a000 	C:\Windows\System32\ole32.dll
0x00007ffbed800000 - 0x00007ffbed8cd000 	C:\Windows\System32\OLEAUT32.dll
0x00007ffbed360000 - 0x00007ffbed475000 	C:\Windows\System32\MSCTF.dll
0x00007ffba2a00000 - 0x00007ffba2ccf000 	C:\Windows\system32\nvspcap64.dll
0x00007ffbea970000 - 0x00007ffbea9a3000 	C:\Windows\SYSTEM32\ntmarta.dll
0x00007ffbea0e0000 - 0x00007ffbea103000 	C:\Windows\SYSTEM32\gpapi.dll
0x00007ffbe2220000 - 0x00007ffbe225b000 	C:\Windows\SYSTEM32\dxcore.dll
0x00007ffbe5430000 - 0x00007ffbe5444000 	C:\Users\David\.jdks\corretto-1.8.0_352\jre\bin\javafx_font.dll
0x00007ffbcb910000 - 0x00007ffbcbb8f000 	C:\Windows\SYSTEM32\dwrite.dll
0x00007ffbee020000 - 0x00007ffbee0cf000 	C:\Windows\System32\clbcatq.dll
0x00007ffbe45f0000 - 0x00007ffbe47a4000 	C:\Windows\SYSTEM32\WindowsCodecs.dll
0x00007ffbd4650000 - 0x00007ffbd468e000 	C:\Windows\system32\dataexchange.dll
0x00007ffbe7560000 - 0x00007ffbe77c3000 	C:\Windows\system32\d3d11.dll
0x00007ffbe84d0000 - 0x00007ffbe86b3000 	C:\Windows\system32\dcomp.dll
0x00007ffbea110000 - 0x00007ffbea203000 	C:\Windows\system32\dxgi.dll
0x00007ffbe49f0000 - 0x00007ffbe4bf0000 	C:\Windows\system32\twinapi.appcore.dll
0x00007ffbd8e90000 - 0x00007ffbd8ec4000 	C:\Program Files\Common Files\Microsoft Shared\Ink\rtscom.dll
0x00007ffbe6380000 - 0x00007ffbe6479000 	C:\Windows\SYSTEM32\textinputframework.dll
0x00007ffbe8a90000 - 0x00007ffbe8dee000 	C:\Windows\System32\CoreUIComponents.dll
0x00007ffbe8f40000 - 0x00007ffbe9032000 	C:\Windows\System32\CoreMessaging.dll
0x00007ffbe8370000 - 0x00007ffbe84c4000 	C:\Windows\SYSTEM32\wintypes.dll
0x00007ffbeac60000 - 0x00007ffbead2a000 	C:\Windows\SYSTEM32\DNSAPI.dll
0x00007ffbeac20000 - 0x00007ffbeac5b000 	C:\Windows\SYSTEM32\IPHLPAPI.DLL
0x00007ffbed480000 - 0x00007ffbed488000 	C:\Windows\System32\NSI.dll

VM Arguments:
jvm_args: -javaagent:C:\Program Files\JetBrains\IntelliJ IDEA Community Edition 2022.2.3\lib\idea_rt.jar=54269:C:\Program Files\JetBrains\IntelliJ IDEA Community Edition 2022.2.3\bin -Dfile.encoding=UTF-8 
java_command: ch.makery.address.Main
java_class_path (initial): C:\Users\David\.jdks\corretto-1.8.0_352\jre\lib\charsets.jar;C:\Users\David\.jdks\corretto-1.8.0_352\jre\lib\ext\access-bridge-64.jar;C:\Users\David\.jdks\corretto-1.8.0_352\jre\lib\ext\cldrdata.jar;C:\Users\David\.jdks\corretto-1.8.0_352\jre\lib\ext\dnsns.jar;C:\Users\David\.jdks\corretto-1.8.0_352\jre\lib\ext\jaccess.jar;C:\Users\David\.jdks\corretto-1.8.0_352\jre\lib\ext\jfxrt.jar;C:\Users\David\.jdks\corretto-1.8.0_352\jre\lib\ext\localedata.jar;C:\Users\David\.jdks\corretto-1.8.0_352\jre\lib\ext\nashorn.jar;C:\Users\David\.jdks\corretto-1.8.0_352\jre\lib\ext\sunec.jar;C:\Users\David\.jdks\corretto-1.8.0_352\jre\lib\ext\sunjce_provider.jar;C:\Users\David\.jdks\corretto-1.8.0_352\jre\lib\ext\sunmscapi.jar;C:\Users\David\.jdks\corretto-1.8.0_352\jre\lib\ext\sunpkcs11.jar;C:\Users\David\.jdks\corretto-1.8.0_352\jre\lib\ext\zipfs.jar;C:\Users\David\.jdks\corretto-1.8.0_352\jre\lib\jce.jar;C:\Users\David\.jdks\corretto-1.8.0_352\jre\lib\jfr.jar;C:\Users\David\.jdks\corretto-1.8.0_352\jre\lib\jfxswt.jar;C:\Users\David\.jdks\corretto-1.8.0_352\jre\lib\jsse.jar;C:\Users\David\.jdks\corretto-1.8.0_352\jre\lib\management-agent.jar;C:\Users\David\.jdks\corretto-1.8.0_352\jre\lib\resources.jar;C:\Users\David\.jdks\corretto-1.8.0_352\jre\lib\rt.jar;C:\Users\David\Desktop\Proyecto1TPMDM\backupPenDrive\DIU\GestionHoteles\out\production\GestionHoteles;E:\Descargas\mysql-connector-j-8.0.31\mysql-connector-j-8.0.31.jar;C:\Program Files\JetBrains\IntelliJ IDEA Community Edition 2022.2.3\lib\idea_rt.jar
Launcher Type: SUN_STANDARD

Environment Variables:
PATH=C:\Program Files (x86)\Common Files\Oracle\Java\javapath;C:\Windows\system32;C:\Windows;C:\Windows\System32\Wbem;C:\Windows\System32\WindowsPowerShell\v1.0\;C:\Windows\System32\OpenSSH\;C:\Program Files (x86)\NVIDIA Corporation\PhysX\Common;C:\Program Files\NVIDIA Corporation\NVIDIA NvDLISR;C:\Users\David\AppData\Local\Microsoft\WindowsApps;C:\Users\David\AppData\Local\GitHubDesktop\bin;D:\Microsoft VS Code\bin;C:\Program Files\Java\jre1.8.0_351\bin;C:\Program Files\Java\jdk1.8.0_351\bin;
USERNAME=David
OS=Windows_NT
PROCESSOR_IDENTIFIER=AMD64 Family 25 Model 33 Stepping 2, AuthenticAMD



---------------  S Y S T E M  ---------------

OS: Windows 10 , 64 bit Build 19041 (10.0.19041.2251)

CPU:total 12 (initial active 12) (12 cores per cpu, 1 threads per core) family 25 model 33 stepping 2, cmov, cx8, fxsr, mmx, sse, sse2, sse3, ssse3, sse4.1, sse4.2, popcnt, avx, avx2, aes, clmul, erms, mmxext, 3dnowpref, lzcnt, sse4a, tsc, tscinvbit, tscinv, bmi1

Memory: 4k page, physical 16720252k(7849216k free), swap 17768828k(4420580k free)

vm_info: OpenJDK 64-Bit Server VM (25.352-b08) for windows-amd64 JRE (1.8.0_352-b08), built on Oct 14 2022 21:22:09 by "Administrator" with MS VC++ 12.0 (VS2013)

time: Thu Nov 24 21:40:59 2022
timezone: Hora estándar romance
elapsed time: 2.528924 seconds (0d 0h 0m 2s)

