#
# A fatal error has been detected by the Java Runtime Environment:
#
#  EXCEPTION_ACCESS_VIOLATION (0xc0000005) at pc=0x000000005db20709, pid=11300, tid=0x00000000000032f8
#
# JRE version: OpenJDK Runtime Environment (8.0_352-b08) (build 1.8.0_352-b08)
# Java VM: OpenJDK 64-Bit Server VM (25.352-b08 mixed mode windows-amd64 compressed oops)
# Problematic frame:
# V  [jvm.dll+0x120709]
#
# Failed to write core dump. Minidumps are not enabled by default on client versions of Windows
#
# If you would like to submit a bug report, please visit:
#   https://github.com/corretto/corretto-8/issues/
#

---------------  T H R E A D  ---------------

Current thread (0x000001da4a0c7000):  JavaThread "JavaFX Application Thread" [_thread_in_vm, id=13048, stack(0x000000c1e5f00000,0x000000c1e6000000)]

siginfo: ExceptionCode=0xc0000005, reading address 0x0000000000000000

Registers:
RAX=0x0000000000000000, RBX=0x000001da4a0c7000, RCX=0x000001da4a0c7000, RDX=0x000000076d0618a8
RSP=0x000000c1e5ff7280, RBP=0x000000c1e5ff7378, RSI=0x0000000000000000, RDI=0x000001da4a0c7260
R8 =0x0000000000000000, R9 =0x000000c1e5ff7378, R10=0x000000005db20640, R11=0x000000c1e5ff7270
R12=0x000000c1e5ff74f0, R13=0x000001da522b1ea0, R14=0x0000000000000000, R15=0x000001da4a0c7260
RIP=0x000000005db20709, EFLAGS=0x0000000000010246

Top of Stack: (sp=0x000000c1e5ff7280)
0x000000c1e5ff7280:   000001da522b1ea0 000000c1e5ff74f0
0x000000c1e5ff7290:   000001da49d8adc0 00007fff8ebf47b1
0x000000c1e5ff72a0:   0000000000000000 000001da2c940000
0x000000c1e5ff72b0:   000001da4a0c7260 0000000000000000
0x000000c1e5ff72c0:   0000000000000000 000001da4a0c7000
0x000000c1e5ff72d0:   000001da4a0c7000 000001da49e88ef0
0x000000c1e5ff72e0:   000001da00000630 000000005dfe4360
0x000000c1e5ff72f0:   000001da00000630 000000005dfe4360
0x000000c1e5ff7300:   000000c1e5ff73d0 00007fff287f6068
0x000000c1e5ff7310:   000001da49d8adc0 000001da00000000
0x000000c1e5ff7320:   0000000000000000 00007fff26d38810
0x000000c1e5ff7330:   000001da49af39d8 000000c1e5ff7460
0x000000c1e5ff7340:   000001da49af39d0 000001da49af39b8
0x000000c1e5ff7350:   000000c1e5ff7460 00007fff26dd3233
0x000000c1e5ff7360:   000001da52481ca0 0000000000000000
0x000000c1e5ff7370:   0000000000000000 000001da49af39b8 

Instructions: (pc=0x000000005db20709)
0x000000005db206e9:   00 00 06 00 00 00 48 89 5c 24 50 4c 89 74 24 58
0x000000005db206f9:   4c 39 73 08 74 0a 48 8d 4c 24 50 e8 c7 d8 12 00
0x000000005db20709:   48 8b 06 c7 44 24 40 0c 00 00 00 48 8d 4c 24 70
0x000000005db20719:   48 8b 50 08 0f b7 42 24 48 8b 52 08 48 8b 54 c2 


Register to memory mapping:

RAX=0x0000000000000000 is an unknown value
RBX=0x000001da4a0c7000 is a thread
RCX=0x000001da4a0c7000 is a thread
RDX=0x000000076d0618a8 is an oop
java.lang.NoSuchMethodError 
 - klass: 'java/lang/NoSuchMethodError'
RSP=0x000000c1e5ff7280 is pointing into the stack for thread: 0x000001da4a0c7000
RBP=0x000000c1e5ff7378 is pointing into the stack for thread: 0x000001da4a0c7000
RSI=0x0000000000000000 is an unknown value
RDI=0x000001da4a0c7260 is an unknown value
R8 =0x0000000000000000 is an unknown value
R9 =0x000000c1e5ff7378 is pointing into the stack for thread: 0x000001da4a0c7000
R10=0x000000005db20640 is an unknown value
R11=0x000000c1e5ff7270 is pointing into the stack for thread: 0x000001da4a0c7000
R12=0x000000c1e5ff74f0 is pointing into the stack for thread: 0x000001da4a0c7000
R13=0x000001da522b1ea0 is an unknown value
R14=0x0000000000000000 is an unknown value
R15=0x000001da4a0c7260 is an unknown value


Stack: [0x000000c1e5f00000,0x000000c1e6000000],  sp=0x000000c1e5ff7280,  free space=988k
Native frames: (J=compiled Java code, j=interpreted, Vv=VM code, C=native code)
V  [jvm.dll+0x120709]
C  0x00007fff26d38810
C  0x00007fff26dd3233
C  0x00007fff26dd34f7
C  0x00007fff26e07d20
C  0x00007fff26e8521d
C  0x00007fff26f24a98
C  0x00007fff26cdf4d4
C  0x00007fff26cdf267
C  0x00007fff26cde036
C  0x00007fff26f3070a
C  0x00007fff26f3082b
C  0x00007fff26f21c46
C  0x00007fff26f306a4
C  0x00007fff26f25175
C  0x00007fff26f2fcc2
C  0x00007fff26f385df
C  0x00007fff26f237ca
C  0x00007fff26f314b5
C  0x00007fff26cde93b
C  0x00007fff274e4844
C  0x00007fff274e915b
C  0x00007fff274e79f9
C  0x00007fff26efd126
C  0x00007fff26ef578a
C  0x00007fff26cdbff9
C  0x00007fff26f08bb1
C  0x00007fff26f0690a
C  0x00007fff26f0ba7a
C  0x00007fff26f0e9f8
C  0x00007fff26f0bc0a
C  0x00007fff26f26be3
C  0x00007fff26f27b1b
C  0x00007fff26d3f897
C  0x00007fff26f2869b
C  0x00007fff26f18499
C  0x00007fff26f14045
C  0x00007fff26f14451
C  0x00007fff26d4ced9
C  0x000001da2e25964e

Java frames: (J=compiled Java code, j=interpreted, Vv=VM code)
j  com.sun.webkit.WebPage.twkOpen(JLjava/lang/String;)V+0
j  com.sun.webkit.WebPage.open(JLjava/lang/String;)V+106
j  javafx.scene.web.WebEngine.load(Ljava/lang/String;)V+96
j  ch.makery.address.controller.JavaDocController.initialize()V+31
v  ~StubRoutines::call_stub
J 1179  sun.reflect.NativeMethodAccessorImpl.invoke0(Ljava/lang/reflect/Method;Ljava/lang/Object;[Ljava/lang/Object;)Ljava/lang/Object; (0 bytes) @ 0x000001da2e69143f [0x000001da2e6913c0+0x7f]
J 1178 C1 sun.reflect.NativeMethodAccessorImpl.invoke(Ljava/lang/Object;[Ljava/lang/Object;)Ljava/lang/Object; (104 bytes) @ 0x000001da2e6906bc [0x000001da2e68f4c0+0x11fc]
J 1046 C1 sun.reflect.DelegatingMethodAccessorImpl.invoke(Ljava/lang/Object;[Ljava/lang/Object;)Ljava/lang/Object; (10 bytes) @ 0x000001da2e60d04c [0x000001da2e60cf40+0x10c]
J 1045 C1 java.lang.reflect.Method.invoke(Ljava/lang/Object;[Ljava/lang/Object;)Ljava/lang/Object; (62 bytes) @ 0x000001da2e60d834 [0x000001da2e60d440+0x3f4]
J 1142 C1 sun.reflect.misc.Trampoline.invoke(Ljava/lang/reflect/Method;Ljava/lang/Object;[Ljava/lang/Object;)Ljava/lang/Object; (11 bytes) @ 0x000001da2e677994 [0x000001da2e677880+0x114]
j  sun.reflect.GeneratedMethodAccessor1.invoke(Ljava/lang/Object;[Ljava/lang/Object;)Ljava/lang/Object;+40
J 1046 C1 sun.reflect.DelegatingMethodAccessorImpl.invoke(Ljava/lang/Object;[Ljava/lang/Object;)Ljava/lang/Object; (10 bytes) @ 0x000001da2e60d04c [0x000001da2e60cf40+0x10c]
J 1045 C1 java.lang.reflect.Method.invoke(Ljava/lang/Object;[Ljava/lang/Object;)Ljava/lang/Object; (62 bytes) @ 0x000001da2e60d834 [0x000001da2e60d440+0x3f4]
J 1141 C1 sun.reflect.misc.MethodUtil.invoke(Ljava/lang/reflect/Method;Ljava/lang/Object;[Ljava/lang/Object;)Ljava/lang/Object; (111 bytes) @ 0x000001da2e679f4c [0x000001da2e679a80+0x4cc]
j  javafx.fxml.FXMLLoader.loadImpl(Ljava/io/InputStream;Ljava/lang/Class;)Ljava/lang/Object;+346
j  javafx.fxml.FXMLLoader.loadImpl(Ljava/lang/Class;)Ljava/lang/Object;+30
j  javafx.fxml.FXMLLoader.load()Ljava/lang/Object;+14
j  ch.makery.address.Main.showJavaDoc()V+20
j  ch.makery.address.controller.RootLayoutController.handleOpenJavaDoc()V+4
v  ~StubRoutines::call_stub
J 1179  sun.reflect.NativeMethodAccessorImpl.invoke0(Ljava/lang/reflect/Method;Ljava/lang/Object;[Ljava/lang/Object;)Ljava/lang/Object; (0 bytes) @ 0x000001da2e69143f [0x000001da2e6913c0+0x7f]
J 1178 C1 sun.reflect.NativeMethodAccessorImpl.invoke(Ljava/lang/Object;[Ljava/lang/Object;)Ljava/lang/Object; (104 bytes) @ 0x000001da2e6906bc [0x000001da2e68f4c0+0x11fc]
J 1046 C1 sun.reflect.DelegatingMethodAccessorImpl.invoke(Ljava/lang/Object;[Ljava/lang/Object;)Ljava/lang/Object; (10 bytes) @ 0x000001da2e60d04c [0x000001da2e60cf40+0x10c]
J 1045 C1 java.lang.reflect.Method.invoke(Ljava/lang/Object;[Ljava/lang/Object;)Ljava/lang/Object; (62 bytes) @ 0x000001da2e60d834 [0x000001da2e60d440+0x3f4]
J 1142 C1 sun.reflect.misc.Trampoline.invoke(Ljava/lang/reflect/Method;Ljava/lang/Object;[Ljava/lang/Object;)Ljava/lang/Object; (11 bytes) @ 0x000001da2e677994 [0x000001da2e677880+0x114]
j  sun.reflect.GeneratedMethodAccessor1.invoke(Ljava/lang/Object;[Ljava/lang/Object;)Ljava/lang/Object;+40
J 1046 C1 sun.reflect.DelegatingMethodAccessorImpl.invoke(Ljava/lang/Object;[Ljava/lang/Object;)Ljava/lang/Object; (10 bytes) @ 0x000001da2e60d04c [0x000001da2e60cf40+0x10c]
J 1045 C1 java.lang.reflect.Method.invoke(Ljava/lang/Object;[Ljava/lang/Object;)Ljava/lang/Object; (62 bytes) @ 0x000001da2e60d834 [0x000001da2e60d440+0x3f4]
J 1141 C1 sun.reflect.misc.MethodUtil.invoke(Ljava/lang/reflect/Method;Ljava/lang/Object;[Ljava/lang/Object;)Ljava/lang/Object; (111 bytes) @ 0x000001da2e679f4c [0x000001da2e679a80+0x4cc]
j  javafx.fxml.FXMLLoader$MethodHandler.invoke([Ljava/lang/Object;)V+38
j  javafx.fxml.FXMLLoader$ControllerMethodEventHandler.handle(Ljavafx/event/Event;)V+12
J 2739 C2 com.sun.javafx.event.EventHandlerManager.dispatchBubblingEvent(Ljavafx/event/EventType;Ljavafx/event/Event;)Ljavafx/event/Event; (34 bytes) @ 0x000001da2eaff68c [0x000001da2eaff200+0x48c]
J 2772 C2 com.sun.javafx.event.EventHandlerManager.dispatchBubblingEvent(Ljavafx/event/Event;)Ljavafx/event/Event; (23 bytes) @ 0x000001da2eb1643c [0x000001da2eb163e0+0x5c]
J 2576 C2 com.sun.javafx.event.BasicEventDispatcher.dispatchEvent(Ljavafx/event/Event;Ljavafx/event/EventDispatchChain;)Ljavafx/event/Event; (44 bytes) @ 0x000001da2ea5a190 [0x000001da2ea5a060+0x130]
J 2516 C2 com.sun.javafx.event.EventDispatchChainImpl.dispatchEvent(Ljavafx/event/Event;)Ljavafx/event/Event; (101 bytes) @ 0x000001da2ea315d4 [0x000001da2ea31520+0xb4]
J 2329 C1 com.sun.javafx.event.EventUtil.fireEvent(Ljavafx/event/EventTarget;Ljavafx/event/Event;)Ljavafx/event/Event; (81 bytes) @ 0x000001da2e993774 [0x000001da2e992b80+0xbf4]
J 2328 C1 javafx.event.Event.fireEvent(Ljavafx/event/EventTarget;Ljavafx/event/Event;)V (35 bytes) @ 0x000001da2e99252c [0x000001da2e992460+0xcc]
j  javafx.scene.control.MenuItem.fire()V+10
j  com.sun.javafx.scene.control.skin.ContextMenuContent$MenuItemContainer.doSelect()V+97
j  com.sun.javafx.scene.control.skin.ContextMenuContent$MenuItemContainer.lambda$createChildren$6(Ljavafx/scene/input/MouseEvent;)V+1
j  com.sun.javafx.scene.control.skin.ContextMenuContent$MenuItemContainer$$Lambda$362.handle(Ljavafx/event/Event;)V+8
J 2739 C2 com.sun.javafx.event.EventHandlerManager.dispatchBubblingEvent(Ljavafx/event/EventType;Ljavafx/event/Event;)Ljavafx/event/Event; (34 bytes) @ 0x000001da2eaff558 [0x000001da2eaff200+0x358]
J 2772 C2 com.sun.javafx.event.EventHandlerManager.dispatchBubblingEvent(Ljavafx/event/Event;)Ljavafx/event/Event; (23 bytes) @ 0x000001da2eb1643c [0x000001da2eb163e0+0x5c]
J 2281 C1 com.sun.javafx.event.CompositeEventDispatcher.dispatchBubblingEvent(Ljavafx/event/Event;)Ljavafx/event/Event; (35 bytes) @ 0x000001da2e98095c [0x000001da2e9807a0+0x1bc]
J 2576 C2 com.sun.javafx.event.BasicEventDispatcher.dispatchEvent(Ljavafx/event/Event;Ljavafx/event/EventDispatchChain;)Ljavafx/event/Event; (44 bytes) @ 0x000001da2ea5a190 [0x000001da2ea5a060+0x130]
J 2576 C2 com.sun.javafx.event.BasicEventDispatcher.dispatchEvent(Ljavafx/event/Event;Ljavafx/event/EventDispatchChain;)Ljavafx/event/Event; (44 bytes) @ 0x000001da2ea5a14c [0x000001da2ea5a060+0xec]
J 2576 C2 com.sun.javafx.event.BasicEventDispatcher.dispatchEvent(Ljavafx/event/Event;Ljavafx/event/EventDispatchChain;)Ljavafx/event/Event; (44 bytes) @ 0x000001da2ea5a14c [0x000001da2ea5a060+0xec]
J 2576 C2 com.sun.javafx.event.BasicEventDispatcher.dispatchEvent(Ljavafx/event/Event;Ljavafx/event/EventDispatchChain;)Ljavafx/event/Event; (44 bytes) @ 0x000001da2ea5a14c [0x000001da2ea5a060+0xec]
J 2516 C2 com.sun.javafx.event.EventDispatchChainImpl.dispatchEvent(Ljavafx/event/Event;)Ljavafx/event/Event; (101 bytes) @ 0x000001da2ea315d4 [0x000001da2ea31520+0xb4]
J 2329 C1 com.sun.javafx.event.EventUtil.fireEvent(Ljavafx/event/EventTarget;Ljavafx/event/Event;)Ljavafx/event/Event; (81 bytes) @ 0x000001da2e9932c4 [0x000001da2e992b80+0x744]
J 2386 C1 javafx.scene.Scene$MouseHandler.process(Ljavafx/scene/input/MouseEvent;Z)V (735 bytes) @ 0x000001da2e9c21fc [0x000001da2e9bf740+0x2abc]
J 2514 C1 javafx.scene.Scene$ScenePeerListener.mouseEvent(Ljavafx/event/EventType;DDDDLjavafx/scene/input/MouseButton;ZZZZZZZZZ)V (50 bytes) @ 0x000001da2ea2da2c [0x000001da2ea2d760+0x2cc]
J 2508 C1 com.sun.javafx.tk.quantum.GlassViewEventHandler$MouseEventNotification.run()Ljava/lang/Void; (624 bytes) @ 0x000001da2ea2c0a4 [0x000001da2ea2b000+0x10a4]
J 2507 C1 com.sun.javafx.tk.quantum.GlassViewEventHandler$MouseEventNotification.run()Ljava/lang/Object; (5 bytes) @ 0x000001da2ea1968c [0x000001da2ea19600+0x8c]
v  ~StubRoutines::call_stub
J 2325  java.security.AccessController.doPrivileged(Ljava/security/PrivilegedAction;Ljava/security/AccessControlContext;)Ljava/lang/Object; (0 bytes) @ 0x000001da2e98eae6 [0x000001da2e98ea80+0x66]
J 2489 C1 com.sun.javafx.tk.quantum.GlassViewEventHandler$$Lambda$327.get()Ljava/lang/Object; (8 bytes) @ 0x000001da2ea13d0c [0x000001da2ea13b20+0x1ec]
J 2371 C1 com.sun.javafx.tk.quantum.QuantumToolkit.runWithoutRenderLock(Ljava/util/function/Supplier;)Ljava/lang/Object; (49 bytes) @ 0x000001da2e9b64a4 [0x000001da2e9b5f60+0x544]
J 2486 C1 com.sun.javafx.tk.quantum.GlassViewEventHandler.handleMouseEvent(Lcom/sun/glass/ui/View;JIIIIIIIZZ)V (108 bytes) @ 0x000001da2ea12b64 [0x000001da2ea12740+0x424]
J 2391 C1 com.sun.glass.ui.View.notifyMouse(IIIIIIIZZ)V (221 bytes) @ 0x000001da2e9c876c [0x000001da2e9c7660+0x110c]
v  ~StubRoutines::call_stub
j  com.sun.glass.ui.win.WinApplication._runLoop(Ljava/lang/Runnable;)V+0
j  com.sun.glass.ui.win.WinApplication.lambda$null$3(ILjava/lang/Runnable;)V+8
j  com.sun.glass.ui.win.WinApplication$$Lambda$37.run()V+12
j  java.lang.Thread.run()V+11
v  ~StubRoutines::call_stub

---------------  P R O C E S S  ---------------

Java Threads: ( => current thread )
  0x000001da51953800 JavaThread "Disposer" daemon [_thread_blocked, id=7880, stack(0x000000c1e6ce0000,0x000000c1e6de0000)]
  0x000001da51c51000 JavaThread "mysql-cj-abandoned-connection-cleanup" daemon [_thread_blocked, id=14708, stack(0x000000c1e6710000,0x000000c1e6810000)]
  0x000001da51b7d800 JavaThread "Prism Font Disposer" daemon [_thread_blocked, id=16336, stack(0x000000c1e6610000,0x000000c1e6710000)]
  0x000001da4a43b000 JavaThread "JavaFX-Launcher" [_thread_blocked, id=8880, stack(0x000000c1e6210000,0x000000c1e6310000)]
  0x000001da4a43a000 JavaThread "Thread-2" daemon [_thread_in_native, id=11356, stack(0x000000c1e6110000,0x000000c1e6210000)]
=>0x000001da4a0c7000 JavaThread "JavaFX Application Thread" [_thread_in_vm, id=13048, stack(0x000000c1e5f00000,0x000000c1e6000000)]
  0x000001da4a07f000 JavaThread "Thread-1" daemon [_thread_blocked, id=6944, stack(0x000000c1e5e00000,0x000000c1e5f00000)]
  0x000001da49f50000 JavaThread "QuantumRenderer-0" daemon [_thread_blocked, id=2252, stack(0x000000c1e5c00000,0x000000c1e5d00000)]
  0x000001da4764e800 JavaThread "Service Thread" daemon [_thread_blocked, id=14076, stack(0x000000c1e5a00000,0x000000c1e5b00000)]
  0x000001da49b56800 JavaThread "C1 CompilerThread3" daemon [_thread_blocked, id=644, stack(0x000000c1e5900000,0x000000c1e5a00000)]
  0x000001da49b4e000 JavaThread "C2 CompilerThread2" daemon [_thread_blocked, id=16200, stack(0x000000c1e5800000,0x000000c1e5900000)]
  0x000001da49b48000 JavaThread "C2 CompilerThread1" daemon [_thread_blocked, id=13996, stack(0x000000c1e5700000,0x000000c1e5800000)]
  0x000001da49b47000 JavaThread "C2 CompilerThread0" daemon [_thread_blocked, id=5992, stack(0x000000c1e5600000,0x000000c1e5700000)]
  0x000001da49b3f000 JavaThread "Monitor Ctrl-Break" daemon [_thread_in_native, id=5736, stack(0x000000c1e5500000,0x000000c1e5600000)]
  0x000001da47620800 JavaThread "Attach Listener" daemon [_thread_blocked, id=9392, stack(0x000000c1e5400000,0x000000c1e5500000)]
  0x000001da4761e800 JavaThread "Signal Dispatcher" daemon [_thread_blocked, id=8556, stack(0x000000c1e5300000,0x000000c1e5400000)]
  0x000001da475f0000 JavaThread "Finalizer" daemon [_thread_blocked, id=3772, stack(0x000000c1e5200000,0x000000c1e5300000)]
  0x000001da475e8800 JavaThread "Reference Handler" daemon [_thread_blocked, id=14928, stack(0x000000c1e5100000,0x000000c1e5200000)]
  0x000001da2c97c000 JavaThread "main" [_thread_blocked, id=7736, stack(0x000000c1e4500000,0x000000c1e4600000)]

Other Threads:
  0x000001da475c1000 VMThread [stack: 0x000000c1e5000000,0x000000c1e5100000] [id=16268]
  0x000001da49bf7800 WatcherThread [stack: 0x000000c1e5b00000,0x000000c1e5c00000] [id=11080]

VM state:not at safepoint (normal execution)

VM Mutex/Monitor currently owned by a thread: None

heap address: 0x00000006c0c00000, size: 4084 MB, Compressed Oops mode: Zero based, Oop shift amount: 3
Narrow klass base: 0x0000000000000000, Narrow klass shift: 3
Compressed class space size: 1073741824 Address: 0x00000007c0000000

Heap:
 PSYoungGen      total 76288K, used 35186K [0x000000076af00000, 0x0000000774400000, 0x00000007c0000000)
  eden space 65536K, 53% used [0x000000076af00000,0x000000076d15ca20,0x000000076ef00000)
  from space 10752K, 0% used [0x000000076f980000,0x000000076f980000,0x0000000770400000)
  to   space 10752K, 0% used [0x000000076ef00000,0x000000076ef00000,0x000000076f980000)
 ParOldGen       total 111616K, used 13325K [0x00000006c0c00000, 0x00000006c7900000, 0x000000076af00000)
  object space 111616K, 11% used [0x00000006c0c00000,0x00000006c1903740,0x00000006c7900000)
 Metaspace       used 25655K, capacity 27136K, committed 27392K, reserved 1073152K
  class space    used 3522K, capacity 3825K, committed 3840K, reserved 1048576K

Card table byte_map: [0x000001da3d600000,0x000001da3de00000] byte_map_base: 0x000001da39ffa000

Marking Bits: (ParMarkBitMap*) 0x000000005e1f7820
 Begin Bits: [0x000001da3e360000, 0x000001da42330000)
 End Bits:   [0x000001da42330000, 0x000001da46300000)

Polling page: 0x000001da2cbf0000

CodeCache: size=245760Kb used=9526Kb max_used=9540Kb free=236233Kb
 bounds [0x000001da2e240000, 0x000001da2eba0000, 0x000001da3d240000]
 total_blobs=3664 nmethods=2907 adapters=670
 compilation: enabled

Compilation events (10 events):
Event: 5.853 Thread 0x000001da49b56800 2904   !   3       sun.reflect.GeneratedMethodAccessor1::invoke (65 bytes)
Event: 5.853 Thread 0x000001da49b56800 nmethod 2904 0x000001da2eb88ed0 code [0x000001da2eb890c0, 0x000001da2eb89840]
Event: 5.853 Thread 0x000001da49b56800 2905       3       java.lang.reflect.Method::getParameterTypes (11 bytes)
Event: 5.854 Thread 0x000001da49b56800 nmethod 2905 0x000001da2eb88990 code [0x000001da2eb88b00, 0x000001da2eb88e10]
Event: 5.855 Thread 0x000001da49b48000 nmethod 2903 0x000001da2eb947d0 code [0x000001da2eb94960, 0x000001da2eb94ef8]
Event: 5.855 Thread 0x000001da49b56800 2906       3       java.util.logging.LogManager::getProperty (9 bytes)
Event: 5.856 Thread 0x000001da49b56800 nmethod 2906 0x000001da2eb94350 code [0x000001da2eb944c0, 0x000001da2eb946f0]
Event: 5.856 Thread 0x000001da49b4e000 nmethod 2890 0x000001da2eb95210 code [0x000001da2eb95440, 0x000001da2eb97f00]
Event: 5.866 Thread 0x000001da49b56800 2907       3       javafx.beans.property.ReadOnlyDoubleWrapper::fireValueChangedEvent (19 bytes)
Event: 5.866 Thread 0x000001da49b56800 nmethod 2907 0x000001da2eb939d0 code [0x000001da2eb93b80, 0x000001da2eb94120]

GC Heap History (6 events):
Event: 1.459 GC heap before
{Heap before GC invocations=1 (full 0):
 PSYoungGen      total 76288K, used 63121K [0x000000076af00000, 0x0000000770400000, 0x00000007c0000000)
  eden space 65536K, 96% used [0x000000076af00000,0x000000076eca46f8,0x000000076ef00000)
  from space 10752K, 0% used [0x000000076f980000,0x000000076f980000,0x0000000770400000)
  to   space 10752K, 0% used [0x000000076ef00000,0x000000076ef00000,0x000000076f980000)
 ParOldGen       total 175104K, used 0K [0x00000006c0c00000, 0x00000006cb700000, 0x000000076af00000)
  object space 175104K, 0% used [0x00000006c0c00000,0x00000006c0c00000,0x00000006cb700000)
 Metaspace       used 16967K, capacity 17688K, committed 17920K, reserved 1064960K
  class space    used 2357K, capacity 2533K, committed 2560K, reserved 1048576K
Event: 1.464 GC heap after
Heap after GC invocations=1 (full 0):
 PSYoungGen      total 76288K, used 10736K [0x000000076af00000, 0x0000000770400000, 0x00000007c0000000)
  eden space 65536K, 0% used [0x000000076af00000,0x000000076af00000,0x000000076ef00000)
  from space 10752K, 99% used [0x000000076ef00000,0x000000076f97c0c0,0x000000076f980000)
  to   space 10752K, 0% used [0x000000076f980000,0x000000076f980000,0x0000000770400000)
 ParOldGen       total 175104K, used 5008K [0x00000006c0c00000, 0x00000006cb700000, 0x000000076af00000)
  object space 175104K, 2% used [0x00000006c0c00000,0x00000006c10e4078,0x00000006cb700000)
 Metaspace       used 16967K, capacity 17688K, committed 17920K, reserved 1064960K
  class space    used 2357K, capacity 2533K, committed 2560K, reserved 1048576K
}
Event: 1.660 GC heap before
{Heap before GC invocations=2 (full 0):
 PSYoungGen      total 76288K, used 30137K [0x000000076af00000, 0x0000000770400000, 0x00000007c0000000)
  eden space 65536K, 29% used [0x000000076af00000,0x000000076c1f2368,0x000000076ef00000)
  from space 10752K, 99% used [0x000000076ef00000,0x000000076f97c0c0,0x000000076f980000)
  to   space 10752K, 0% used [0x000000076f980000,0x000000076f980000,0x0000000770400000)
 ParOldGen       total 175104K, used 5008K [0x00000006c0c00000, 0x00000006cb700000, 0x000000076af00000)
  object space 175104K, 2% used [0x00000006c0c00000,0x00000006c10e4078,0x00000006cb700000)
 Metaspace       used 20423K, capacity 21202K, committed 21296K, reserved 1067008K
  class space    used 2736K, capacity 2912K, committed 2944K, reserved 1048576K
Event: 1.664 GC heap after
Heap after GC invocations=2 (full 0):
 PSYoungGen      total 76288K, used 10736K [0x000000076af00000, 0x0000000774400000, 0x00000007c0000000)
  eden space 65536K, 0% used [0x000000076af00000,0x000000076af00000,0x000000076ef00000)
  from space 10752K, 99% used [0x000000076f980000,0x00000007703fc360,0x0000000770400000)
  to   space 10752K, 0% used [0x000000076ef00000,0x000000076ef00000,0x000000076f980000)
 ParOldGen       total 175104K, used 7661K [0x00000006c0c00000, 0x00000006cb700000, 0x000000076af00000)
  object space 175104K, 4% used [0x00000006c0c00000,0x00000006c137b450,0x00000006cb700000)
 Metaspace       used 20423K, capacity 21202K, committed 21296K, reserved 1067008K
  class space    used 2736K, capacity 2912K, committed 2944K, reserved 1048576K
}
Event: 1.664 GC heap before
{Heap before GC invocations=3 (full 1):
 PSYoungGen      total 76288K, used 10736K [0x000000076af00000, 0x0000000774400000, 0x00000007c0000000)
  eden space 65536K, 0% used [0x000000076af00000,0x000000076af00000,0x000000076ef00000)
  from space 10752K, 99% used [0x000000076f980000,0x00000007703fc360,0x0000000770400000)
  to   space 10752K, 0% used [0x000000076ef00000,0x000000076ef00000,0x000000076f980000)
 ParOldGen       total 175104K, used 7661K [0x00000006c0c00000, 0x00000006cb700000, 0x000000076af00000)
  object space 175104K, 4% used [0x00000006c0c00000,0x00000006c137b450,0x00000006cb700000)
 Metaspace       used 20423K, capacity 21202K, committed 21296K, reserved 1067008K
  class space    used 2736K, capacity 2912K, committed 2944K, reserved 1048576K
Event: 1.676 GC heap after
Heap after GC invocations=3 (full 1):
 PSYoungGen      total 76288K, used 0K [0x000000076af00000, 0x0000000774400000, 0x00000007c0000000)
  eden space 65536K, 0% used [0x000000076af00000,0x000000076af00000,0x000000076ef00000)
  from space 10752K, 0% used [0x000000076f980000,0x000000076f980000,0x0000000770400000)
  to   space 10752K, 0% used [0x000000076ef00000,0x000000076ef00000,0x000000076f980000)
 ParOldGen       total 111616K, used 13325K [0x00000006c0c00000, 0x00000006c7900000, 0x000000076af00000)
  object space 111616K, 11% used [0x00000006c0c00000,0x00000006c1903740,0x00000006c7900000)
 Metaspace       used 20423K, capacity 21202K, committed 21296K, reserved 1067008K
  class space    used 2736K, capacity 2912K, committed 2944K, reserved 1048576K
}

Deoptimization events (10 events):
Event: 4.881 Thread 0x000001da4a0c7000 Uncommon trap: reason=class_check action=maybe_recompile pc=0x000001da2eac966c method=javafx.scene.Node$MiscProperties.getEffect()Ljavafx/scene/effect/Effect; @ 20
Event: 5.571 Thread 0x000001da4a0c7000 Uncommon trap: reason=array_check action=maybe_recompile pc=0x000001da2eaf6d8c method=com.sun.javafx.css.CompoundSelector.applies(Ljavafx/css/Styleable;[Ljava/util/Set;I)Z @ 128
Event: 5.571 Thread 0x000001da4a0c7000 Uncommon trap: reason=array_check action=maybe_recompile pc=0x000001da2eaf6d8c method=com.sun.javafx.css.CompoundSelector.applies(Ljavafx/css/Styleable;[Ljava/util/Set;I)Z @ 128
Event: 5.571 Thread 0x000001da4a0c7000 Uncommon trap: reason=array_check action=maybe_recompile pc=0x000001da2eaf6d8c method=com.sun.javafx.css.CompoundSelector.applies(Ljavafx/css/Styleable;[Ljava/util/Set;I)Z @ 128
Event: 5.571 Thread 0x000001da4a0c7000 Uncommon trap: reason=array_check action=maybe_recompile pc=0x000001da2eaf6d8c method=com.sun.javafx.css.CompoundSelector.applies(Ljavafx/css/Styleable;[Ljava/util/Set;I)Z @ 128
Event: 5.571 Thread 0x000001da4a0c7000 Uncommon trap: reason=speculate_class_check action=maybe_recompile pc=0x000001da2ea7dcd4 method=com.sun.javafx.scene.EnteredExitedHandler.dispatchCapturingEvent(Ljavafx/event/Event;)Ljavafx/event/Event; @ 12
Event: 5.572 Thread 0x000001da4a0c7000 Uncommon trap: reason=speculate_class_check action=maybe_recompile pc=0x000001da2ea7dcd4 method=com.sun.javafx.scene.EnteredExitedHandler.dispatchCapturingEvent(Ljavafx/event/Event;)Ljavafx/event/Event; @ 12
Event: 5.580 Thread 0x000001da4a0c7000 Uncommon trap: reason=unstable_if action=reinterpret pc=0x000001da2e7506c0 method=java.util.regex.ASCII.isType(II)Z @ 6
Event: 5.859 Thread 0x000001da4a0c7000 Uncommon trap: reason=unstable_if action=reinterpret pc=0x000001da2e9967a4 method=java.lang.ThreadLocal$ThreadLocalMap.getEntry(Ljava/lang/ThreadLocal;)Ljava/lang/ThreadLocal$ThreadLocalMap$Entry; @ 21
Event: 5.859 Thread 0x000001da4a0c7000 Uncommon trap: reason=unstable_if action=reinterpret pc=0x000001da2ea54034 method=java.lang.ThreadLocal$ThreadLocalMap.getEntry(Ljava/lang/ThreadLocal;)Ljava/lang/ThreadLocal$ThreadLocalMap$Entry; @ 21

Classes redefined (0 events):
No events

Internal exceptions (10 events):
Event: 5.838 Thread 0x000001da4a0c7000 Exception <a 'java/io/FileNotFoundException'> (0x000000076cf1d970) thrown at [C:\wsjdk\Corretto8Src\installers\windows\zip\corretto-build\buildRoot\hotspot\src\share\vm\prims\jni.cpp, line 711]
Event: 5.838 Thread 0x000001da4a0c7000 Exception <a 'java/io/FileNotFoundException'> (0x000000076cf1fa20) thrown at [C:\wsjdk\Corretto8Src\installers\windows\zip\corretto-build\buildRoot\hotspot\src\share\vm\prims\jni.cpp, line 711]
Event: 5.838 Thread 0x000001da4a0c7000 Exception <a 'java/io/FileNotFoundException'> (0x000000076cf217d0) thrown at [C:\wsjdk\Corretto8Src\installers\windows\zip\corretto-build\buildRoot\hotspot\src\share\vm\prims\jni.cpp, line 711]
Event: 5.859 Thread 0x000001da4a0c7000 Implicit null exception at 0x000001da2e9966fc to 0x000001da2e996789
Event: 5.859 Thread 0x000001da4a0c7000 Implicit null exception at 0x000001da2ea53f94 to 0x000001da2ea54019
Event: 5.859 Thread 0x000001da4a0c7000 Exception <a 'sun/nio/fs/WindowsException'> (0x000000076d02e988) thrown at [C:\wsjdk\Corretto8Src\installers\windows\zip\corretto-build\buildRoot\hotspot\src\share\vm\prims\jni.cpp, line 711]
Event: 5.860 Thread 0x000001da4a0c7000 Exception <a 'sun/nio/fs/WindowsException'> (0x000000076d036080) thrown at [C:\wsjdk\Corretto8Src\installers\windows\zip\corretto-build\buildRoot\hotspot\src\share\vm\prims\jni.cpp, line 711]
Event: 5.866 Thread 0x000001da4a0c7000 Exception <a 'java/lang/NoSuchMethodError': fwkLoad> (0x000000076d04de78) thrown at [C:\wsjdk\Corretto8Src\installers\windows\zip\corretto-build\buildRoot\hotspot\src\share\vm\prims\jni.cpp, line 1584]
Event: 5.866 Thread 0x000001da4a0c7000 Exception <a 'java/lang/NoClassDefFoundError': com/sun/webkit/network/URLLoaderBase> (0x000000076d061290) thrown at [C:\wsjdk\Corretto8Src\installers\windows\zip\corretto-build\buildRoot\hotspot\src\share\vm\classfile\systemDictionary.cpp, line 206]
Event: 5.866 Thread 0x000001da4a0c7000 Exception <a 'java/lang/NoSuchMethodError': fwkCancel> (0x000000076d0618a8) thrown at [C:\wsjdk\Corretto8Src\installers\windows\zip\corretto-build\buildRoot\hotspot\src\share\vm\prims\jni.cpp, line 1584]

Events (10 events):
Event: 5.863 loading class javafx/scene/web/DirectoryLock$Descriptor
Event: 5.863 loading class javafx/scene/web/DirectoryLock$Descriptor done
Event: 5.866 loading class com/sun/webkit/network/URLLoaderBase
Event: 5.866 loading class com/sun/webkit/network/URLLoaderBase done
Event: 5.866 loading class com/sun/webkit/network/FormDataElement
Event: 5.866 loading class com/sun/webkit/network/FormDataElement done
Event: 5.866 loading class com/sun/webkit/network/FormDataElement$ByteArrayElement
Event: 5.866 loading class com/sun/webkit/network/FormDataElement$ByteArrayElement done
Event: 5.866 loading class com/sun/webkit/network/FormDataElement$FileElement
Event: 5.866 loading class com/sun/webkit/network/FormDataElement$FileElement done


Dynamic libraries:
0x00007ff683470000 - 0x00007ff6834aa000 	C:\Users\David\.jdks\corretto-1.8.0_352\bin\java.exe
0x00007fff8ebd0000 - 0x00007fff8edc8000 	C:\Windows\SYSTEM32\ntdll.dll
0x00007fff8db00000 - 0x00007fff8dbbf000 	C:\Windows\System32\KERNEL32.DLL
0x00007fff8c680000 - 0x00007fff8c952000 	C:\Windows\System32\KERNELBASE.dll
0x00007fff8d0d0000 - 0x00007fff8d17e000 	C:\Windows\System32\ADVAPI32.dll
0x00007fff8d340000 - 0x00007fff8d3de000 	C:\Windows\System32\msvcrt.dll
0x00007fff8eaf0000 - 0x00007fff8eb8c000 	C:\Windows\System32\sechost.dll
0x00007fff8d210000 - 0x00007fff8d335000 	C:\Windows\System32\RPCRT4.dll
0x00007fff8d630000 - 0x00007fff8d7cd000 	C:\Windows\System32\USER32.dll
0x00007fff8c3f0000 - 0x00007fff8c412000 	C:\Windows\System32\win32u.dll
0x00007fff8dbd0000 - 0x00007fff8dbfb000 	C:\Windows\System32\GDI32.dll
0x00007fff8cb10000 - 0x00007fff8cc1f000 	C:\Windows\System32\gdi32full.dll
0x00007fff8c960000 - 0x00007fff8c9fd000 	C:\Windows\System32\msvcp_win.dll
0x00007fff8c580000 - 0x00007fff8c680000 	C:\Windows\System32\ucrtbase.dll
0x00007fff75580000 - 0x00007fff7581a000 	C:\Windows\WinSxS\amd64_microsoft.windows.common-controls_6595b64144ccf1df_6.0.19041.1110_none_60b5254171f9507e\COMCTL32.dll
0x00007fff8d7d0000 - 0x00007fff8d802000 	C:\Windows\System32\IMM32.DLL
0x00007fff31c10000 - 0x00007fff31cff000 	C:\Users\David\.jdks\corretto-1.8.0_352\jre\bin\msvcr120.dll
0x00007fff3a430000 - 0x00007fff3a4d6000 	C:\Users\David\.jdks\corretto-1.8.0_352\jre\bin\msvcp120.dll
0x000000005da00000 - 0x000000005e276000 	C:\Users\David\.jdks\corretto-1.8.0_352\jre\bin\server\jvm.dll
0x00007fff8dbc0000 - 0x00007fff8dbc8000 	C:\Windows\System32\PSAPI.DLL
0x00007fff81d10000 - 0x00007fff81d19000 	C:\Windows\SYSTEM32\WSOCK32.dll
0x00007fff84360000 - 0x00007fff84387000 	C:\Windows\SYSTEM32\WINMM.dll
0x00007fff8e500000 - 0x00007fff8e56b000 	C:\Windows\System32\WS2_32.dll
0x00007fff84390000 - 0x00007fff8439a000 	C:\Windows\SYSTEM32\VERSION.dll
0x00007fff715c0000 - 0x00007fff715cf000 	C:\Users\David\.jdks\corretto-1.8.0_352\jre\bin\verify.dll
0x00007fff6e8a0000 - 0x00007fff6e8c9000 	C:\Users\David\.jdks\corretto-1.8.0_352\jre\bin\java.dll
0x00007fff5c710000 - 0x00007fff5c73a000 	C:\Users\David\.jdks\corretto-1.8.0_352\jre\bin\instrument.dll
0x00007fff5c760000 - 0x00007fff5c776000 	C:\Users\David\.jdks\corretto-1.8.0_352\jre\bin\zip.dll
0x00007fff8ddb0000 - 0x00007fff8e4f3000 	C:\Windows\System32\SHELL32.dll
0x00007fff8a3b0000 - 0x00007fff8ab42000 	C:\Windows\SYSTEM32\windows.storage.dll
0x00007fff8cd60000 - 0x00007fff8d0b4000 	C:\Windows\System32\combase.dll
0x00007fff8bc50000 - 0x00007fff8bc80000 	C:\Windows\SYSTEM32\Wldp.dll
0x00007fff8d9f0000 - 0x00007fff8da9d000 	C:\Windows\System32\SHCORE.dll
0x00007fff8daa0000 - 0x00007fff8daf5000 	C:\Windows\System32\shlwapi.dll
0x00007fff8c210000 - 0x00007fff8c22f000 	C:\Windows\SYSTEM32\profapi.dll
0x00007fff3b8b0000 - 0x00007fff3b8ca000 	C:\Program Files\JetBrains\IntelliJ IDEA Community Edition 2022.2.3\bin\breakgen64.dll
0x00007fff5c740000 - 0x00007fff5c75a000 	C:\Users\David\.jdks\corretto-1.8.0_352\jre\bin\net.dll
0x00007fff8b9b0000 - 0x00007fff8ba1a000 	C:\Windows\system32\mswsock.dll
0x000001da4a6b0000 - 0x000001da4a6b3000 	C:\Users\David\.jdks\corretto-1.8.0_352\jre\bin\api-ms-win-core-console-l1-1-0.dll
0x000001da4a6c0000 - 0x000001da4a6c3000 	C:\Users\David\.jdks\corretto-1.8.0_352\jre\bin\api-ms-win-core-datetime-l1-1-0.dll
0x000001da4a6d0000 - 0x000001da4a6d3000 	C:\Users\David\.jdks\corretto-1.8.0_352\jre\bin\api-ms-win-core-debug-l1-1-0.dll
0x000001da4a6e0000 - 0x000001da4a6e3000 	C:\Users\David\.jdks\corretto-1.8.0_352\jre\bin\api-ms-win-core-errorhandling-l1-1-0.dll
0x000001da4a6f0000 - 0x000001da4a6f4000 	C:\Users\David\.jdks\corretto-1.8.0_352\jre\bin\api-ms-win-core-file-l1-1-0.dll
0x000001da4a700000 - 0x000001da4a703000 	C:\Users\David\.jdks\corretto-1.8.0_352\jre\bin\api-ms-win-core-file-l1-2-0.dll
0x000001da4a710000 - 0x000001da4a713000 	C:\Users\David\.jdks\corretto-1.8.0_352\jre\bin\api-ms-win-core-file-l2-1-0.dll
0x000001da4a720000 - 0x000001da4a723000 	C:\Users\David\.jdks\corretto-1.8.0_352\jre\bin\api-ms-win-core-handle-l1-1-0.dll
0x000001da4a730000 - 0x000001da4a733000 	C:\Users\David\.jdks\corretto-1.8.0_352\jre\bin\api-ms-win-core-heap-l1-1-0.dll
0x000001da4a740000 - 0x000001da4a743000 	C:\Users\David\.jdks\corretto-1.8.0_352\jre\bin\api-ms-win-core-interlocked-l1-1-0.dll
0x000001da4a750000 - 0x000001da4a753000 	C:\Users\David\.jdks\corretto-1.8.0_352\jre\bin\api-ms-win-core-libraryloader-l1-1-0.dll
0x000001da4a760000 - 0x000001da4a763000 	C:\Users\David\.jdks\corretto-1.8.0_352\jre\bin\api-ms-win-core-localization-l1-2-0.dll
0x000001da4a770000 - 0x000001da4a773000 	C:\Users\David\.jdks\corretto-1.8.0_352\jre\bin\api-ms-win-core-memory-l1-1-0.dll
0x000001da4a780000 - 0x000001da4a783000 	C:\Users\David\.jdks\corretto-1.8.0_352\jre\bin\api-ms-win-core-namedpipe-l1-1-0.dll
0x000001da4a790000 - 0x000001da4a793000 	C:\Users\David\.jdks\corretto-1.8.0_352\jre\bin\api-ms-win-core-processenvironment-l1-1-0.dll
0x000001da4a7a0000 - 0x000001da4a7a3000 	C:\Users\David\.jdks\corretto-1.8.0_352\jre\bin\api-ms-win-core-processthreads-l1-1-0.dll
0x000001da4a7b0000 - 0x000001da4a7b3000 	C:\Users\David\.jdks\corretto-1.8.0_352\jre\bin\api-ms-win-core-processthreads-l1-1-1.dll
0x000001da4a7c0000 - 0x000001da4a7c3000 	C:\Users\David\.jdks\corretto-1.8.0_352\jre\bin\api-ms-win-core-profile-l1-1-0.dll
0x000001da4a7d0000 - 0x000001da4a7d3000 	C:\Users\David\.jdks\corretto-1.8.0_352\jre\bin\api-ms-win-core-rtlsupport-l1-1-0.dll
0x000001da4a7e0000 - 0x000001da4a7e3000 	C:\Users\David\.jdks\corretto-1.8.0_352\jre\bin\api-ms-win-core-string-l1-1-0.dll
0x000001da4a7f0000 - 0x000001da4a7f3000 	C:\Users\David\.jdks\corretto-1.8.0_352\jre\bin\api-ms-win-core-synch-l1-1-0.dll
0x000001da4a800000 - 0x000001da4a803000 	C:\Users\David\.jdks\corretto-1.8.0_352\jre\bin\api-ms-win-core-synch-l1-2-0.dll
0x000001da4a810000 - 0x000001da4a813000 	C:\Users\David\.jdks\corretto-1.8.0_352\jre\bin\api-ms-win-core-sysinfo-l1-1-0.dll
0x000001da4a820000 - 0x000001da4a823000 	C:\Users\David\.jdks\corretto-1.8.0_352\jre\bin\api-ms-win-core-timezone-l1-1-0.dll
0x000001da4a830000 - 0x000001da4a833000 	C:\Users\David\.jdks\corretto-1.8.0_352\jre\bin\api-ms-win-core-util-l1-1-0.dll
0x000001da4a840000 - 0x000001da4a843000 	C:\Users\David\.jdks\corretto-1.8.0_352\jre\bin\api-ms-win-crt-conio-l1-1-0.dll
0x000001da4a850000 - 0x000001da4a854000 	C:\Users\David\.jdks\corretto-1.8.0_352\jre\bin\api-ms-win-crt-convert-l1-1-0.dll
0x000001da4a860000 - 0x000001da4a863000 	C:\Users\David\.jdks\corretto-1.8.0_352\jre\bin\api-ms-win-crt-environment-l1-1-0.dll
0x000001da4a870000 - 0x000001da4a873000 	C:\Users\David\.jdks\corretto-1.8.0_352\jre\bin\api-ms-win-crt-filesystem-l1-1-0.dll
0x000001da4a880000 - 0x000001da4a883000 	C:\Users\David\.jdks\corretto-1.8.0_352\jre\bin\api-ms-win-crt-heap-l1-1-0.dll
0x000001da4a890000 - 0x000001da4a893000 	C:\Users\David\.jdks\corretto-1.8.0_352\jre\bin\api-ms-win-crt-locale-l1-1-0.dll
0x000001da4a8a0000 - 0x000001da4a8a5000 	C:\Users\David\.jdks\corretto-1.8.0_352\jre\bin\api-ms-win-crt-math-l1-1-0.dll
0x000001da4a8b0000 - 0x000001da4a8b5000 	C:\Users\David\.jdks\corretto-1.8.0_352\jre\bin\api-ms-win-crt-multibyte-l1-1-0.dll
0x000001da4a8c0000 - 0x000001da4a8d0000 	C:\Users\David\.jdks\corretto-1.8.0_352\jre\bin\api-ms-win-crt-private-l1-1-0.dll
0x000001da4a8d0000 - 0x000001da4a8d3000 	C:\Users\David\.jdks\corretto-1.8.0_352\jre\bin\api-ms-win-crt-process-l1-1-0.dll
0x000001da4a8e0000 - 0x000001da4a8e4000 	C:\Users\David\.jdks\corretto-1.8.0_352\jre\bin\api-ms-win-crt-runtime-l1-1-0.dll
0x000001da4a8f0000 - 0x000001da4a8f4000 	C:\Users\David\.jdks\corretto-1.8.0_352\jre\bin\api-ms-win-crt-stdio-l1-1-0.dll
0x000001da4a900000 - 0x000001da4a904000 	C:\Users\David\.jdks\corretto-1.8.0_352\jre\bin\api-ms-win-crt-string-l1-1-0.dll
0x000001da4a910000 - 0x000001da4a913000 	C:\Users\David\.jdks\corretto-1.8.0_352\jre\bin\api-ms-win-crt-time-l1-1-0.dll
0x000001da4a920000 - 0x000001da4a923000 	C:\Users\David\.jdks\corretto-1.8.0_352\jre\bin\api-ms-win-crt-utility-l1-1-0.dll
0x00007fff31b10000 - 0x00007fff31c0c000 	C:\Users\David\.jdks\corretto-1.8.0_352\jre\bin\ucrtbase.dll
0x00007fff3a3e0000 - 0x00007fff3a3f5000 	C:\Users\David\.jdks\corretto-1.8.0_352\jre\bin\vcruntime140.dll
0x00007fff39130000 - 0x00007fff391cb000 	C:\Users\David\.jdks\corretto-1.8.0_352\jre\bin\msvcp140.dll
0x00007fff3a380000 - 0x00007fff3a3d1000 	C:\Users\David\.jdks\corretto-1.8.0_352\jre\bin\concrt140.dll
0x00007fff320f0000 - 0x00007fff32113000 	C:\Users\David\.jdks\corretto-1.8.0_352\jre\bin\prism_d3d.dll
0x00007fff81ff0000 - 0x00007fff821bf000 	C:\Windows\system32\d3d9.dll
0x00007fff8a1b0000 - 0x00007fff8a1c2000 	C:\Windows\SYSTEM32\kernel.appcore.dll
0x00007fff89ec0000 - 0x00007fff89eef000 	C:\Windows\SYSTEM32\dwmapi.dll
0x00007fff89ce0000 - 0x00007fff89d7e000 	C:\Windows\system32\uxtheme.dll
0x00007fff82e30000 - 0x00007fff82eee000 	C:\Windows\System32\DriverStore\FileRepository\nv_dispi.inf_amd64_bd530e4cbd42e0a3\nvldumdx.dll
0x00007fff8be50000 - 0x00007fff8be62000 	C:\Windows\SYSTEM32\msasn1.dll
0x00007fff839a0000 - 0x00007fff839d1000 	C:\Windows\SYSTEM32\cryptnet.dll
0x00007fff8c420000 - 0x00007fff8c576000 	C:\Windows\System32\CRYPT32.dll
0x00007fff83810000 - 0x00007fff83958000 	C:\Windows\SYSTEM32\drvstore.dll
0x00007fff8c0a0000 - 0x00007fff8c0cc000 	C:\Windows\SYSTEM32\devobj.dll
0x00007fff8ca90000 - 0x00007fff8cade000 	C:\Windows\System32\cfgmgr32.dll
0x00007fff8bbc0000 - 0x00007fff8bbcc000 	C:\Windows\SYSTEM32\cryptbase.dll
0x00007fff8c380000 - 0x00007fff8c3ea000 	C:\Windows\System32\WINTRUST.DLL
0x00007fff8d9c0000 - 0x00007fff8d9dd000 	C:\Windows\System32\imagehlp.dll
0x00007fff8bba0000 - 0x00007fff8bbb8000 	C:\Windows\SYSTEM32\CRYPTSP.dll
0x00007fff8b2d0000 - 0x00007fff8b304000 	C:\Windows\system32\rsaenh.dll
0x00007fff8cae0000 - 0x00007fff8cb07000 	C:\Windows\System32\bcrypt.dll
0x00007fff8ca00000 - 0x00007fff8ca82000 	C:\Windows\System32\bcryptPrimitives.dll
0x00007fff2af20000 - 0x00007fff2d529000 	C:\Windows\System32\DriverStore\FileRepository\nv_dispi.inf_amd64_bd530e4cbd42e0a3\nvd3dumx.dll
0x00007fff31ac0000 - 0x00007fff31b05000 	C:\Users\David\.jdks\corretto-1.8.0_352\jre\bin\glass.dll
0x00007fff8dc00000 - 0x00007fff8dcda000 	C:\Windows\System32\COMDLG32.dll
0x00007fff8d500000 - 0x00007fff8d62a000 	C:\Windows\System32\ole32.dll
0x00007fff8dce0000 - 0x00007fff8ddad000 	C:\Windows\System32\OLEAUT32.dll
0x00007fff8d3e0000 - 0x00007fff8d4f5000 	C:\Windows\System32\MSCTF.dll
0x00007fff5cef0000 - 0x00007fff5d1bf000 	C:\Windows\system32\nvspcap64.dll
0x00007fff8b3f0000 - 0x00007fff8b423000 	C:\Windows\SYSTEM32\ntmarta.dll
0x00007fff8ab60000 - 0x00007fff8ab83000 	C:\Windows\SYSTEM32\gpapi.dll
0x00007fff83960000 - 0x00007fff8399b000 	C:\Windows\SYSTEM32\dxcore.dll
0x00007fff31aa0000 - 0x00007fff31ab4000 	C:\Users\David\.jdks\corretto-1.8.0_352\jre\bin\javafx_font.dll
0x00007fff7dfa0000 - 0x00007fff7e21f000 	C:\Windows\SYSTEM32\dwrite.dll
0x00007fff8e570000 - 0x00007fff8e61f000 	C:\Windows\System32\clbcatq.dll
0x00007fff84fc0000 - 0x00007fff85174000 	C:\Windows\SYSTEM32\WindowsCodecs.dll
0x00007fff729f0000 - 0x00007fff72a2e000 	C:\Windows\system32\dataexchange.dll
0x00007fff88420000 - 0x00007fff88683000 	C:\Windows\system32\d3d11.dll
0x00007fff88f00000 - 0x00007fff890e3000 	C:\Windows\system32\dcomp.dll
0x00007fff8ab90000 - 0x00007fff8ac83000 	C:\Windows\system32\dxgi.dll
0x00007fff85400000 - 0x00007fff85600000 	C:\Windows\system32\twinapi.appcore.dll
0x00007fff31a60000 - 0x00007fff31a94000 	C:\Program Files\Common Files\Microsoft Shared\Ink\rtscom.dll
0x00007fff87df0000 - 0x00007fff87ee9000 	C:\Windows\SYSTEM32\textinputframework.dll
0x00007fff894a0000 - 0x00007fff897fe000 	C:\Windows\System32\CoreUIComponents.dll
0x00007fff89800000 - 0x00007fff898f2000 	C:\Windows\System32\CoreMessaging.dll
0x00007fff88da0000 - 0x00007fff88ef4000 	C:\Windows\SYSTEM32\wintypes.dll
0x00007fff8b6e0000 - 0x00007fff8b7aa000 	C:\Windows\SYSTEM32\DNSAPI.dll
0x00007fff8b6a0000 - 0x00007fff8b6db000 	C:\Windows\SYSTEM32\IPHLPAPI.DLL
0x00007fff8d0c0000 - 0x00007fff8d0c8000 	C:\Windows\System32\NSI.dll

VM Arguments:
jvm_args: -javaagent:C:\Program Files\JetBrains\IntelliJ IDEA Community Edition 2022.2.3\lib\idea_rt.jar=59961:C:\Program Files\JetBrains\IntelliJ IDEA Community Edition 2022.2.3\bin -Dfile.encoding=UTF-8 
java_command: ch.makery.address.Main
java_class_path (initial): C:\Users\David\.jdks\corretto-1.8.0_352\jre\lib\charsets.jar;C:\Users\David\.jdks\corretto-1.8.0_352\jre\lib\ext\access-bridge-64.jar;C:\Users\David\.jdks\corretto-1.8.0_352\jre\lib\ext\cldrdata.jar;C:\Users\David\.jdks\corretto-1.8.0_352\jre\lib\ext\dnsns.jar;C:\Users\David\.jdks\corretto-1.8.0_352\jre\lib\ext\jaccess.jar;C:\Users\David\.jdks\corretto-1.8.0_352\jre\lib\ext\jfxrt.jar;C:\Users\David\.jdks\corretto-1.8.0_352\jre\lib\ext\localedata.jar;C:\Users\David\.jdks\corretto-1.8.0_352\jre\lib\ext\nashorn.jar;C:\Users\David\.jdks\corretto-1.8.0_352\jre\lib\ext\sunec.jar;C:\Users\David\.jdks\corretto-1.8.0_352\jre\lib\ext\sunjce_provider.jar;C:\Users\David\.jdks\corretto-1.8.0_352\jre\lib\ext\sunmscapi.jar;C:\Users\David\.jdks\corretto-1.8.0_352\jre\lib\ext\sunpkcs11.jar;C:\Users\David\.jdks\corretto-1.8.0_352\jre\lib\ext\zipfs.jar;C:\Users\David\.jdks\corretto-1.8.0_352\jre\lib\jce.jar;C:\Users\David\.jdks\corretto-1.8.0_352\jre\lib\jfr.jar;C:\Users\David\.jdks\corretto-1.8.0_352\jre\lib\jfxswt.jar;C:\Users\David\.jdks\corretto-1.8.0_352\jre\lib\jsse.jar;C:\Users\David\.jdks\corretto-1.8.0_352\jre\lib\management-agent.jar;C:\Users\David\.jdks\corretto-1.8.0_352\jre\lib\resources.jar;C:\Users\David\.jdks\corretto-1.8.0_352\jre\lib\rt.jar;C:\Users\David\Desktop\Proyecto1TPMDM\backupPenDrive\DIU\GestionHoteles\out\production\GestionHoteles;E:\Descargas\mysql-connector-j-8.0.31\mysql-connector-j-8.0.31.jar;C:\Program Files\JetBrains\IntelliJ IDEA Community Edition 2022.2.3\lib\idea_rt.jar
Launcher Type: SUN_STANDARD

Environment Variables:
PATH=C:\Program Files (x86)\Common Files\Oracle\Java\javapath;C:\Windows\system32;C:\Windows;C:\Windows\System32\Wbem;C:\Windows\System32\WindowsPowerShell\v1.0\;C:\Windows\System32\OpenSSH\;C:\Program Files (x86)\NVIDIA Corporation\PhysX\Common;C:\Program Files\NVIDIA Corporation\NVIDIA NvDLISR;C:\Users\David\AppData\Local\Microsoft\WindowsApps;C:\Users\David\AppData\Local\GitHubDesktop\bin;D:\Microsoft VS Code\bin;C:\Program Files\Java\jre1.8.0_351\bin;C:\Program Files\Java\jdk1.8.0_351\bin;
USERNAME=David
OS=Windows_NT
PROCESSOR_IDENTIFIER=AMD64 Family 25 Model 33 Stepping 2, AuthenticAMD



---------------  S Y S T E M  ---------------

OS: Windows 10 , 64 bit Build 19041 (10.0.19041.2251)

CPU:total 12 (initial active 12) (12 cores per cpu, 1 threads per core) family 25 model 33 stepping 2, cmov, cx8, fxsr, mmx, sse, sse2, sse3, ssse3, sse4.1, sse4.2, popcnt, avx, avx2, aes, clmul, erms, mmxext, 3dnowpref, lzcnt, sse4a, tsc, tscinvbit, tscinv, bmi1

Memory: 4k page, physical 16720252k(8692488k free), swap 17768828k(6822020k free)

vm_info: OpenJDK 64-Bit Server VM (25.352-b08) for windows-amd64 JRE (1.8.0_352-b08), built on Oct 14 2022 21:22:09 by "Administrator" with MS VC++ 12.0 (VS2013)

time: Mon Nov 28 17:13:40 2022
timezone: Hora estándar romance
elapsed time: 6.017023 seconds (0d 0h 0m 6s)

