#
# A fatal error has been detected by the Java Runtime Environment:
#
#  EXCEPTION_ACCESS_VIOLATION (0xc0000005) at pc=0x00000000717d0709, pid=15840, tid=0x0000000000003878
#
# JRE version: OpenJDK Runtime Environment (8.0_352-b08) (build 1.8.0_352-b08)
# Java VM: OpenJDK 64-Bit Server VM (25.352-b08 mixed mode windows-amd64 compressed oops)
# Problematic frame:
# V  [jvm.dll+0x120709]
#
# Failed to write core dump. Minidumps are not enabled by default on client versions of Windows
#
# If you would like to submit a bug report, please visit:
#   https://github.com/corretto/corretto-8/issues/
#

---------------  T H R E A D  ---------------

Current thread (0x000002598c19c800):  JavaThread "JavaFX Application Thread" [_thread_in_vm, id=14456, stack(0x0000005e8ca00000,0x0000005e8cb00000)]

siginfo: ExceptionCode=0xc0000005, reading address 0x0000000000000000

Registers:
RAX=0x0000000000000000, RBX=0x000002598c19c800, RCX=0x000002598c19c800, RDX=0x000000076ce321e8
RSP=0x0000005e8caf6e90, RBP=0x0000005e8caf6f88, RSI=0x0000000000000000, RDI=0x000002598c19ca60
R8 =0x0000000000000000, R9 =0x0000005e8caf6f88, R10=0x00000000717d0640, R11=0x0000005e8caf6e80
R12=0x0000005e8caf7100, R13=0x00000259943fb020, R14=0x0000000000000000, R15=0x000002598c19ca60
RIP=0x00000000717d0709, EFLAGS=0x0000000000010246

Top of Stack: (sp=0x0000005e8caf6e90)
0x0000005e8caf6e90:   00000259943fb020 0000005e8caf7100
0x0000005e8caf6ea0:   00000259944086a0 00007ffbee1747b1
0x0000005e8caf6eb0:   0000000000000000 00000259ee710000
0x0000005e8caf6ec0:   000002598c19ca60 0000000000000000
0x0000005e8caf6ed0:   0000000000000000 000002598c19c800
0x0000005e8caf6ee0:   000002598c19c800 000002598bfb80b0
0x0000005e8caf6ef0:   0000025900000630 0000000071c94360
0x0000005e8caf6f00:   0000025900000630 0000000071c94360
0x0000005e8caf6f10:   0000005e8caf6fe0 00007ffb812c6068
0x0000005e8caf6f20:   00000259944086a0 0000025900000000
0x0000005e8caf6f30:   0000000000000000 00007ffb7f808810
0x0000005e8caf6f40:   0000025993c34e38 0000005e8caf7070
0x0000005e8caf6f50:   0000025993c34e30 0000025993c34e18
0x0000005e8caf6f60:   0000005e8caf7070 00007ffb7f8a3233
0x0000005e8caf6f70:   0000025994433720 0000000000000000
0x0000005e8caf6f80:   0000000000000000 0000025993c34e18 

Instructions: (pc=0x00000000717d0709)
0x00000000717d06e9:   00 00 06 00 00 00 48 89 5c 24 50 4c 89 74 24 58
0x00000000717d06f9:   4c 39 73 08 74 0a 48 8d 4c 24 50 e8 c7 d8 12 00
0x00000000717d0709:   48 8b 06 c7 44 24 40 0c 00 00 00 48 8d 4c 24 70
0x00000000717d0719:   48 8b 50 08 0f b7 42 24 48 8b 52 08 48 8b 54 c2 


Register to memory mapping:

RAX=0x0000000000000000 is an unknown value
RBX=0x000002598c19c800 is a thread
RCX=0x000002598c19c800 is a thread
RDX=0x000000076ce321e8 is an oop
java.lang.NoSuchMethodError 
 - klass: 'java/lang/NoSuchMethodError'
RSP=0x0000005e8caf6e90 is pointing into the stack for thread: 0x000002598c19c800
RBP=0x0000005e8caf6f88 is pointing into the stack for thread: 0x000002598c19c800
RSI=0x0000000000000000 is an unknown value
RDI=0x000002598c19ca60 is an unknown value
R8 =0x0000000000000000 is an unknown value
R9 =0x0000005e8caf6f88 is pointing into the stack for thread: 0x000002598c19c800
R10=0x00000000717d0640 is an unknown value
R11=0x0000005e8caf6e80 is pointing into the stack for thread: 0x000002598c19c800
R12=0x0000005e8caf7100 is pointing into the stack for thread: 0x000002598c19c800
R13=0x00000259943fb020 is an unknown value
R14=0x0000000000000000 is an unknown value
R15=0x000002598c19ca60 is an unknown value


Stack: [0x0000005e8ca00000,0x0000005e8cb00000],  sp=0x0000005e8caf6e90,  free space=987k
Native frames: (J=compiled Java code, j=interpreted, Vv=VM code, C=native code)
V  [jvm.dll+0x120709]
C  0x00007ffb7f808810
C  0x00007ffb7f8a3233
C  0x00007ffb7f8a34f7
C  0x00007ffb7f8d7d20
C  0x00007ffb7f95521d
C  0x00007ffb7f9f4a98
C  0x00007ffb7f7af4d4
C  0x00007ffb7f7af267
C  0x00007ffb7f7ae036
C  0x00007ffb7fa0070a
C  0x00007ffb7fa0082b
C  0x00007ffb7f9f1c46
C  0x00007ffb7fa006a4
C  0x00007ffb7f9f5175
C  0x00007ffb7f9ffcc2
C  0x00007ffb7fa085df
C  0x00007ffb7f9f37ca
C  0x00007ffb7fa014b5
C  0x00007ffb7f7ae93b
C  0x00007ffb7ffb4844
C  0x00007ffb7ffb915b
C  0x00007ffb7ffb79f9
C  0x00007ffb7f9cd126
C  0x00007ffb7f9c578a
C  0x00007ffb7f7abff9
C  0x00007ffb7f9d8bb1
C  0x00007ffb7f9d690a
C  0x00007ffb7f9dba7a
C  0x00007ffb7f9de9f8
C  0x00007ffb7f9dbc0a
C  0x00007ffb7f9f6be3
C  0x00007ffb7f9f7b1b
C  0x00007ffb7f80f897
C  0x00007ffb7f9f869b
C  0x00007ffb7f9e8499
C  0x00007ffb7f9e4045
C  0x00007ffb7f9e4451
C  0x00007ffb7f81ced9
C  0x00000259f020964e

Java frames: (J=compiled Java code, j=interpreted, Vv=VM code)
j  com.sun.webkit.WebPage.twkOpen(JLjava/lang/String;)V+0
j  com.sun.webkit.WebPage.open(JLjava/lang/String;)V+106
j  javafx.scene.web.WebEngine.load(Ljava/lang/String;)V+96
j  ch.makery.address.controller.JavaDocController.initialize()V+31
v  ~StubRoutines::call_stub
J 1180  sun.reflect.NativeMethodAccessorImpl.invoke0(Ljava/lang/reflect/Method;Ljava/lang/Object;[Ljava/lang/Object;)Ljava/lang/Object; (0 bytes) @ 0x00000259f064553f [0x00000259f06454c0+0x7f]
J 1179 C1 sun.reflect.NativeMethodAccessorImpl.invoke(Ljava/lang/Object;[Ljava/lang/Object;)Ljava/lang/Object; (104 bytes) @ 0x00000259f06447bc [0x00000259f06435c0+0x11fc]
J 1048 C1 sun.reflect.DelegatingMethodAccessorImpl.invoke(Ljava/lang/Object;[Ljava/lang/Object;)Ljava/lang/Object; (10 bytes) @ 0x00000259f05c93cc [0x00000259f05c92c0+0x10c]
J 1047 C1 java.lang.reflect.Method.invoke(Ljava/lang/Object;[Ljava/lang/Object;)Ljava/lang/Object; (62 bytes) @ 0x00000259f05c0274 [0x00000259f05bfe80+0x3f4]
J 2660 C1 sun.reflect.GeneratedMethodAccessor1.invoke(Ljava/lang/Object;[Ljava/lang/Object;)Ljava/lang/Object; (65 bytes) @ 0x00000259f0a80fc4 [0x00000259f0a80c00+0x3c4]
J 1048 C1 sun.reflect.DelegatingMethodAccessorImpl.invoke(Ljava/lang/Object;[Ljava/lang/Object;)Ljava/lang/Object; (10 bytes) @ 0x00000259f05c93cc [0x00000259f05c92c0+0x10c]
J 1047 C1 java.lang.reflect.Method.invoke(Ljava/lang/Object;[Ljava/lang/Object;)Ljava/lang/Object; (62 bytes) @ 0x00000259f05c0274 [0x00000259f05bfe80+0x3f4]
J 1145 C1 sun.reflect.misc.MethodUtil.invoke(Ljava/lang/reflect/Method;Ljava/lang/Object;[Ljava/lang/Object;)Ljava/lang/Object; (111 bytes) @ 0x00000259f062e8cc [0x00000259f062e400+0x4cc]
j  javafx.fxml.FXMLLoader.loadImpl(Ljava/io/InputStream;Ljava/lang/Class;)Ljava/lang/Object;+346
j  javafx.fxml.FXMLLoader.loadImpl(Ljava/lang/Class;)Ljava/lang/Object;+30
j  javafx.fxml.FXMLLoader.load()Ljava/lang/Object;+14
j  ch.makery.address.Main.showJavaDoc()V+20
j  ch.makery.address.controller.RootLayoutController.handleOpenJavaDoc()V+4
v  ~StubRoutines::call_stub
J 1180  sun.reflect.NativeMethodAccessorImpl.invoke0(Ljava/lang/reflect/Method;Ljava/lang/Object;[Ljava/lang/Object;)Ljava/lang/Object; (0 bytes) @ 0x00000259f064553f [0x00000259f06454c0+0x7f]
J 1179 C1 sun.reflect.NativeMethodAccessorImpl.invoke(Ljava/lang/Object;[Ljava/lang/Object;)Ljava/lang/Object; (104 bytes) @ 0x00000259f06447bc [0x00000259f06435c0+0x11fc]
J 1048 C1 sun.reflect.DelegatingMethodAccessorImpl.invoke(Ljava/lang/Object;[Ljava/lang/Object;)Ljava/lang/Object; (10 bytes) @ 0x00000259f05c93cc [0x00000259f05c92c0+0x10c]
J 1047 C1 java.lang.reflect.Method.invoke(Ljava/lang/Object;[Ljava/lang/Object;)Ljava/lang/Object; (62 bytes) @ 0x00000259f05c0274 [0x00000259f05bfe80+0x3f4]
J 1146 C1 sun.reflect.misc.Trampoline.invoke(Ljava/lang/reflect/Method;Ljava/lang/Object;[Ljava/lang/Object;)Ljava/lang/Object; (11 bytes) @ 0x00000259f061e394 [0x00000259f061e280+0x114]
j  sun.reflect.GeneratedMethodAccessor1.invoke(Ljava/lang/Object;[Ljava/lang/Object;)Ljava/lang/Object;+40
J 1048 C1 sun.reflect.DelegatingMethodAccessorImpl.invoke(Ljava/lang/Object;[Ljava/lang/Object;)Ljava/lang/Object; (10 bytes) @ 0x00000259f05c93cc [0x00000259f05c92c0+0x10c]
J 1047 C1 java.lang.reflect.Method.invoke(Ljava/lang/Object;[Ljava/lang/Object;)Ljava/lang/Object; (62 bytes) @ 0x00000259f05c0274 [0x00000259f05bfe80+0x3f4]
J 1145 C1 sun.reflect.misc.MethodUtil.invoke(Ljava/lang/reflect/Method;Ljava/lang/Object;[Ljava/lang/Object;)Ljava/lang/Object; (111 bytes) @ 0x00000259f062e8cc [0x00000259f062e400+0x4cc]
j  javafx.fxml.FXMLLoader$MethodHandler.invoke([Ljava/lang/Object;)V+38
j  javafx.fxml.FXMLLoader$ControllerMethodEventHandler.handle(Ljavafx/event/Event;)V+12
J 2278 C1 com.sun.javafx.event.CompositeEventHandler.dispatchBubblingEvent(Ljavafx/event/Event;)V (57 bytes) @ 0x00000259f0940464 [0x00000259f0940080+0x3e4]
J 2244 C1 com.sun.javafx.event.EventHandlerManager.dispatchBubblingEvent(Ljavafx/event/Event;)Ljavafx/event/Event; (23 bytes) @ 0x00000259f092c18c [0x00000259f092bae0+0x6ac]
J 2213 C1 com.sun.javafx.event.BasicEventDispatcher.dispatchEvent(Ljavafx/event/Event;Ljavafx/event/EventDispatchChain;)Ljavafx/event/Event; (44 bytes) @ 0x00000259f0917dfc [0x00000259f0917ac0+0x33c]
J 2201 C1 com.sun.javafx.event.EventDispatchChainImpl.dispatchEvent(Ljavafx/event/Event;)Ljavafx/event/Event; (101 bytes) @ 0x00000259f090ca3c [0x00000259f090c880+0x1bc]
J 2380 C1 com.sun.javafx.event.EventUtil.fireEvent(Ljavafx/event/EventTarget;Ljavafx/event/Event;)Ljavafx/event/Event; (81 bytes) @ 0x00000259f09803e4 [0x00000259f097f800+0xbe4]
J 2338 C1 javafx.event.Event.fireEvent(Ljavafx/event/EventTarget;Ljavafx/event/Event;)V (35 bytes) @ 0x00000259f095a5ac [0x00000259f095a4e0+0xcc]
j  javafx.scene.control.MenuItem.fire()V+10
j  com.sun.javafx.scene.control.skin.ContextMenuContent$MenuItemContainer.doSelect()V+97
j  com.sun.javafx.scene.control.skin.ContextMenuContent$MenuItemContainer.lambda$createChildren$6(Ljavafx/scene/input/MouseEvent;)V+1
j  com.sun.javafx.scene.control.skin.ContextMenuContent$MenuItemContainer$$Lambda$353.handle(Ljavafx/event/Event;)V+8
J 2334 C1 com.sun.javafx.event.CompositeEventHandler$NormalEventHandlerRecord.handleBubblingEvent(Ljavafx/event/Event;)V (11 bytes) @ 0x00000259f0959c0c [0x00000259f0959b00+0x10c]
J 2278 C1 com.sun.javafx.event.CompositeEventHandler.dispatchBubblingEvent(Ljavafx/event/Event;)V (57 bytes) @ 0x00000259f09402cc [0x00000259f0940080+0x24c]
J 2244 C1 com.sun.javafx.event.EventHandlerManager.dispatchBubblingEvent(Ljavafx/event/Event;)Ljavafx/event/Event; (23 bytes) @ 0x00000259f092c18c [0x00000259f092bae0+0x6ac]
J 2243 C1 com.sun.javafx.event.CompositeEventDispatcher.dispatchBubblingEvent(Ljavafx/event/Event;)Ljavafx/event/Event; (35 bytes) @ 0x00000259f092cb5c [0x00000259f092c9a0+0x1bc]
J 2213 C1 com.sun.javafx.event.BasicEventDispatcher.dispatchEvent(Ljavafx/event/Event;Ljavafx/event/EventDispatchChain;)Ljavafx/event/Event; (44 bytes) @ 0x00000259f0917dfc [0x00000259f0917ac0+0x33c]
J 2201 C1 com.sun.javafx.event.EventDispatchChainImpl.dispatchEvent(Ljavafx/event/Event;)Ljavafx/event/Event; (101 bytes) @ 0x00000259f090ca3c [0x00000259f090c880+0x1bc]
J 2213 C1 com.sun.javafx.event.BasicEventDispatcher.dispatchEvent(Ljavafx/event/Event;Ljavafx/event/EventDispatchChain;)Ljavafx/event/Event; (44 bytes) @ 0x00000259f0917d14 [0x00000259f0917ac0+0x254]
J 2201 C1 com.sun.javafx.event.EventDispatchChainImpl.dispatchEvent(Ljavafx/event/Event;)Ljavafx/event/Event; (101 bytes) @ 0x00000259f090ca3c [0x00000259f090c880+0x1bc]
J 2213 C1 com.sun.javafx.event.BasicEventDispatcher.dispatchEvent(Ljavafx/event/Event;Ljavafx/event/EventDispatchChain;)Ljavafx/event/Event; (44 bytes) @ 0x00000259f0917d14 [0x00000259f0917ac0+0x254]
J 2201 C1 com.sun.javafx.event.EventDispatchChainImpl.dispatchEvent(Ljavafx/event/Event;)Ljavafx/event/Event; (101 bytes) @ 0x00000259f090ca3c [0x00000259f090c880+0x1bc]
J 2213 C1 com.sun.javafx.event.BasicEventDispatcher.dispatchEvent(Ljavafx/event/Event;Ljavafx/event/EventDispatchChain;)Ljavafx/event/Event; (44 bytes) @ 0x00000259f0917d14 [0x00000259f0917ac0+0x254]
J 2201 C1 com.sun.javafx.event.EventDispatchChainImpl.dispatchEvent(Ljavafx/event/Event;)Ljavafx/event/Event; (101 bytes) @ 0x00000259f090ca3c [0x00000259f090c880+0x1bc]
J 2380 C1 com.sun.javafx.event.EventUtil.fireEvent(Ljavafx/event/EventTarget;Ljavafx/event/Event;)Ljavafx/event/Event; (81 bytes) @ 0x00000259f097ff44 [0x00000259f097f800+0x744]
J 2367 C1 javafx.scene.Scene$MouseHandler.process(Ljavafx/scene/input/MouseEvent;Z)V (735 bytes) @ 0x00000259f097417c [0x00000259f09716c0+0x2abc]
J 2366 C1 javafx.scene.Scene$MouseHandler.access$1500(Ljavafx/scene/Scene$MouseHandler;Ljavafx/scene/input/MouseEvent;Z)V (7 bytes) @ 0x00000259f096f6dc [0x00000259f096f680+0x5c]
j  javafx.scene.Scene.impl_processMouseEvent(Ljavafx/scene/input/MouseEvent;)V+6
j  javafx.scene.Scene$ScenePeerListener.mouseEvent(Ljavafx/event/EventType;DDDDLjavafx/scene/input/MouseButton;ZZZZZZZZZ)V+46
j  com.sun.javafx.tk.quantum.GlassViewEventHandler$MouseEventNotification.run()Ljava/lang/Void;+571
j  com.sun.javafx.tk.quantum.GlassViewEventHandler$MouseEventNotification.run()Ljava/lang/Object;+1
v  ~StubRoutines::call_stub
J 2328  java.security.AccessController.doPrivileged(Ljava/security/PrivilegedAction;Ljava/security/AccessControlContext;)Ljava/lang/Object; (0 bytes) @ 0x00000259f09576e6 [0x00000259f0957680+0x66]
j  com.sun.javafx.tk.quantum.GlassViewEventHandler.lambda$handleMouseEvent$2()Ljava/lang/Void;+11
j  com.sun.javafx.tk.quantum.GlassViewEventHandler$$Lambda$327.get()Ljava/lang/Object;+4
J 2348 C1 com.sun.javafx.tk.quantum.QuantumToolkit.runWithoutRenderLock(Ljava/util/function/Supplier;)Ljava/lang/Object; (49 bytes) @ 0x00000259f0967ae4 [0x00000259f09675a0+0x544]
J 2402 C1 com.sun.javafx.tk.quantum.GlassViewEventHandler.handleMouseEvent(Lcom/sun/glass/ui/View;JIIIIIIIZZ)V (108 bytes) @ 0x00000259f098d064 [0x00000259f098cc40+0x424]
J 2370 C1 com.sun.glass.ui.View.notifyMouse(IIIIIIIZZ)V (221 bytes) @ 0x00000259f0978a6c [0x00000259f0977960+0x110c]
v  ~StubRoutines::call_stub
j  com.sun.glass.ui.win.WinApplication._runLoop(Ljava/lang/Runnable;)V+0
j  com.sun.glass.ui.win.WinApplication.lambda$null$3(ILjava/lang/Runnable;)V+8
j  com.sun.glass.ui.win.WinApplication$$Lambda$37.run()V+12
j  java.lang.Thread.run()V+11
v  ~StubRoutines::call_stub

---------------  P R O C E S S  ---------------

Java Threads: ( => current thread )
  0x000002598bbee000 JavaThread "Disposer" daemon [_thread_blocked, id=13728, stack(0x0000005e8d7b0000,0x0000005e8d8b0000)]
  0x0000025994111800 JavaThread "mysql-cj-abandoned-connection-cleanup" daemon [_thread_blocked, id=14656, stack(0x0000005e8d2a0000,0x0000005e8d3a0000)]
  0x0000025993b0e000 JavaThread "Prism Font Disposer" daemon [_thread_blocked, id=5676, stack(0x0000005e8d1a0000,0x0000005e8d2a0000)]
  0x000002598c4f7000 JavaThread "Thread-3" daemon [_thread_in_native, id=15932, stack(0x0000005e8cca0000,0x0000005e8cda0000)]
  0x000002598c50d800 JavaThread "JavaFX-Launcher" [_thread_blocked, id=9768, stack(0x0000005e8cda0000,0x0000005e8cea0000)]
=>0x000002598c19c800 JavaThread "JavaFX Application Thread" [_thread_in_vm, id=14456, stack(0x0000005e8ca00000,0x0000005e8cb00000)]
  0x000002598c195000 JavaThread "Thread-1" daemon [_thread_blocked, id=15596, stack(0x0000005e8c900000,0x0000005e8ca00000)]
  0x000002598c023000 JavaThread "QuantumRenderer-0" daemon [_thread_blocked, id=8968, stack(0x0000005e8c700000,0x0000005e8c800000)]
  0x000002598bc4f000 JavaThread "Service Thread" daemon [_thread_blocked, id=10996, stack(0x0000005e8c500000,0x0000005e8c600000)]
  0x000002598bc29000 JavaThread "C1 CompilerThread3" daemon [_thread_blocked, id=7268, stack(0x0000005e8c400000,0x0000005e8c500000)]
  0x000002598bc19000 JavaThread "C2 CompilerThread2" daemon [_thread_blocked, id=14100, stack(0x0000005e8c300000,0x0000005e8c400000)]
  0x000002598bc16800 JavaThread "C2 CompilerThread1" daemon [_thread_blocked, id=5860, stack(0x0000005e8c200000,0x0000005e8c300000)]
  0x000002598bc15800 JavaThread "C2 CompilerThread0" daemon [_thread_blocked, id=7728, stack(0x0000005e8c100000,0x0000005e8c200000)]
  0x000002598bc11000 JavaThread "Monitor Ctrl-Break" daemon [_thread_in_native, id=11492, stack(0x0000005e8c000000,0x0000005e8c100000)]
  0x00000259896dd000 JavaThread "Attach Listener" daemon [_thread_blocked, id=5696, stack(0x0000005e8bf00000,0x0000005e8c000000)]
  0x00000259896dc000 JavaThread "Signal Dispatcher" daemon [_thread_blocked, id=12352, stack(0x0000005e8be00000,0x0000005e8bf00000)]
  0x00000259896a8000 JavaThread "Finalizer" daemon [_thread_blocked, id=14384, stack(0x0000005e8bd00000,0x0000005e8be00000)]
  0x00000259896a1000 JavaThread "Reference Handler" daemon [_thread_blocked, id=5396, stack(0x0000005e8bc00000,0x0000005e8bd00000)]
  0x00000259ee74c000 JavaThread "main" [_thread_blocked, id=11724, stack(0x0000005e8b000000,0x0000005e8b100000)]

Other Threads:
  0x0000025989679800 VMThread [stack: 0x0000005e8bb00000,0x0000005e8bc00000] [id=3996]
  0x000002598bcc7000 WatcherThread [stack: 0x0000005e8c600000,0x0000005e8c700000] [id=8692]

VM state:not at safepoint (normal execution)

VM Mutex/Monitor currently owned by a thread: None

heap address: 0x00000006c0c00000, size: 4084 MB, Compressed Oops mode: Zero based, Oop shift amount: 3
Narrow klass base: 0x0000000000000000, Narrow klass shift: 3
Compressed class space size: 1073741824 Address: 0x00000007c0000000

Heap:
 PSYoungGen      total 76288K, used 32723K [0x000000076af00000, 0x0000000774400000, 0x00000007c0000000)
  eden space 65536K, 49% used [0x000000076af00000,0x000000076cef4e40,0x000000076ef00000)
  from space 10752K, 0% used [0x000000076f980000,0x000000076f980000,0x0000000770400000)
  to   space 10752K, 0% used [0x000000076ef00000,0x000000076ef00000,0x000000076f980000)
 ParOldGen       total 117248K, used 13361K [0x00000006c0c00000, 0x00000006c7e80000, 0x000000076af00000)
  object space 117248K, 11% used [0x00000006c0c00000,0x00000006c190c668,0x00000006c7e80000)
 Metaspace       used 25441K, capacity 26884K, committed 27136K, reserved 1073152K
  class space    used 3509K, capacity 3783K, committed 3840K, reserved 1048576K

Card table byte_map: [0x00000259ff5b0000,0x00000259ffdb0000] byte_map_base: 0x00000259fbfaa000

Marking Bits: (ParMarkBitMap*) 0x0000000071ea7820
 Begin Bits: [0x0000025980560000, 0x0000025984530000)
 End Bits:   [0x0000025984530000, 0x0000025988500000)

Polling page: 0x00000259eea10000

CodeCache: size=245760Kb used=8777Kb max_used=8798Kb free=236982Kb
 bounds [0x00000259f01f0000, 0x00000259f0a90000, 0x00000259ff1f0000]
 total_blobs=3416 nmethods=2662 adapters=667
 compilation: enabled

Compilation events (10 events):
Event: 2.245 Thread 0x000002598bc29000 2658       3       jdk.internal.org.objectweb.asm.ClassWriter::visit (121 bytes)
Event: 2.246 Thread 0x000002598bc29000 nmethod 2658 0x00000259f0a7fcd0 code [0x00000259f0a7fea0, 0x00000259f0a805a0]
Event: 2.246 Thread 0x000002598bc29000 2659       1       java.util.logging.LogManager::access$500 (5 bytes)
Event: 2.246 Thread 0x000002598bc29000 nmethod 2659 0x00000259f0a6e8d0 code [0x00000259f0a6ea20, 0x00000259f0a6eb18]
Event: 2.247 Thread 0x000002598bc29000 2660   !   3       sun.reflect.GeneratedMethodAccessor1::invoke (65 bytes)
Event: 2.247 Thread 0x000002598bc29000 nmethod 2660 0x00000259f0a80a10 code [0x00000259f0a80c00, 0x00000259f0a81380]
Event: 2.247 Thread 0x000002598bc29000 2661       3       java.lang.reflect.Method::getParameterTypes (11 bytes)
Event: 2.247 Thread 0x000002598bc29000 nmethod 2661 0x00000259f0a81850 code [0x00000259f0a819c0, 0x00000259f0a81cd0]
Event: 2.249 Thread 0x000002598bc29000 2662       3       java.util.logging.LogManager::getProperty (9 bytes)
Event: 2.249 Thread 0x000002598bc29000 nmethod 2662 0x00000259f0a81d90 code [0x00000259f0a81f00, 0x00000259f0a82130]

GC Heap History (6 events):
Event: 0.667 GC heap before
{Heap before GC invocations=1 (full 0):
 PSYoungGen      total 76288K, used 63203K [0x000000076af00000, 0x0000000770400000, 0x00000007c0000000)
  eden space 65536K, 96% used [0x000000076af00000,0x000000076ecb8f80,0x000000076ef00000)
  from space 10752K, 0% used [0x000000076f980000,0x000000076f980000,0x0000000770400000)
  to   space 10752K, 0% used [0x000000076ef00000,0x000000076ef00000,0x000000076f980000)
 ParOldGen       total 175104K, used 0K [0x00000006c0c00000, 0x00000006cb700000, 0x000000076af00000)
  object space 175104K, 0% used [0x00000006c0c00000,0x00000006c0c00000,0x00000006cb700000)
 Metaspace       used 16967K, capacity 17688K, committed 17920K, reserved 1064960K
  class space    used 2363K, capacity 2533K, committed 2560K, reserved 1048576K
Event: 0.673 GC heap after
Heap after GC invocations=1 (full 0):
 PSYoungGen      total 76288K, used 10729K [0x000000076af00000, 0x0000000770400000, 0x00000007c0000000)
  eden space 65536K, 0% used [0x000000076af00000,0x000000076af00000,0x000000076ef00000)
  from space 10752K, 99% used [0x000000076ef00000,0x000000076f97a428,0x000000076f980000)
  to   space 10752K, 0% used [0x000000076f980000,0x000000076f980000,0x0000000770400000)
 ParOldGen       total 175104K, used 5072K [0x00000006c0c00000, 0x00000006cb700000, 0x000000076af00000)
  object space 175104K, 2% used [0x00000006c0c00000,0x00000006c10f4298,0x00000006cb700000)
 Metaspace       used 16967K, capacity 17688K, committed 17920K, reserved 1064960K
  class space    used 2363K, capacity 2533K, committed 2560K, reserved 1048576K
}
Event: 0.815 GC heap before
{Heap before GC invocations=2 (full 0):
 PSYoungGen      total 76288K, used 32173K [0x000000076af00000, 0x0000000770400000, 0x00000007c0000000)
  eden space 65536K, 32% used [0x000000076af00000,0x000000076c3f1230,0x000000076ef00000)
  from space 10752K, 99% used [0x000000076ef00000,0x000000076f97a428,0x000000076f980000)
  to   space 10752K, 0% used [0x000000076f980000,0x000000076f980000,0x0000000770400000)
 ParOldGen       total 175104K, used 5072K [0x00000006c0c00000, 0x00000006cb700000, 0x000000076af00000)
  object space 175104K, 2% used [0x00000006c0c00000,0x00000006c10f4298,0x00000006cb700000)
 Metaspace       used 20445K, capacity 21202K, committed 21296K, reserved 1067008K
  class space    used 2744K, capacity 2912K, committed 2944K, reserved 1048576K
Event: 0.818 GC heap after
Heap after GC invocations=2 (full 0):
 PSYoungGen      total 76288K, used 10720K [0x000000076af00000, 0x0000000774400000, 0x00000007c0000000)
  eden space 65536K, 0% used [0x000000076af00000,0x000000076af00000,0x000000076ef00000)
  from space 10752K, 99% used [0x000000076f980000,0x00000007703f8350,0x0000000770400000)
  to   space 10752K, 0% used [0x000000076ef00000,0x000000076ef00000,0x000000076f980000)
 ParOldGen       total 175104K, used 7786K [0x00000006c0c00000, 0x00000006cb700000, 0x000000076af00000)
  object space 175104K, 4% used [0x00000006c0c00000,0x00000006c139a870,0x00000006cb700000)
 Metaspace       used 20445K, capacity 21202K, committed 21296K, reserved 1067008K
  class space    used 2744K, capacity 2912K, committed 2944K, reserved 1048576K
}
Event: 0.818 GC heap before
{Heap before GC invocations=3 (full 1):
 PSYoungGen      total 76288K, used 10720K [0x000000076af00000, 0x0000000774400000, 0x00000007c0000000)
  eden space 65536K, 0% used [0x000000076af00000,0x000000076af00000,0x000000076ef00000)
  from space 10752K, 99% used [0x000000076f980000,0x00000007703f8350,0x0000000770400000)
  to   space 10752K, 0% used [0x000000076ef00000,0x000000076ef00000,0x000000076f980000)
 ParOldGen       total 175104K, used 7786K [0x00000006c0c00000, 0x00000006cb700000, 0x000000076af00000)
  object space 175104K, 4% used [0x00000006c0c00000,0x00000006c139a870,0x00000006cb700000)
 Metaspace       used 20445K, capacity 21202K, committed 21296K, reserved 1067008K
  class space    used 2744K, capacity 2912K, committed 2944K, reserved 1048576K
Event: 0.830 GC heap after
Heap after GC invocations=3 (full 1):
 PSYoungGen      total 76288K, used 0K [0x000000076af00000, 0x0000000774400000, 0x00000007c0000000)
  eden space 65536K, 0% used [0x000000076af00000,0x000000076af00000,0x000000076ef00000)
  from space 10752K, 0% used [0x000000076f980000,0x000000076f980000,0x0000000770400000)
  to   space 10752K, 0% used [0x000000076ef00000,0x000000076ef00000,0x000000076f980000)
 ParOldGen       total 117248K, used 13361K [0x00000006c0c00000, 0x00000006c7e80000, 0x000000076af00000)
  object space 117248K, 11% used [0x00000006c0c00000,0x00000006c190c668,0x00000006c7e80000)
 Metaspace       used 20445K, capacity 21202K, committed 21296K, reserved 1067008K
  class space    used 2744K, capacity 2912K, committed 2944K, reserved 1048576K
}

Deoptimization events (10 events):
Event: 1.753 Thread 0x000002598c19c800 Uncommon trap: reason=class_check action=maybe_recompile pc=0x00000259f090f148 method=javafx.scene.Node.updateLocalToParentTransform()V @ 11
Event: 1.753 Thread 0x000002598c19c800 Uncommon trap: reason=class_check action=maybe_recompile pc=0x00000259f090f148 method=javafx.scene.Node.updateLocalToParentTransform()V @ 11
Event: 1.755 Thread 0x000002598c19c800 Uncommon trap: reason=unstable_if action=reinterpret pc=0x00000259f0509368 method=jdk.internal.org.objectweb.asm.Type.getArgumentsAndReturnSizes(Ljava/lang/String;)I @ 47
Event: 1.758 Thread 0x000002598c19c800 Uncommon trap: reason=array_check action=maybe_recompile pc=0x00000259f09d0f58 method=com.sun.javafx.css.CompoundSelector.applies(Ljavafx/css/Styleable;[Ljava/util/Set;I)Z @ 128
Event: 1.758 Thread 0x000002598c19c800 Uncommon trap: reason=array_check action=maybe_recompile pc=0x00000259f09d0f58 method=com.sun.javafx.css.CompoundSelector.applies(Ljavafx/css/Styleable;[Ljava/util/Set;I)Z @ 128
Event: 1.758 Thread 0x000002598c19c800 Uncommon trap: reason=array_check action=maybe_recompile pc=0x00000259f09d0f58 method=com.sun.javafx.css.CompoundSelector.applies(Ljavafx/css/Styleable;[Ljava/util/Set;I)Z @ 128
Event: 1.758 Thread 0x000002598c19c800 Uncommon trap: reason=array_check action=maybe_recompile pc=0x00000259f09d0f58 method=com.sun.javafx.css.CompoundSelector.applies(Ljavafx/css/Styleable;[Ljava/util/Set;I)Z @ 128
Event: 2.186 Thread 0x000002598c19c800 Uncommon trap: reason=unstable_if action=reinterpret pc=0x00000259f07054c0 method=java.util.regex.ASCII.isType(II)Z @ 6
Event: 2.251 Thread 0x000002598c19c800 Uncommon trap: reason=unstable_if action=reinterpret pc=0x00000259f093e424 method=java.lang.ThreadLocal$ThreadLocalMap.getEntry(Ljava/lang/ThreadLocal;)Ljava/lang/ThreadLocal$ThreadLocalMap$Entry; @ 21
Event: 2.251 Thread 0x000002598c19c800 Uncommon trap: reason=unstable_if action=reinterpret pc=0x00000259f093e844 method=java.lang.ThreadLocal$ThreadLocalMap.getEntry(Ljava/lang/ThreadLocal;)Ljava/lang/ThreadLocal$ThreadLocalMap$Entry; @ 21

Classes redefined (0 events):
No events

Internal exceptions (10 events):
Event: 2.240 Thread 0x000002598c19c800 Exception <a 'java/io/FileNotFoundException'> (0x000000076ccf3568) thrown at [C:\wsjdk\Corretto8Src\installers\windows\zip\corretto-build\buildRoot\hotspot\src\share\vm\prims\jni.cpp, line 711]
Event: 2.241 Thread 0x000002598c19c800 Exception <a 'java/io/FileNotFoundException'> (0x000000076ccf5618) thrown at [C:\wsjdk\Corretto8Src\installers\windows\zip\corretto-build\buildRoot\hotspot\src\share\vm\prims\jni.cpp, line 711]
Event: 2.241 Thread 0x000002598c19c800 Exception <a 'java/io/FileNotFoundException'> (0x000000076ccf73c8) thrown at [C:\wsjdk\Corretto8Src\installers\windows\zip\corretto-build\buildRoot\hotspot\src\share\vm\prims\jni.cpp, line 711]
Event: 2.251 Thread 0x000002598c19c800 Implicit null exception at 0x00000259f093e37c to 0x00000259f093e409
Event: 2.251 Thread 0x000002598c19c800 Implicit null exception at 0x00000259f093e7b4 to 0x00000259f093e829
Event: 2.251 Thread 0x000002598c19c800 Exception <a 'sun/nio/fs/WindowsException'> (0x000000076cdff2d8) thrown at [C:\wsjdk\Corretto8Src\installers\windows\zip\corretto-build\buildRoot\hotspot\src\share\vm\prims\jni.cpp, line 711]
Event: 2.253 Thread 0x000002598c19c800 Exception <a 'sun/nio/fs/WindowsException'> (0x000000076ce069d0) thrown at [C:\wsjdk\Corretto8Src\installers\windows\zip\corretto-build\buildRoot\hotspot\src\share\vm\prims\jni.cpp, line 711]
Event: 2.256 Thread 0x000002598c19c800 Exception <a 'java/lang/NoSuchMethodError': fwkLoad> (0x000000076ce1e7b8) thrown at [C:\wsjdk\Corretto8Src\installers\windows\zip\corretto-build\buildRoot\hotspot\src\share\vm\prims\jni.cpp, line 1584]
Event: 2.256 Thread 0x000002598c19c800 Exception <a 'java/lang/NoClassDefFoundError': com/sun/webkit/network/URLLoaderBase> (0x000000076ce31bd0) thrown at [C:\wsjdk\Corretto8Src\installers\windows\zip\corretto-build\buildRoot\hotspot\src\share\vm\classfile\systemDictionary.cpp, line 206]
Event: 2.256 Thread 0x000002598c19c800 Exception <a 'java/lang/NoSuchMethodError': fwkCancel> (0x000000076ce321e8) thrown at [C:\wsjdk\Corretto8Src\installers\windows\zip\corretto-build\buildRoot\hotspot\src\share\vm\prims\jni.cpp, line 1584]

Events (10 events):
Event: 2.255 loading class javafx/scene/web/DirectoryLock$Descriptor
Event: 2.255 loading class javafx/scene/web/DirectoryLock$Descriptor done
Event: 2.256 loading class com/sun/webkit/network/URLLoaderBase
Event: 2.256 loading class com/sun/webkit/network/URLLoaderBase done
Event: 2.256 loading class com/sun/webkit/network/FormDataElement
Event: 2.256 loading class com/sun/webkit/network/FormDataElement done
Event: 2.256 loading class com/sun/webkit/network/FormDataElement$ByteArrayElement
Event: 2.256 loading class com/sun/webkit/network/FormDataElement$ByteArrayElement done
Event: 2.256 loading class com/sun/webkit/network/FormDataElement$FileElement
Event: 2.256 loading class com/sun/webkit/network/FormDataElement$FileElement done


Dynamic libraries:
0x00007ff7bf4b0000 - 0x00007ff7bf4ea000 	C:\Users\David\.jdks\corretto-1.8.0_352\bin\java.exe
0x00007ffbee150000 - 0x00007ffbee348000 	C:\Windows\SYSTEM32\ntdll.dll
0x00007ffbec740000 - 0x00007ffbec7ff000 	C:\Windows\System32\KERNEL32.DLL
0x00007ffbeb8f0000 - 0x00007ffbebbc2000 	C:\Windows\System32\KERNELBASE.dll
0x00007ffbed570000 - 0x00007ffbed61e000 	C:\Windows\System32\ADVAPI32.dll
0x00007ffbedf80000 - 0x00007ffbee01e000 	C:\Windows\System32\msvcrt.dll
0x00007ffbec1b0000 - 0x00007ffbec24c000 	C:\Windows\System32\sechost.dll
0x00007ffbed6d0000 - 0x00007ffbed7f5000 	C:\Windows\System32\RPCRT4.dll
0x00007ffbedde0000 - 0x00007ffbedf7d000 	C:\Windows\System32\USER32.dll
0x00007ffbeb850000 - 0x00007ffbeb872000 	C:\Windows\System32\win32u.dll
0x00007ffbed940000 - 0x00007ffbed96b000 	C:\Windows\System32\GDI32.dll
0x00007ffbebe70000 - 0x00007ffbebf7f000 	C:\Windows\System32\gdi32full.dll
0x00007ffbebf80000 - 0x00007ffbec01d000 	C:\Windows\System32\msvcp_win.dll
0x00007ffbec050000 - 0x00007ffbec150000 	C:\Windows\System32\ucrtbase.dll
0x00007ffbd5d60000 - 0x00007ffbd5ffa000 	C:\Windows\WinSxS\amd64_microsoft.windows.common-controls_6595b64144ccf1df_6.0.19041.1110_none_60b5254171f9507e\COMCTL32.dll
0x00007ffbee0d0000 - 0x00007ffbee102000 	C:\Windows\System32\IMM32.DLL
0x00007ffbdc420000 - 0x00007ffbdc50f000 	C:\Users\David\.jdks\corretto-1.8.0_352\jre\bin\msvcr120.dll
0x00007ffbdc300000 - 0x00007ffbdc3a6000 	C:\Users\David\.jdks\corretto-1.8.0_352\jre\bin\msvcp120.dll
0x00000000716b0000 - 0x0000000071f26000 	C:\Users\David\.jdks\corretto-1.8.0_352\jre\bin\server\jvm.dll
0x00007ffbec1a0000 - 0x00007ffbec1a8000 	C:\Windows\System32\PSAPI.DLL
0x00007ffbe3860000 - 0x00007ffbe386a000 	C:\Windows\SYSTEM32\VERSION.dll
0x00007ffbcfff0000 - 0x00007ffbcfff9000 	C:\Windows\SYSTEM32\WSOCK32.dll
0x00007ffbdd580000 - 0x00007ffbdd5a7000 	C:\Windows\SYSTEM32\WINMM.dll
0x00007ffbed8d0000 - 0x00007ffbed93b000 	C:\Windows\System32\WS2_32.dll
0x00007ffbe9080000 - 0x00007ffbe908f000 	C:\Users\David\.jdks\corretto-1.8.0_352\jre\bin\verify.dll
0x00007ffbe6350000 - 0x00007ffbe6379000 	C:\Users\David\.jdks\corretto-1.8.0_352\jre\bin\java.dll
0x00007ffbe1600000 - 0x00007ffbe162a000 	C:\Users\David\.jdks\corretto-1.8.0_352\jre\bin\instrument.dll
0x00007ffbe72c0000 - 0x00007ffbe72d6000 	C:\Users\David\.jdks\corretto-1.8.0_352\jre\bin\zip.dll
0x00007ffbec9e0000 - 0x00007ffbed123000 	C:\Windows\System32\SHELL32.dll
0x00007ffbe9930000 - 0x00007ffbea0c2000 	C:\Windows\SYSTEM32\windows.storage.dll
0x00007ffbec250000 - 0x00007ffbec5a4000 	C:\Windows\System32\combase.dll
0x00007ffbeb240000 - 0x00007ffbeb270000 	C:\Windows\SYSTEM32\Wldp.dll
0x00007ffbed620000 - 0x00007ffbed6cd000 	C:\Windows\System32\SHCORE.dll
0x00007ffbed490000 - 0x00007ffbed4e5000 	C:\Windows\System32\shlwapi.dll
0x00007ffbeb790000 - 0x00007ffbeb7af000 	C:\Windows\SYSTEM32\profapi.dll
0x00007ffbe6270000 - 0x00007ffbe628a000 	C:\Program Files\JetBrains\IntelliJ IDEA Community Edition 2022.2.3\bin\breakgen64.dll
0x00007ffbe5430000 - 0x00007ffbe544a000 	C:\Users\David\.jdks\corretto-1.8.0_352\jre\bin\net.dll
0x00007ffbeaf30000 - 0x00007ffbeaf9a000 	C:\Windows\system32\mswsock.dll
0x000002598c780000 - 0x000002598c783000 	C:\Users\David\.jdks\corretto-1.8.0_352\jre\bin\api-ms-win-core-console-l1-1-0.dll
0x000002598c790000 - 0x000002598c793000 	C:\Users\David\.jdks\corretto-1.8.0_352\jre\bin\api-ms-win-core-datetime-l1-1-0.dll
0x000002598c7a0000 - 0x000002598c7a3000 	C:\Users\David\.jdks\corretto-1.8.0_352\jre\bin\api-ms-win-core-debug-l1-1-0.dll
0x000002598c7b0000 - 0x000002598c7b3000 	C:\Users\David\.jdks\corretto-1.8.0_352\jre\bin\api-ms-win-core-errorhandling-l1-1-0.dll
0x000002598c7c0000 - 0x000002598c7c4000 	C:\Users\David\.jdks\corretto-1.8.0_352\jre\bin\api-ms-win-core-file-l1-1-0.dll
0x000002598c7d0000 - 0x000002598c7d3000 	C:\Users\David\.jdks\corretto-1.8.0_352\jre\bin\api-ms-win-core-file-l1-2-0.dll
0x000002598c7e0000 - 0x000002598c7e3000 	C:\Users\David\.jdks\corretto-1.8.0_352\jre\bin\api-ms-win-core-file-l2-1-0.dll
0x000002598c7f0000 - 0x000002598c7f3000 	C:\Users\David\.jdks\corretto-1.8.0_352\jre\bin\api-ms-win-core-handle-l1-1-0.dll
0x000002598c800000 - 0x000002598c803000 	C:\Users\David\.jdks\corretto-1.8.0_352\jre\bin\api-ms-win-core-heap-l1-1-0.dll
0x000002598c810000 - 0x000002598c813000 	C:\Users\David\.jdks\corretto-1.8.0_352\jre\bin\api-ms-win-core-interlocked-l1-1-0.dll
0x000002598c820000 - 0x000002598c823000 	C:\Users\David\.jdks\corretto-1.8.0_352\jre\bin\api-ms-win-core-libraryloader-l1-1-0.dll
0x000002598c830000 - 0x000002598c833000 	C:\Users\David\.jdks\corretto-1.8.0_352\jre\bin\api-ms-win-core-localization-l1-2-0.dll
0x000002598c840000 - 0x000002598c843000 	C:\Users\David\.jdks\corretto-1.8.0_352\jre\bin\api-ms-win-core-memory-l1-1-0.dll
0x000002598c850000 - 0x000002598c853000 	C:\Users\David\.jdks\corretto-1.8.0_352\jre\bin\api-ms-win-core-namedpipe-l1-1-0.dll
0x000002598c860000 - 0x000002598c863000 	C:\Users\David\.jdks\corretto-1.8.0_352\jre\bin\api-ms-win-core-processenvironment-l1-1-0.dll
0x000002598c870000 - 0x000002598c873000 	C:\Users\David\.jdks\corretto-1.8.0_352\jre\bin\api-ms-win-core-processthreads-l1-1-0.dll
0x000002598c880000 - 0x000002598c883000 	C:\Users\David\.jdks\corretto-1.8.0_352\jre\bin\api-ms-win-core-processthreads-l1-1-1.dll
0x000002598c890000 - 0x000002598c893000 	C:\Users\David\.jdks\corretto-1.8.0_352\jre\bin\api-ms-win-core-profile-l1-1-0.dll
0x000002598c8a0000 - 0x000002598c8a3000 	C:\Users\David\.jdks\corretto-1.8.0_352\jre\bin\api-ms-win-core-rtlsupport-l1-1-0.dll
0x000002598c8b0000 - 0x000002598c8b3000 	C:\Users\David\.jdks\corretto-1.8.0_352\jre\bin\api-ms-win-core-string-l1-1-0.dll
0x000002598c8c0000 - 0x000002598c8c3000 	C:\Users\David\.jdks\corretto-1.8.0_352\jre\bin\api-ms-win-core-synch-l1-1-0.dll
0x000002598c8d0000 - 0x000002598c8d3000 	C:\Users\David\.jdks\corretto-1.8.0_352\jre\bin\api-ms-win-core-synch-l1-2-0.dll
0x000002598c8e0000 - 0x000002598c8e3000 	C:\Users\David\.jdks\corretto-1.8.0_352\jre\bin\api-ms-win-core-sysinfo-l1-1-0.dll
0x000002598c8f0000 - 0x000002598c8f3000 	C:\Users\David\.jdks\corretto-1.8.0_352\jre\bin\api-ms-win-core-timezone-l1-1-0.dll
0x000002598c900000 - 0x000002598c903000 	C:\Users\David\.jdks\corretto-1.8.0_352\jre\bin\api-ms-win-core-util-l1-1-0.dll
0x000002598c910000 - 0x000002598c913000 	C:\Users\David\.jdks\corretto-1.8.0_352\jre\bin\api-ms-win-crt-conio-l1-1-0.dll
0x000002598c920000 - 0x000002598c924000 	C:\Users\David\.jdks\corretto-1.8.0_352\jre\bin\api-ms-win-crt-convert-l1-1-0.dll
0x000002598c930000 - 0x000002598c933000 	C:\Users\David\.jdks\corretto-1.8.0_352\jre\bin\api-ms-win-crt-environment-l1-1-0.dll
0x000002598c940000 - 0x000002598c943000 	C:\Users\David\.jdks\corretto-1.8.0_352\jre\bin\api-ms-win-crt-filesystem-l1-1-0.dll
0x000002598c950000 - 0x000002598c953000 	C:\Users\David\.jdks\corretto-1.8.0_352\jre\bin\api-ms-win-crt-heap-l1-1-0.dll
0x000002598c960000 - 0x000002598c963000 	C:\Users\David\.jdks\corretto-1.8.0_352\jre\bin\api-ms-win-crt-locale-l1-1-0.dll
0x000002598c970000 - 0x000002598c975000 	C:\Users\David\.jdks\corretto-1.8.0_352\jre\bin\api-ms-win-crt-math-l1-1-0.dll
0x000002598c980000 - 0x000002598c985000 	C:\Users\David\.jdks\corretto-1.8.0_352\jre\bin\api-ms-win-crt-multibyte-l1-1-0.dll
0x000002598c990000 - 0x000002598c9a0000 	C:\Users\David\.jdks\corretto-1.8.0_352\jre\bin\api-ms-win-crt-private-l1-1-0.dll
0x000002598c9a0000 - 0x000002598c9a3000 	C:\Users\David\.jdks\corretto-1.8.0_352\jre\bin\api-ms-win-crt-process-l1-1-0.dll
0x000002598c9b0000 - 0x000002598c9b4000 	C:\Users\David\.jdks\corretto-1.8.0_352\jre\bin\api-ms-win-crt-runtime-l1-1-0.dll
0x000002598c9c0000 - 0x000002598c9c4000 	C:\Users\David\.jdks\corretto-1.8.0_352\jre\bin\api-ms-win-crt-stdio-l1-1-0.dll
0x000002598c9d0000 - 0x000002598c9d4000 	C:\Users\David\.jdks\corretto-1.8.0_352\jre\bin\api-ms-win-crt-string-l1-1-0.dll
0x000002598c9e0000 - 0x000002598c9e3000 	C:\Users\David\.jdks\corretto-1.8.0_352\jre\bin\api-ms-win-crt-time-l1-1-0.dll
0x000002598c9f0000 - 0x000002598c9f3000 	C:\Users\David\.jdks\corretto-1.8.0_352\jre\bin\api-ms-win-crt-utility-l1-1-0.dll
0x00007ffbc1700000 - 0x00007ffbc17fc000 	C:\Users\David\.jdks\corretto-1.8.0_352\jre\bin\ucrtbase.dll
0x00007ffbe1040000 - 0x00007ffbe1055000 	C:\Users\David\.jdks\corretto-1.8.0_352\jre\bin\vcruntime140.dll
0x00007ffba5ac0000 - 0x00007ffba5b5b000 	C:\Users\David\.jdks\corretto-1.8.0_352\jre\bin\msvcp140.dll
0x00007ffbd81e0000 - 0x00007ffbd8231000 	C:\Users\David\.jdks\corretto-1.8.0_352\jre\bin\concrt140.dll
0x00007ffbdc2d0000 - 0x00007ffbdc2f3000 	C:\Users\David\.jdks\corretto-1.8.0_352\jre\bin\prism_d3d.dll
0x00007ffbdbf10000 - 0x00007ffbdc0df000 	C:\Windows\system32\d3d9.dll
0x00007ffbe9730000 - 0x00007ffbe9742000 	C:\Windows\SYSTEM32\kernel.appcore.dll
0x00007ffbe9550000 - 0x00007ffbe957f000 	C:\Windows\SYSTEM32\dwmapi.dll
0x00007ffbe9260000 - 0x00007ffbe92fe000 	C:\Windows\system32\uxtheme.dll
0x00007ffbe0ef0000 - 0x00007ffbe0fae000 	C:\Windows\System32\DriverStore\FileRepository\nv_dispi.inf_amd64_bd530e4cbd42e0a3\nvldumdx.dll
0x00007ffbeb440000 - 0x00007ffbeb452000 	C:\Windows\SYSTEM32\msasn1.dll
0x00007ffbe3650000 - 0x00007ffbe3681000 	C:\Windows\SYSTEM32\cryptnet.dll
0x00007ffbebc60000 - 0x00007ffbebdb6000 	C:\Windows\System32\CRYPT32.dll
0x00007ffbe31b0000 - 0x00007ffbe32f8000 	C:\Windows\SYSTEM32\drvstore.dll
0x00007ffbeb600000 - 0x00007ffbeb62c000 	C:\Windows\SYSTEM32\devobj.dll
0x00007ffbec150000 - 0x00007ffbec19e000 	C:\Windows\System32\cfgmgr32.dll
0x00007ffbeb140000 - 0x00007ffbeb14c000 	C:\Windows\SYSTEM32\cryptbase.dll
0x00007ffbeb880000 - 0x00007ffbeb8ea000 	C:\Windows\System32\WINTRUST.DLL
0x00007ffbed130000 - 0x00007ffbed14d000 	C:\Windows\System32\imagehlp.dll
0x00007ffbeb120000 - 0x00007ffbeb138000 	C:\Windows\SYSTEM32\CRYPTSP.dll
0x00007ffbea850000 - 0x00007ffbea884000 	C:\Windows\system32\rsaenh.dll
0x00007ffbec020000 - 0x00007ffbec047000 	C:\Windows\System32\bcrypt.dll
0x00007ffbebbd0000 - 0x00007ffbebc52000 	C:\Windows\System32\bcryptPrimitives.dll
0x00007ffb89200000 - 0x00007ffb8b809000 	C:\Windows\System32\DriverStore\FileRepository\nv_dispi.inf_amd64_bd530e4cbd42e0a3\nvd3dumx.dll
0x00007ffbcdc40000 - 0x00007ffbcdc85000 	C:\Users\David\.jdks\corretto-1.8.0_352\jre\bin\glass.dll
0x00007ffbec810000 - 0x00007ffbec8ea000 	C:\Windows\System32\COMDLG32.dll
0x00007ffbec610000 - 0x00007ffbec73a000 	C:\Windows\System32\ole32.dll
0x00007ffbed800000 - 0x00007ffbed8cd000 	C:\Windows\System32\OLEAUT32.dll
0x00007ffbed360000 - 0x00007ffbed475000 	C:\Windows\System32\MSCTF.dll
0x00007ffba2a00000 - 0x00007ffba2ccf000 	C:\Windows\system32\nvspcap64.dll
0x00007ffbea970000 - 0x00007ffbea9a3000 	C:\Windows\SYSTEM32\ntmarta.dll
0x00007ffbea0e0000 - 0x00007ffbea103000 	C:\Windows\SYSTEM32\gpapi.dll
0x00007ffbe2220000 - 0x00007ffbe225b000 	C:\Windows\SYSTEM32\dxcore.dll
0x00007ffbdc0e0000 - 0x00007ffbdc0f4000 	C:\Users\David\.jdks\corretto-1.8.0_352\jre\bin\javafx_font.dll
0x00007ffbcb910000 - 0x00007ffbcbb8f000 	C:\Windows\SYSTEM32\dwrite.dll
0x00007ffbee020000 - 0x00007ffbee0cf000 	C:\Windows\System32\clbcatq.dll
0x00007ffbe45f0000 - 0x00007ffbe47a4000 	C:\Windows\SYSTEM32\WindowsCodecs.dll
0x00007ffbd4650000 - 0x00007ffbd468e000 	C:\Windows\system32\dataexchange.dll
0x00007ffbe84d0000 - 0x00007ffbe86b3000 	C:\Windows\system32\dcomp.dll
0x00007ffbe7560000 - 0x00007ffbe77c3000 	C:\Windows\system32\d3d11.dll
0x00007ffbea110000 - 0x00007ffbea203000 	C:\Windows\system32\dxgi.dll
0x00007ffbe49f0000 - 0x00007ffbe4bf0000 	C:\Windows\system32\twinapi.appcore.dll
0x00007ffbc10e0000 - 0x00007ffbc1114000 	C:\Program Files\Common Files\Microsoft Shared\Ink\rtscom.dll
0x00007ffbe6380000 - 0x00007ffbe6479000 	C:\Windows\SYSTEM32\textinputframework.dll
0x00007ffbe8f40000 - 0x00007ffbe9032000 	C:\Windows\System32\CoreMessaging.dll
0x00007ffbe8a90000 - 0x00007ffbe8dee000 	C:\Windows\System32\CoreUIComponents.dll
0x00007ffbe8370000 - 0x00007ffbe84c4000 	C:\Windows\SYSTEM32\wintypes.dll
0x00007ffbeac60000 - 0x00007ffbead2a000 	C:\Windows\SYSTEM32\DNSAPI.dll
0x00007ffbeac20000 - 0x00007ffbeac5b000 	C:\Windows\SYSTEM32\IPHLPAPI.DLL
0x00007ffbed480000 - 0x00007ffbed488000 	C:\Windows\System32\NSI.dll

VM Arguments:
jvm_args: -javaagent:C:\Program Files\JetBrains\IntelliJ IDEA Community Edition 2022.2.3\lib\idea_rt.jar=54281:C:\Program Files\JetBrains\IntelliJ IDEA Community Edition 2022.2.3\bin -Dfile.encoding=UTF-8 
java_command: ch.makery.address.Main
java_class_path (initial): C:\Users\David\.jdks\corretto-1.8.0_352\jre\lib\charsets.jar;C:\Users\David\.jdks\corretto-1.8.0_352\jre\lib\ext\access-bridge-64.jar;C:\Users\David\.jdks\corretto-1.8.0_352\jre\lib\ext\cldrdata.jar;C:\Users\David\.jdks\corretto-1.8.0_352\jre\lib\ext\dnsns.jar;C:\Users\David\.jdks\corretto-1.8.0_352\jre\lib\ext\jaccess.jar;C:\Users\David\.jdks\corretto-1.8.0_352\jre\lib\ext\jfxrt.jar;C:\Users\David\.jdks\corretto-1.8.0_352\jre\lib\ext\localedata.jar;C:\Users\David\.jdks\corretto-1.8.0_352\jre\lib\ext\nashorn.jar;C:\Users\David\.jdks\corretto-1.8.0_352\jre\lib\ext\sunec.jar;C:\Users\David\.jdks\corretto-1.8.0_352\jre\lib\ext\sunjce_provider.jar;C:\Users\David\.jdks\corretto-1.8.0_352\jre\lib\ext\sunmscapi.jar;C:\Users\David\.jdks\corretto-1.8.0_352\jre\lib\ext\sunpkcs11.jar;C:\Users\David\.jdks\corretto-1.8.0_352\jre\lib\ext\zipfs.jar;C:\Users\David\.jdks\corretto-1.8.0_352\jre\lib\jce.jar;C:\Users\David\.jdks\corretto-1.8.0_352\jre\lib\jfr.jar;C:\Users\David\.jdks\corretto-1.8.0_352\jre\lib\jfxswt.jar;C:\Users\David\.jdks\corretto-1.8.0_352\jre\lib\jsse.jar;C:\Users\David\.jdks\corretto-1.8.0_352\jre\lib\management-agent.jar;C:\Users\David\.jdks\corretto-1.8.0_352\jre\lib\resources.jar;C:\Users\David\.jdks\corretto-1.8.0_352\jre\lib\rt.jar;C:\Users\David\Desktop\Proyecto1TPMDM\backupPenDrive\DIU\GestionHoteles\out\production\GestionHoteles;E:\Descargas\mysql-connector-j-8.0.31\mysql-connector-j-8.0.31.jar;C:\Program Files\JetBrains\IntelliJ IDEA Community Edition 2022.2.3\lib\idea_rt.jar
Launcher Type: SUN_STANDARD

Environment Variables:
PATH=C:\Program Files (x86)\Common Files\Oracle\Java\javapath;C:\Windows\system32;C:\Windows;C:\Windows\System32\Wbem;C:\Windows\System32\WindowsPowerShell\v1.0\;C:\Windows\System32\OpenSSH\;C:\Program Files (x86)\NVIDIA Corporation\PhysX\Common;C:\Program Files\NVIDIA Corporation\NVIDIA NvDLISR;C:\Users\David\AppData\Local\Microsoft\WindowsApps;C:\Users\David\AppData\Local\GitHubDesktop\bin;D:\Microsoft VS Code\bin;C:\Program Files\Java\jre1.8.0_351\bin;C:\Program Files\Java\jdk1.8.0_351\bin;
USERNAME=David
OS=Windows_NT
PROCESSOR_IDENTIFIER=AMD64 Family 25 Model 33 Stepping 2, AuthenticAMD



---------------  S Y S T E M  ---------------

OS: Windows 10 , 64 bit Build 19041 (10.0.19041.2251)

CPU:total 12 (initial active 12) (12 cores per cpu, 1 threads per core) family 25 model 33 stepping 2, cmov, cx8, fxsr, mmx, sse, sse2, sse3, ssse3, sse4.1, sse4.2, popcnt, avx, avx2, aes, clmul, erms, mmxext, 3dnowpref, lzcnt, sse4a, tsc, tscinvbit, tscinv, bmi1

Memory: 4k page, physical 16720252k(7878520k free), swap 17768828k(4418328k free)

vm_info: OpenJDK 64-Bit Server VM (25.352-b08) for windows-amd64 JRE (1.8.0_352-b08), built on Oct 14 2022 21:22:09 by "Administrator" with MS VC++ 12.0 (VS2013)

time: Thu Nov 24 21:41:29 2022
timezone: Hora estándar romance
elapsed time: 2.396556 seconds (0d 0h 0m 2s)

